#
# There is insufficient memory for the Java Runtime Environment to continue.
# Native memory allocation (malloc) failed to allocate 420478976 bytes for committing reserved memory.
# Possible reasons:
#   The system is out of physical RAM or swap space
#   In 32 bit mode, the process size limit was hit
# Possible solutions:
#   Reduce memory load on the system
#   Increase physical memory or swap space
#   Check if swap backing store is full
#   Use 64 bit Java on a 64 bit OS
#   Decrease Java heap size (-Xmx/-Xms)
#   Decrease number of Java threads
#   Decrease Java thread stack sizes (-Xss)
#   Set larger code cache with -XX:ReservedCodeCacheSize=
# This output file may be truncated or incomplete.
#
#  Out of Memory Error (os_linux.cpp:2827), pid=26834, tid=140139021965056
#
# JRE version: OpenJDK Runtime Environment (7.0_101) (build 1.7.0_101-b00)
# Java VM: OpenJDK 64-Bit Server VM (24.95-b01 mixed mode linux-amd64 compressed oops)
# Derivative: IcedTea 2.6.6
# Distribution: Ubuntu 14.04 LTS, package 7u101-2.6.6-0ubuntu0.14.04.1
# Failed to write core dump. Core dumps have been disabled. To enable core dumping, try "ulimit -c unlimited" before starting Java again
#

---------------  T H R E A D  ---------------

Current thread (0x00007f74ac07a000):  VMThread [stack: 0x00007f74a88f9000,0x00007f74a89fa000] [id=26856]

Stack: [0x00007f74a88f9000,0x00007f74a89fa000],  sp=0x00007f74a89f84e0,  free space=1021k
Native frames: (J=compiled Java code, j=interpreted, Vv=VM code, C=native code)
V  [libjvm.so+0x955705]
V  [libjvm.so+0x490c44]
V  [libjvm.so+0x7d0c9b]
V  [libjvm.so+0x7cb75f]
V  [libjvm.so+0x83ee5b]
V  [libjvm.so+0x82f0ab]
V  [libjvm.so+0x82f26b]
V  [libjvm.so+0x830198]
V  [libjvm.so+0x836a44]
V  [libjvm.so+0x83cf9d]
V  [libjvm.so+0x957075]
V  [libjvm.so+0x95b207]
V  [libjvm.so+0x959cc8]
V  [libjvm.so+0x95a129]
V  [libjvm.so+0x95a572]
V  [libjvm.so+0x7cdb62]

VM_Operation (0x00007f74903f9a60): ParallelGCSystemGC, mode: safepoint, requested by thread 0x00007f7444079800


---------------  P R O C E S S  ---------------

Java Threads: ( => current thread )
  0x00007f74ac0b6000 JavaThread "block-manager-ask-thread-pool-2" daemon [_thread_blocked, id=27035, stack(0x00007f749aff0000,0x00007f749b0f1000)]
  0x00007f741c006800 JavaThread "shuffle-client-0" daemon [_thread_blocked, id=27024, stack(0x00007f749b1f2000,0x00007f749b2f3000)]
  0x00007f7444079800 JavaThread "task-result-getter-3" daemon [_thread_blocked, id=27001, stack(0x00007f74902fb000,0x00007f74903fc000)]
  0x00007f745001a800 JavaThread "task-result-getter-2" daemon [_thread_blocked, id=26982, stack(0x00007f74903fc000,0x00007f74904fd000)]
  0x00007f7484011800 JavaThread "block-manager-slave-async-thread-pool-2" daemon [_thread_blocked, id=26975, stack(0x00007f74905fe000,0x00007f74906ff000)]
  0x00007f7484010800 JavaThread "block-manager-slave-async-thread-pool-1" daemon [_thread_blocked, id=26974, stack(0x00007f74906ff000,0x00007f7490800000)]
  0x00007f7450018800 JavaThread "block-manager-ask-thread-pool-0" daemon [_thread_blocked, id=26972, stack(0x00007f74990d5000,0x00007f74991d6000)]
  0x00007f7458008000 JavaThread "block-manager-slave-async-thread-pool-0" daemon [_thread_blocked, id=26971, stack(0x00007f74991d6000,0x00007f74992d7000)]
  0x00007f7458005800 JavaThread "task-result-getter-1" daemon [_thread_blocked, id=26969, stack(0x00007f74992d7000,0x00007f74993d8000)]
  0x00007f7444025000 JavaThread "task-result-getter-0" daemon [_thread_blocked, id=26958, stack(0x00007f74993d8000,0x00007f74994d9000)]
  0x00007f7468003800 JavaThread "shuffle-server-1" daemon [_thread_blocked, id=26956, stack(0x00007f74994d9000,0x00007f74995da000)]
  0x00007f744800a800 JavaThread "shuffle-server-2" daemon [_thread_blocked, id=26949, stack(0x00007f74995da000,0x00007f74996db000)]
  0x00007f7448009000 JavaThread "shuffle-server-1" daemon [_thread_blocked, id=26937, stack(0x00007f74996db000,0x00007f74997dc000)]
  0x00007f7460839000 JavaThread "SparkListenerBus" daemon [_thread_blocked, id=26924, stack(0x00007f74999e9000,0x00007f7499aea000)]
  0x00007f7460835800 JavaThread "context-cleaner-periodic-gc" daemon [_thread_blocked, id=26923, stack(0x00007f7499aea000,0x00007f7499beb000)]
  0x00007f7460834000 JavaThread "Spark Context Cleaner" daemon [_thread_blocked, id=26922, stack(0x00007f7499beb000,0x00007f7499cec000)]
  0x00007f746075f000 JavaThread "shuffle-server-0" daemon [_thread_blocked, id=26904, stack(0x00007f7499cec000,0x00007f7499ded000)]
  0x00007f74606e7800 JavaThread "threadDeathWatcher-2-1" daemon [_thread_blocked, id=26903, stack(0x00007f749adee000,0x00007f749aeef000)]
  0x00007f7454006000 JavaThread "shuffle-client-0" daemon [_thread_blocked, id=26902, stack(0x00007f749aeef000,0x00007f749aff0000)]
  0x00007f7450013000 JavaThread "appclient-registration-retry-thread" daemon [_thread_blocked, id=26900, stack(0x00007f749b0f1000,0x00007f749b1f2000)]
  0x00007f7458003000 JavaThread "driver-revive-thread" daemon [_thread_blocked, id=26898, stack(0x00007f749b2f3000,0x00007f749b3f4000)]
  0x00007f74606cb000 JavaThread "dag-scheduler-event-loop" daemon [_thread_blocked, id=26897, stack(0x00007f749b3f4000,0x00007f749b4f5000)]
  0x00007f7440006000 JavaThread "netty-rpc-env-timeout" daemon [_thread_blocked, id=26896, stack(0x00007f749b4f5000,0x00007f749b5f6000)]
  0x00007f74606a3000 JavaThread "Timer-0" daemon [_thread_blocked, id=26895, stack(0x00007f749b5f6000,0x00007f749b6f7000)]
  0x00007f744c001800 JavaThread "heartbeat-receiver-event-loop-thread" daemon [_thread_blocked, id=26894, stack(0x00007f749b6f7000,0x00007f749b7f8000)]
  0x00007f7460657000 JavaThread "SparkUI-46" daemon [_thread_blocked, id=26893, stack(0x00007f749b7f8000,0x00007f749b8f9000)]
  0x00007f7460655000 JavaThread "SparkUI-45" daemon [_thread_blocked, id=26892, stack(0x00007f749b8f9000,0x00007f749b9fa000)]
  0x00007f7460653000 JavaThread "SparkUI-44" daemon [_thread_blocked, id=26891, stack(0x00007f749b9fa000,0x00007f749bafb000)]
  0x00007f7460651000 JavaThread "SparkUI-43" daemon [_thread_blocked, id=26890, stack(0x00007f749bafb000,0x00007f749bbfc000)]
  0x00007f746064f000 JavaThread "SparkUI-42-acceptor-0@6a080080-ServerConnector@335909e2{HTTP/1.1}{0.0.0.0:4040}" daemon [_thread_in_native, id=26889, stack(0x00007f749bbfc000,0x00007f749bcfd000)]
  0x00007f746064d800 JavaThread "SparkUI-41" daemon [_thread_blocked, id=26888, stack(0x00007f749bcfd000,0x00007f749bdfe000)]
  0x00007f746062d000 JavaThread "SparkUI-40-selector-ServerConnectorManager@32bfc49d/1" daemon [_thread_in_native, id=26887, stack(0x00007f749bdfe000,0x00007f749beff000)]
  0x00007f746062e800 JavaThread "SparkUI-39-selector-ServerConnectorManager@32bfc49d/0" daemon [_thread_in_native, id=26886, stack(0x00007f749beff000,0x00007f749c000000)]
  0x00007f74603de000 JavaThread "refresh progress" daemon [_thread_blocked, id=26884, stack(0x00007f74a00bc000,0x00007f74a01bd000)]
  0x00007f7460389000 JavaThread "map-output-dispatcher-7" daemon [_thread_blocked, id=26883, stack(0x00007f74a01bd000,0x00007f74a02be000)]
  0x00007f7460386800 JavaThread "map-output-dispatcher-6" daemon [_thread_blocked, id=26882, stack(0x00007f74a02be000,0x00007f74a03bf000)]
  0x00007f7460384800 JavaThread "map-output-dispatcher-5" daemon [_thread_blocked, id=26881, stack(0x00007f74a03bf000,0x00007f74a04c0000)]
  0x00007f7460382800 JavaThread "map-output-dispatcher-4" daemon [_thread_blocked, id=26880, stack(0x00007f74a04c0000,0x00007f74a05c1000)]
  0x00007f7460381000 JavaThread "map-output-dispatcher-3" daemon [_thread_blocked, id=26879, stack(0x00007f74a05c1000,0x00007f74a06c2000)]
  0x00007f746037f800 JavaThread "map-output-dispatcher-2" daemon [_thread_blocked, id=26878, stack(0x00007f74a06c2000,0x00007f74a07c3000)]
  0x00007f746037e000 JavaThread "map-output-dispatcher-1" daemon [_thread_blocked, id=26877, stack(0x00007f74a07c3000,0x00007f74a08c4000)]
  0x00007f746037c800 JavaThread "map-output-dispatcher-0" daemon [_thread_blocked, id=26876, stack(0x00007f74a08c4000,0x00007f74a09c5000)]
  0x00007f7460363800 JavaThread "shuffle-server-0" daemon [_thread_blocked, id=26875, stack(0x00007f74a09c5000,0x00007f74a0ac6000)]
  0x00007f7460223800 JavaThread "dispatcher-event-loop-3" daemon [_thread_blocked, id=26873, stack(0x00007f74a0ac6000,0x00007f74a0bc7000)]
  0x00007f7460222000 JavaThread "dispatcher-event-loop-2" daemon [_thread_blocked, id=26872, stack(0x00007f74a0bc7000,0x00007f74a0cc8000)]
  0x00007f746022a800 JavaThread "dispatcher-event-loop-1" daemon [_thread_blocked, id=26871, stack(0x00007f74a0cc8000,0x00007f74a0dc9000)]
  0x00007f7460229800 JavaThread "dispatcher-event-loop-0" daemon [_thread_blocked, id=26870, stack(0x00007f74a0ff1000,0x00007f74a10f2000)]
  0x00007f745c008000 JavaThread "Thread-2" [_thread_blocked, id=26866, stack(0x00007f74a1334000,0x00007f74a1435000)]
  0x00007f74acdf4800 JavaThread "Thread-1" [_thread_blocked, id=26865, stack(0x00007f74a1435000,0x00007f74a1536000)]
  0x00007f74acde6000 JavaThread "pool-1-thread-1" [_thread_blocked, id=26864, stack(0x00007f74a1536000,0x00007f74a1637000)]
  0x00007f74ac0b2800 JavaThread "Service Thread" daemon [_thread_blocked, id=26862, stack(0x00007f74a3bfc000,0x00007f74a3cfd000)]
  0x00007f74ac0b0800 JavaThread "C2 CompilerThread1" daemon [_thread_blocked, id=26861, stack(0x00007f74a3cfd000,0x00007f74a3dfe000)]
  0x00007f74ac0ad800 JavaThread "C2 CompilerThread0" daemon [_thread_blocked, id=26860, stack(0x00007f74a3dfe000,0x00007f74a3eff000)]
  0x00007f74ac0ab800 JavaThread "Signal Dispatcher" daemon [_thread_blocked, id=26859, stack(0x00007f74a3eff000,0x00007f74a4000000)]
  0x00007f74ac080800 JavaThread "Finalizer" daemon [_thread_blocked, id=26858, stack(0x00007f74a86f7000,0x00007f74a87f8000)]
  0x00007f74ac07e800 JavaThread "Reference Handler" daemon [_thread_blocked, id=26857, stack(0x00007f74a87f8000,0x00007f74a88f9000)]
  0x00007f74ac00e800 JavaThread "main" [_thread_in_native, id=26851, stack(0x00007f74b5ba1000,0x00007f74b5ca2000)]

Other Threads:
=>0x00007f74ac07a000 VMThread [stack: 0x00007f74a88f9000,0x00007f74a89fa000] [id=26856]
  0x00007f74ac0c5800 WatcherThread [stack: 0x00007f74a3afb000,0x00007f74a3bfc000] [id=26863]

VM state:at safepoint (normal execution)

VM Mutex/Monitor currently owned by a thread:  ([mutex/lock_event])
[0x00007f74ac00a8f0] ExpandHeap_lock - owner thread: 0x00007f74ac07a000
[0x00007f74ac00af70] Threads_lock - owner thread: 0x00007f74ac07a000
[0x00007f74ac00b470] Heap_lock - owner thread: 0x00007f7444079800

Heap
 PSYoungGen      total 1142272K, used 0K [0x00000007aaa80000, 0x00000007f4100000, 0x0000000800000000)
  eden space 1117696K, 0% used [0x00000007aaa80000,0x00000007aaa80000,0x00000007eee00000)
  from space 24576K, 0% used [0x00000007f2900000,0x00000007f2900000,0x00000007f4100000)
  to   space 42496K, 0% used [0x00000007eee00000,0x00000007eee00000,0x00000007f1780000)
 ParOldGen       total 1324544K, used 575934K [0x0000000700000000, 0x0000000750d80000, 0x00000007aaa80000)
  object space 1324544K, 43% used [0x0000000700000000,0x000000072326f990,0x0000000750d80000)
 PSPermGen       total 100864K, used 71358K [0x00000006f0000000, 0x00000006f6280000, 0x0000000700000000)
  object space 100864K, 70% used [0x00000006f0000000,0x00000006f45afa48,0x00000006f6280000)

Card table byte_map: [0x00007f74b1f5c000,0x00007f74b27dd000] byte_map_base: 0x00007f74ae7dc000

Polling page: 0x00007f74b5cc7000

Code Cache  [0x00007f74a9000000, 0x00007f74a9340000, 0x00007f74ac000000)
 total_blobs=2035 nmethods=1434 adapters=551 free_code_cache=45893Kb largest_free_block=46935040

Compilation events (10 events):
Event: 134,148 Thread 0x00007f74ac0ad800 nmethod 1535 0x00007f74a932a190 code [0x00007f74a932a2c0, 0x00007f74a932a318]
Event: 136,347 Thread 0x00007f74ac0ad800 1537             io.netty.channel.AbstractChannelHandlerContext::read (59 bytes)
Event: 136,347 Thread 0x00007f74ac0b0800 1536   !         io.netty.channel.AbstractChannelHandlerContext::invokeRead (23 bytes)
Event: 141,045 Thread 0x00007f74ac0b0800 nmethod 1536 0x00007f74a9329d90 code [0x00007f74a9329f00, 0x00007f74a932a048]
Event: 141,046 Thread 0x00007f74ac0ad800 nmethod 1537 0x00007f74a9335e10 code [0x00007f74a9335fa0, 0x00007f74a9336268]
Event: 150,298 Thread 0x00007f74ac0ad800 1538             io.netty.util.concurrent.ScheduledFutureTask::nanoTime (8 bytes)
Event: 150,332 Thread 0x00007f74ac0ad800 nmethod 1538 0x00007f74a9329ad0 code [0x00007f74a9329c00, 0x00007f74a9329c58]
Event: 152,975 Thread 0x00007f74ac0b0800 1539             java.nio.channels.spi.AbstractSelector::cancelledKeys (5 bytes)
Event: 152,976 Thread 0x00007f74ac0b0800 nmethod 1539 0x00007f74a933ba10 code [0x00007f74a933bb40, 0x00007f74a933bbb8]
Event: 162,075 Thread 0x00007f74ac0ad800 1540   !         sun.nio.ch.SelectorImpl::processDeregisterQueue (111 bytes)

GC Heap History (10 events):
Event: 72,053 GC heap after
Heap after GC invocations=27 (full 9):
 PSYoungGen      total 973824K, used 1745K [0x00000007aaa80000, 0x00000007e9280000, 0x0000000800000000)
  eden space 930816K, 0% used [0x00000007aaa80000,0x00000007aaa80000,0x00000007e3780000)
  from space 43008K, 4% used [0x00000007e6880000,0x00000007e6a346d0,0x00000007e9280000)
  to   space 46592K, 0% used [0x00000007e3780000,0x00000007e3780000,0x00000007e6500000)
 ParOldGen       total 1251840K, used 809244K [0x0000000700000000, 0x000000074c680000, 0x00000007aaa80000)
  object space 1251840K, 64% used [0x0000000700000000,0x0000000731647008,0x000000074c680000)
 PSPermGen       total 110592K, used 71308K [0x00000006f0000000, 0x00000006f6c00000, 0x0000000700000000)
  object space 110592K, 64% used [0x00000006f0000000,0x00000006f45a31b8,0x00000006f6c00000)
}
Event: 72,053 GC heap before
{Heap before GC invocations=28 (full 10):
 PSYoungGen      total 973824K, used 1745K [0x00000007aaa80000, 0x00000007e9280000, 0x0000000800000000)
  eden space 930816K, 0% used [0x00000007aaa80000,0x00000007aaa80000,0x00000007e3780000)
  from space 43008K, 4% used [0x00000007e6880000,0x00000007e6a346d0,0x00000007e9280000)
  to   space 46592K, 0% used [0x00000007e3780000,0x00000007e3780000,0x00000007e6500000)
 ParOldGen       total 1251840K, used 809244K [0x0000000700000000, 0x000000074c680000, 0x00000007aaa80000)
  object space 1251840K, 64% used [0x0000000700000000,0x0000000731647008,0x000000074c680000)
 PSPermGen       total 110592K, used 71308K [0x00000006f0000000, 0x00000006f6c00000, 0x0000000700000000)
  object space 110592K, 64% used [0x00000006f0000000,0x00000006f45a31b8,0x00000006f6c00000)
Event: 72,256 GC heap after
Heap after GC invocations=28 (full 10):
 PSYoungGen      total 973824K, used 0K [0x00000007aaa80000, 0x00000007e9280000, 0x0000000800000000)
  eden space 930816K, 0% used [0x00000007aaa80000,0x00000007aaa80000,0x00000007e3780000)
  from space 43008K, 0% used [0x00000007e6880000,0x00000007e6880000,0x00000007e9280000)
  to   space 46592K, 0% used [0x00000007e3780000,0x00000007e3780000,0x00000007e6500000)
 ParOldGen       total 1509888K, used 496424K [0x0000000700000000, 0x000000075c280000, 0x00000007aaa80000)
  object space 1509888K, 32% used [0x0000000700000000,0x000000071e4ca368,0x000000075c280000)
 PSPermGen       total 105472K, used 71305K [0x00000006f0000000, 0x00000006f6700000, 0x0000000700000000)
  object space 105472K, 67% used [0x00000006f0000000,0x00000006f45a24f0,0x00000006f6700000)
}
Event: 85,419 GC heap before
{Heap before GC invocations=29 (full 11):
 PSYoungGen      total 973824K, used 930816K [0x00000007aaa80000, 0x00000007e9280000, 0x0000000800000000)
  eden space 930816K, 100% used [0x00000007aaa80000,0x00000007e3780000,0x00000007e3780000)
  from space 43008K, 0% used [0x00000007e6880000,0x00000007e6880000,0x00000007e9280000)
  to   space 46592K, 0% used [0x00000007e3780000,0x00000007e3780000,0x00000007e6500000)
 ParOldGen       total 1509888K, used 1122976K [0x0000000700000000, 0x000000075c280000, 0x00000007aaa80000)
  object space 1509888K, 74% used [0x0000000700000000,0x00000007448a8100,0x000000075c280000)
 PSPermGen       total 105472K, used 71333K [0x00000006f0000000, 0x00000006f6700000, 0x0000000700000000)
  object space 105472K, 67% used [0x00000006f0000000,0x00000006f45a9770,0x00000006f6700000)
Event: 85,596 GC heap after
Heap after GC invocations=29 (full 11):
 PSYoungGen      total 973824K, used 0K [0x00000007aaa80000, 0x00000007e9280000, 0x0000000800000000)
  eden space 930816K, 0% used [0x00000007aaa80000,0x00000007aaa80000,0x00000007e3780000)
  from space 43008K, 0% used [0x00000007e6880000,0x00000007e6880000,0x00000007e9280000)
  to   space 46592K, 0% used [0x00000007e3780000,0x00000007e3780000,0x00000007e6500000)
 ParOldGen       total 1324544K, used 264349K [0x0000000700000000, 0x0000000750d80000, 0x00000007aaa80000)
  object space 1324544K, 19% used [0x0000000700000000,0x0000000710227430,0x0000000750d80000)
 PSPermGen       total 100864K, used 71327K [0x00000006f0000000, 0x00000006f6280000, 0x0000000700000000)
  object space 100864K, 70% used [0x00000006f0000000,0x00000006f45a7fe0,0x00000006f6280000)
}
Event: 126,194 GC heap before
{Heap before GC invocations=30 (full 11):
 PSYoungGen      total 973824K, used 915693K [0x00000007aaa80000, 0x00000007e9280000, 0x0000000800000000)
  eden space 930816K, 98% used [0x00000007aaa80000,0x00000007e28bb578,0x00000007e3780000)
  from space 43008K, 0% used [0x00000007e6880000,0x00000007e6880000,0x00000007e9280000)
  to   space 46592K, 0% used [0x00000007e3780000,0x00000007e3780000,0x00000007e6500000)
 ParOldGen       total 1324544K, used 264349K [0x0000000700000000, 0x0000000750d80000, 0x00000007aaa80000)
  object space 1324544K, 19% used [0x0000000700000000,0x0000000710227430,0x0000000750d80000)
 PSPermGen       total 100864K, used 71349K [0x00000006f0000000, 0x00000006f6280000, 0x0000000700000000)
  object space 100864K, 70% used [0x00000006f0000000,0x00000006f45ad4b8,0x00000006f6280000)
Event: 129,542 GC heap after
Heap after GC invocations=30 (full 11):
 PSYoungGen      total 977408K, used 1855K [0x00000007aaa80000, 0x00000007f5480000, 0x0000000800000000)
  eden space 930816K, 0% used [0x00000007aaa80000,0x00000007aaa80000,0x00000007e3780000)
  from space 46592K, 3% used [0x00000007e3780000,0x00000007e394fe68,0x00000007e6500000)
  to   space 44544K, 0% used [0x00000007f2900000,0x00000007f2900000,0x00000007f5480000)
 ParOldGen       total 1324544K, used 498724K [0x0000000700000000, 0x0000000750d80000, 0x00000007aaa80000)
  object space 1324544K, 37% used [0x0000000700000000,0x000000071e7091c8,0x0000000750d80000)
 PSPermGen       total 100864K, used 71349K [0x00000006f0000000, 0x00000006f6280000, 0x0000000700000000)
  object space 100864K, 70% used [0x00000006f0000000,0x00000006f45ad4b8,0x00000006f6280000)
}
Event: 164,461 GC heap before
{Heap before GC invocations=31 (full 11):
 PSYoungGen      total 977408K, used 896740K [0x00000007aaa80000, 0x00000007f5480000, 0x0000000800000000)
  eden space 930816K, 96% used [0x00000007aaa80000,0x00000007e14693b8,0x00000007e3780000)
  from space 46592K, 3% used [0x00000007e3780000,0x00000007e394fe68,0x00000007e6500000)
  to   space 44544K, 0% used [0x00000007f2900000,0x00000007f2900000,0x00000007f5480000)
 ParOldGen       total 1324544K, used 576849K [0x0000000700000000, 0x0000000750d80000, 0x00000007aaa80000)
  object space 1324544K, 43% used [0x0000000700000000,0x0000000723354740,0x0000000750d80000)
 PSPermGen       total 100864K, used 71367K [0x00000006f0000000, 0x00000006f6280000, 0x0000000700000000)
  object space 100864K, 70% used [0x00000006f0000000,0x00000006f45b1e80,0x00000006f6280000)
Event: 165,292 GC heap after
Heap after GC invocations=31 (full 11):
 PSYoungGen      total 1142272K, used 2962K [0x00000007aaa80000, 0x00000007f4100000, 0x0000000800000000)
  eden space 1117696K, 0% used [0x00000007aaa80000,0x00000007aaa80000,0x00000007eee00000)
  from space 24576K, 12% used [0x00000007f2900000,0x00000007f2be4978,0x00000007f4100000)
  to   space 42496K, 0% used [0x00000007eee00000,0x00000007eee00000,0x00000007f1780000)
 ParOldGen       total 1324544K, used 967858K [0x0000000700000000, 0x0000000750d80000, 0x00000007aaa80000)
  object space 1324544K, 73% used [0x0000000700000000,0x000000073b12cac8,0x0000000750d80000)
 PSPermGen       total 100864K, used 71367K [0x00000006f0000000, 0x00000006f6280000, 0x0000000700000000)
  object space 100864K, 70% used [0x00000006f0000000,0x00000006f45b1e80,0x00000006f6280000)
}
Event: 165,292 GC heap before
{Heap before GC invocations=32 (full 12):
 PSYoungGen      total 1142272K, used 2962K [0x00000007aaa80000, 0x00000007f4100000, 0x0000000800000000)
  eden space 1117696K, 0% used [0x00000007aaa80000,0x00000007aaa80000,0x00000007eee00000)
  from space 24576K, 12% used [0x00000007f2900000,0x00000007f2be4978,0x00000007f4100000)
  to   space 42496K, 0% used [0x00000007eee00000,0x00000007eee00000,0x00000007f1780000)
 ParOldGen       total 1324544K, used 967858K [0x0000000700000000, 0x0000000750d80000, 0x00000007aaa80000)
  object space 1324544K, 73% used [0x0000000700000000,0x000000073b12cac8,0x0000000750d80000)
 PSPermGen       total 100864K, used 71367K [0x00000006f0000000, 0x00000006f6280000, 0x0000000700000000)
  object space 100864K, 70% used [0x00000006f0000000,0x00000006f45b1e80,0x00000006f6280000)

Deoptimization events (10 events):
Event: 31,521 Thread 0x00007f7458005800 Uncommon trap: reason=null_check action=make_not_entrant pc=0x00007f74a9274c40 method=io.netty.util.internal.InternalThreadLocalMap.slowGet()Lio/netty/util/internal/InternalThreadLocalMap; @ 24
Event: 31,525 Thread 0x00007f745001a800 Uncommon trap: reason=null_check action=make_not_entrant pc=0x00007f74a92752b4 method=io.netty.util.internal.InternalThreadLocalMap.slowGet()Lio/netty/util/internal/InternalThreadLocalMap; @ 24
Event: 39,965 Thread 0x00007f749c00e800 Uncommon trap: reason=unstable_if action=reinterpret pc=0x00007f74a9194980 method=java.util.concurrent.locks.AbstractQueuedSynchronizer.acquire(I)V @ 5
Event: 46,852 Thread 0x00007f7468003800 Uncommon trap: reason=null_check action=make_not_entrant pc=0x00007f74a92cf0fc method=io.netty.buffer.PoolThreadCache$MemoryRegionCache.allocate(Lio/netty/buffer/PooledByteBuf;I)Z @ 9
Event: 62,331 Thread 0x00007f741c006800 Uncommon trap: reason=class_check action=maybe_recompile pc=0x00007f74a92f6880 method=io.netty.channel.nio.AbstractNioByteChannel$NioByteUnsafe.read()V @ 134
Event: 62,919 Thread 0x00007f741c006800 Uncommon trap: reason=class_check action=maybe_recompile pc=0x00007f74a92f6880 method=io.netty.channel.nio.AbstractNioByteChannel$NioByteUnsafe.read()V @ 134
Event: 62,987 Thread 0x00007f741c006800 Uncommon trap: reason=class_check action=maybe_recompile pc=0x00007f74a92f6880 method=io.netty.channel.nio.AbstractNioByteChannel$NioByteUnsafe.read()V @ 134
Event: 67,087 Thread 0x00007f741c006800 Uncommon trap: reason=class_check action=maybe_recompile pc=0x00007f74a92f6880 method=io.netty.channel.nio.AbstractNioByteChannel$NioByteUnsafe.read()V @ 134
Event: 68,425 Thread 0x00007f744800a800 Uncommon trap: reason=class_check action=maybe_recompile pc=0x00007f74a92c26d4 method=org.apache.spark.network.util.TransportFrameDecoder.decodeNext()Lio/netty/buffer/ByteBuf; @ 120
Event: 118,081 Thread 0x00007f7458005800 Uncommon trap: reason=unstable_if action=reinterpret pc=0x00007f74a9191090 method=java.util.concurrent.locks.AbstractQueuedSynchronizer.acquire(I)V @ 5

Internal exceptions (10 events):
Event: 31,521 Thread 0x00007f7458005800 Implicit null exception at 0x00007f74a9274b7d to 0x00007f74a9274c31
Event: 31,525 Thread 0x00007f745001a800 Implicit null exception at 0x00007f74a9275215 to 0x00007f74a92752a5
Event: 36,292 Thread 0x00007f7460839000 Threw 0x00000007af7f53f8 at /build/openjdk-7-9duhBW/openjdk-7-7u101-2.6.6/build/openjdk/hotspot/src/share/vm/prims/jvm.cpp:1322
Event: 36,293 Thread 0x00007f7460839000 Threw 0x00000007c3d38a20 at /build/openjdk-7-9duhBW/openjdk-7-7u101-2.6.6/build/openjdk/hotspot/src/share/vm/prims/jvm.cpp:1322
Event: 36,293 Thread 0x00007f7460839000 Threw 0x00000007c3d4c140 at /build/openjdk-7-9duhBW/openjdk-7-7u101-2.6.6/build/openjdk/hotspot/src/share/vm/prims/jvm.cpp:1322
Event: 36,295 Thread 0x00007f7460839000 Threw 0x00000007c3d61170 at /build/openjdk-7-9duhBW/openjdk-7-7u101-2.6.6/build/openjdk/hotspot/src/share/vm/prims/jvm.cpp:1322
Event: 36,296 Thread 0x00007f7460839000 Threw 0x00000007c3d78448 at /build/openjdk-7-9duhBW/openjdk-7-7u101-2.6.6/build/openjdk/hotspot/src/share/vm/prims/jvm.cpp:1322
Event: 46,852 Thread 0x00007f7468003800 Implicit null exception at 0x00007f74a92cf04f to 0x00007f74a92cf0ef
Event: 124,486 Thread 0x00007f7454006000 Threw 0x00000007d406aa78 at /build/openjdk-7-9duhBW/openjdk-7-7u101-2.6.6/build/openjdk/hotspot/src/share/vm/prims/jvm.cpp:1322
Event: 131,754 Thread 0x00007f7454006000 Threw 0x00000007af725998 at /build/openjdk-7-9duhBW/openjdk-7-7u101-2.6.6/build/openjdk/hotspot/src/share/vm/prims/jvm.cpp:1322

Events (10 events):
Event: 146,625 Executing VM operation: RevokeBias done
Event: 149,389 Executing VM operation: RevokeBias
Event: 150,297 Executing VM operation: RevokeBias done
Event: 154,715 Executing VM operation: RevokeBias
Event: 160,132 Executing VM operation: RevokeBias done
Event: 162,184 Executing VM operation: RevokeBias
Event: 164,029 Executing VM operation: RevokeBias done
Event: 164,119 Executing VM operation: ParallelGCFailedAllocation
Event: 164,420 Executing VM operation: ParallelGCFailedAllocation done
Event: 164,421 Executing VM operation: ParallelGCSystemGC


Dynamic libraries:
00400000-00401000 r-xp 00000000 08:02 42076779                           /usr/lib/jvm/java-7-openjdk-amd64/jre/bin/java
00600000-00601000 r--p 00000000 08:02 42076779                           /usr/lib/jvm/java-7-openjdk-amd64/jre/bin/java
00601000-00602000 rw-p 00001000 08:02 42076779                           /usr/lib/jvm/java-7-openjdk-amd64/jre/bin/java
01c8f000-01cb0000 rw-p 00000000 00:00 0                                  [heap]
6f0000000-6f6280000 rw-p 00000000 00:00 0 
6f6280000-6f8980000 ---p 00000000 00:00 0 
6f8980000-700000000 rw-p 00000000 00:00 0 
700000000-750d80000 rw-p 00000000 00:00 0 
769e80000-7aaa80000 rw-p 00000000 00:00 0 
7aaa80000-7f4100000 rw-p 00000000 00:00 0 
7f4100000-7f5480000 ---p 00000000 00:00 0 
7f5480000-800000000 rw-p 00000000 00:00 0 
7f741afff000-7f741c000000 rw-p 00000000 00:00 0 
7f741c000000-7f741c046000 rw-p 00000000 00:00 0 
7f741c046000-7f7420000000 ---p 00000000 00:00 0 
7f7420ffd000-7f7424000000 rw-p 00000000 00:00 0 
7f7424000000-7f7424043000 rw-p 00000000 00:00 0 
7f7424043000-7f7428000000 ---p 00000000 00:00 0 
7f7428000000-7f7428043000 rw-p 00000000 00:00 0 
7f7428043000-7f742c000000 ---p 00000000 00:00 0 
7f742c000000-7f742c043000 rw-p 00000000 00:00 0 
7f742c043000-7f7430000000 ---p 00000000 00:00 0 
7f7430000000-7f7430043000 rw-p 00000000 00:00 0 
7f7430043000-7f7434000000 ---p 00000000 00:00 0 
7f7434000000-7f7434045000 rw-p 00000000 00:00 0 
7f7434045000-7f7438000000 ---p 00000000 00:00 0 
7f7438000000-7f7438043000 rw-p 00000000 00:00 0 
7f7438043000-7f743c000000 ---p 00000000 00:00 0 
7f743c000000-7f743c044000 rw-p 00000000 00:00 0 
7f743c044000-7f7440000000 ---p 00000000 00:00 0 
7f7440000000-7f7440053000 rw-p 00000000 00:00 0 
7f7440053000-7f7444000000 ---p 00000000 00:00 0 
7f7444000000-7f7444081000 rw-p 00000000 00:00 0 
7f7444081000-7f7448000000 ---p 00000000 00:00 0 
7f7448000000-7f7448021000 rw-p 00000000 00:00 0 
7f7448021000-7f744c000000 ---p 00000000 00:00 0 
7f744c000000-7f744f05e000 rw-p 00000000 00:00 0 
7f744f05e000-7f7450000000 ---p 00000000 00:00 0 
7f7450000000-7f7450021000 rw-p 00000000 00:00 0 
7f7450021000-7f7454000000 ---p 00000000 00:00 0 
7f7454000000-7f7454021000 rw-p 00000000 00:00 0 
7f7454021000-7f7458000000 ---p 00000000 00:00 0 
7f7458000000-7f7458021000 rw-p 00000000 00:00 0 
7f7458021000-7f745c000000 ---p 00000000 00:00 0 
7f745c000000-7f745c021000 rw-p 00000000 00:00 0 
7f745c021000-7f7460000000 ---p 00000000 00:00 0 
7f7460000000-7f74611bc000 rw-p 00000000 00:00 0 
7f74611bc000-7f7464000000 ---p 00000000 00:00 0 
7f7464000000-7f7464021000 rw-p 00000000 00:00 0 
7f7464021000-7f7468000000 ---p 00000000 00:00 0 
7f7468000000-7f7468021000 rw-p 00000000 00:00 0 
7f7468021000-7f746c000000 ---p 00000000 00:00 0 
7f746c000000-7f746cfcf000 rw-p 00000000 00:00 0 
7f746cfcf000-7f7470000000 ---p 00000000 00:00 0 
7f7470000000-7f7470021000 rw-p 00000000 00:00 0 
7f7470021000-7f7474000000 ---p 00000000 00:00 0 
7f7474000000-7f7474027000 rw-p 00000000 00:00 0 
7f7474027000-7f7478000000 ---p 00000000 00:00 0 
7f7478000000-7f7478f5d000 rw-p 00000000 00:00 0 
7f7478f5d000-7f747c000000 ---p 00000000 00:00 0 
7f747c000000-7f747c037000 rw-p 00000000 00:00 0 
7f747c037000-7f7480000000 ---p 00000000 00:00 0 
7f7480000000-7f748004a000 rw-p 00000000 00:00 0 
7f748004a000-7f7484000000 ---p 00000000 00:00 0 
7f7484000000-7f7484052000 rw-p 00000000 00:00 0 
7f7484052000-7f7488000000 ---p 00000000 00:00 0 
7f7488000000-7f74880e3000 rw-p 00000000 00:00 0 
7f74880e3000-7f748c000000 ---p 00000000 00:00 0 
7f748c000000-7f748c081000 rw-p 00000000 00:00 0 
7f748c081000-7f7490000000 ---p 00000000 00:00 0 
7f74902fb000-7f74902fe000 ---p 00000000 00:00 0 
7f74902fe000-7f74903fc000 rw-p 00000000 00:00 0 
7f74903fc000-7f74903ff000 ---p 00000000 00:00 0 
7f74903ff000-7f74904fd000 rw-p 00000000 00:00 0 
7f74904fd000-7f7490500000 ---p 00000000 00:00 0 
7f7490500000-7f74905fe000 rw-p 00000000 00:00 0 
7f74905fe000-7f7490601000 ---p 00000000 00:00 0 
7f7490601000-7f74906ff000 rw-p 00000000 00:00 0 
7f74906ff000-7f7490702000 ---p 00000000 00:00 0 
7f7490702000-7f7499000000 rw-p 00000000 00:00 0 
7f74990d5000-7f74990d8000 ---p 00000000 00:00 0 
7f74990d8000-7f74991d6000 rw-p 00000000 00:00 0 
7f74991d6000-7f74991d9000 ---p 00000000 00:00 0 
7f74991d9000-7f74992d7000 rw-p 00000000 00:00 0 
7f74992d7000-7f74992da000 ---p 00000000 00:00 0 
7f74992da000-7f74993d8000 rw-p 00000000 00:00 0 
7f74993d8000-7f74993db000 ---p 00000000 00:00 0 
7f74993db000-7f74994d9000 rw-p 00000000 00:00 0 
7f74994d9000-7f74994dc000 ---p 00000000 00:00 0 
7f74994dc000-7f74995da000 rw-p 00000000 00:00 0 
7f74995da000-7f74995dd000 ---p 00000000 00:00 0 
7f74995dd000-7f74996db000 rw-p 00000000 00:00 0 
7f74996db000-7f74996de000 ---p 00000000 00:00 0 
7f74996de000-7f74997dc000 rw-p 00000000 00:00 0 
7f74997dc000-7f74997e9000 r-xp 00000000 08:02 43257004                   /tmp/liblz4-java7062016808899667606.so
7f74997e9000-7f74999e8000 ---p 0000d000 08:02 43257004                   /tmp/liblz4-java7062016808899667606.so
7f74999e8000-7f74999e9000 rw-p 0000c000 08:02 43257004                   /tmp/liblz4-java7062016808899667606.so
7f74999e9000-7f74999ec000 ---p 00000000 00:00 0 
7f74999ec000-7f7499aea000 rw-p 00000000 00:00 0 
7f7499aea000-7f7499aed000 ---p 00000000 00:00 0 
7f7499aed000-7f7499beb000 rw-p 00000000 00:00 0 
7f7499beb000-7f7499bee000 ---p 00000000 00:00 0 
7f7499bee000-7f7499cec000 rw-p 00000000 00:00 0 
7f7499cec000-7f7499cef000 ---p 00000000 00:00 0 
7f7499cef000-7f749adee000 rw-p 00000000 00:00 0 
7f749adee000-7f749adf1000 ---p 00000000 00:00 0 
7f749adf1000-7f749aeef000 rw-p 00000000 00:00 0 
7f749aeef000-7f749aef2000 ---p 00000000 00:00 0 
7f749aef2000-7f749aff0000 rw-p 00000000 00:00 0 
7f749aff0000-7f749aff3000 ---p 00000000 00:00 0 
7f749aff3000-7f749b0f1000 rw-p 00000000 00:00 0 
7f749b0f1000-7f749b0f4000 ---p 00000000 00:00 0 
7f749b0f4000-7f749b1f2000 rw-p 00000000 00:00 0 
7f749b1f2000-7f749b1f5000 ---p 00000000 00:00 0 
7f749b1f5000-7f749b2f3000 rw-p 00000000 00:00 0 
7f749b2f3000-7f749b2f6000 ---p 00000000 00:00 0 
7f749b2f6000-7f749b3f4000 rw-p 00000000 00:00 0 
7f749b3f4000-7f749b3f7000 ---p 00000000 00:00 0 
7f749b3f7000-7f749b4f5000 rw-p 00000000 00:00 0 
7f749b4f5000-7f749b4f8000 ---p 00000000 00:00 0 
7f749b4f8000-7f749b5f6000 rw-p 00000000 00:00 0 
7f749b5f6000-7f749b5f9000 ---p 00000000 00:00 0 
7f749b5f9000-7f749b6f7000 rw-p 00000000 00:00 0 
7f749b6f7000-7f749b6fa000 ---p 00000000 00:00 0 
7f749b6fa000-7f749b7f8000 rw-p 00000000 00:00 0 
7f749b7f8000-7f749b7fb000 ---p 00000000 00:00 0 
7f749b7fb000-7f749b8f9000 rw-p 00000000 00:00 0 
7f749b8f9000-7f749b8fc000 ---p 00000000 00:00 0 
7f749b8fc000-7f749b9fa000 rw-p 00000000 00:00 0 
7f749b9fa000-7f749b9fd000 ---p 00000000 00:00 0 
7f749b9fd000-7f749bafb000 rw-p 00000000 00:00 0 
7f749bafb000-7f749bafe000 ---p 00000000 00:00 0 
7f749bafe000-7f749bbfc000 rw-p 00000000 00:00 0 
7f749bbfc000-7f749bbff000 ---p 00000000 00:00 0 
7f749bbff000-7f749bcfd000 rw-p 00000000 00:00 0 
7f749bcfd000-7f749bd00000 ---p 00000000 00:00 0 
7f749bd00000-7f749bdfe000 rw-p 00000000 00:00 0 
7f749bdfe000-7f749be01000 ---p 00000000 00:00 0 
7f749be01000-7f749beff000 rw-p 00000000 00:00 0 
7f749beff000-7f749bf02000 ---p 00000000 00:00 0 
7f749bf02000-7f749c000000 rw-p 00000000 00:00 0 
7f749c000000-7f749c033000 rw-p 00000000 00:00 0 
7f749c033000-7f74a0000000 ---p 00000000 00:00 0 
7f74a00bc000-7f74a00bf000 ---p 00000000 00:00 0 
7f74a00bf000-7f74a01bd000 rw-p 00000000 00:00 0 
7f74a01bd000-7f74a01c0000 ---p 00000000 00:00 0 
7f74a01c0000-7f74a02be000 rw-p 00000000 00:00 0 
7f74a02be000-7f74a02c1000 ---p 00000000 00:00 0 
7f74a02c1000-7f74a03bf000 rw-p 00000000 00:00 0 
7f74a03bf000-7f74a03c2000 ---p 00000000 00:00 0 
7f74a03c2000-7f74a04c0000 rw-p 00000000 00:00 0 
7f74a04c0000-7f74a04c3000 ---p 00000000 00:00 0 
7f74a04c3000-7f74a05c1000 rw-p 00000000 00:00 0 
7f74a05c1000-7f74a05c4000 ---p 00000000 00:00 0 
7f74a05c4000-7f74a06c2000 rw-p 00000000 00:00 0 
7f74a06c2000-7f74a06c5000 ---p 00000000 00:00 0 
7f74a06c5000-7f74a07c3000 rw-p 00000000 00:00 0 
7f74a07c3000-7f74a07c6000 ---p 00000000 00:00 0 
7f74a07c6000-7f74a08c4000 rw-p 00000000 00:00 0 
7f74a08c4000-7f74a08c7000 ---p 00000000 00:00 0 
7f74a08c7000-7f74a09c5000 rw-p 00000000 00:00 0 
7f74a09c5000-7f74a09c8000 ---p 00000000 00:00 0 
7f74a09c8000-7f74a0ac6000 rw-p 00000000 00:00 0 
7f74a0ac6000-7f74a0ac9000 ---p 00000000 00:00 0 
7f74a0ac9000-7f74a0bc7000 rw-p 00000000 00:00 0 
7f74a0bc7000-7f74a0bca000 ---p 00000000 00:00 0 
7f74a0bca000-7f74a0cc8000 rw-p 00000000 00:00 0 
7f74a0cc8000-7f74a0ccb000 ---p 00000000 00:00 0 
7f74a0ccb000-7f74a0dc9000 rw-p 00000000 00:00 0 
7f74a0dc9000-7f74a0dca000 r-xp 00000000 08:02 42076798                   /usr/lib/jvm/java-7-openjdk-amd64/jre/lib/amd64/libjaas_unix.so
7f74a0dca000-7f74a0fc9000 ---p 00001000 08:02 42076798                   /usr/lib/jvm/java-7-openjdk-amd64/jre/lib/amd64/libjaas_unix.so
7f74a0fc9000-7f74a0fca000 r--p 00000000 08:02 42076798                   /usr/lib/jvm/java-7-openjdk-amd64/jre/lib/amd64/libjaas_unix.so
7f74a0fca000-7f74a0fcb000 rw-p 00001000 08:02 42076798                   /usr/lib/jvm/java-7-openjdk-amd64/jre/lib/amd64/libjaas_unix.so
7f74a0fcb000-7f74a0ff1000 r--p 00000000 08:02 42993552                   /usr/share/locale-langpack/es/LC_MESSAGES/libc.mo
7f74a0ff1000-7f74a0ff4000 ---p 00000000 00:00 0 
7f74a0ff4000-7f74a10f2000 rw-p 00000000 00:00 0 
7f74a10f2000-7f74a10f5000 ---p 00000000 00:00 0 
7f74a10f5000-7f74a112b000 rw-p 00000000 00:00 0 
7f74a112b000-7f74a1133000 r-xp 00000000 08:02 42076815                   /usr/lib/jvm/java-7-openjdk-amd64/jre/lib/amd64/libmanagement.so
7f74a1133000-7f74a1332000 ---p 00008000 08:02 42076815                   /usr/lib/jvm/java-7-openjdk-amd64/jre/lib/amd64/libmanagement.so
7f74a1332000-7f74a1333000 r--p 00007000 08:02 42076815                   /usr/lib/jvm/java-7-openjdk-amd64/jre/lib/amd64/libmanagement.so
7f74a1333000-7f74a1334000 rw-p 00008000 08:02 42076815                   /usr/lib/jvm/java-7-openjdk-amd64/jre/lib/amd64/libmanagement.so
7f74a1334000-7f74a1337000 ---p 00000000 00:00 0 
7f74a1337000-7f74a1435000 rw-p 00000000 00:00 0 
7f74a1435000-7f74a1438000 ---p 00000000 00:00 0 
7f74a1438000-7f74a1536000 rw-p 00000000 00:00 0 
7f74a1536000-7f74a1539000 ---p 00000000 00:00 0 
7f74a1539000-7f74a1637000 rw-p 00000000 00:00 0 
7f74a1637000-7f74a1674000 r-xp 00000000 08:02 2098358                    /lib/x86_64-linux-gnu/libpcre.so.3.13.1
7f74a1674000-7f74a1873000 ---p 0003d000 08:02 2098358                    /lib/x86_64-linux-gnu/libpcre.so.3.13.1
7f74a1873000-7f74a1874000 r--p 0003c000 08:02 2098358                    /lib/x86_64-linux-gnu/libpcre.so.3.13.1
7f74a1874000-7f74a1875000 rw-p 0003d000 08:02 2098358                    /lib/x86_64-linux-gnu/libpcre.so.3.13.1
7f74a1875000-7f74a187c000 r-xp 00000000 08:02 41164519                   /usr/lib/x86_64-linux-gnu/libffi.so.6.0.1
7f74a187c000-7f74a1a7b000 ---p 00007000 08:02 41164519                   /usr/lib/x86_64-linux-gnu/libffi.so.6.0.1
7f74a1a7b000-7f74a1a7c000 r--p 00006000 08:02 41164519                   /usr/lib/x86_64-linux-gnu/libffi.so.6.0.1
7f74a1a7c000-7f74a1a7d000 rw-p 00007000 08:02 41164519                   /usr/lib/x86_64-linux-gnu/libffi.so.6.0.1
7f74a1a7d000-7f74a1a94000 r-xp 00000000 08:02 2097243                    /lib/x86_64-linux-gnu/libresolv-2.19.so
7f74a1a94000-7f74a1c94000 ---p 00017000 08:02 2097243                    /lib/x86_64-linux-gnu/libresolv-2.19.so
7f74a1c94000-7f74a1c95000 r--p 00017000 08:02 2097243                    /lib/x86_64-linux-gnu/libresolv-2.19.so
7f74a1c95000-7f74a1c96000 rw-p 00018000 08:02 2097243                    /lib/x86_64-linux-gnu/libresolv-2.19.so
7f74a1c96000-7f74a1c98000 rw-p 00000000 00:00 0 
7f74a1c98000-7f74a1cb8000 r-xp 00000000 08:02 2101564                    /lib/x86_64-linux-gnu/libselinux.so.1
7f74a1cb8000-7f74a1eb7000 ---p 00020000 08:02 2101564                    /lib/x86_64-linux-gnu/libselinux.so.1
7f74a1eb7000-7f74a1eb8000 r--p 0001f000 08:02 2101564                    /lib/x86_64-linux-gnu/libselinux.so.1
7f74a1eb8000-7f74a1eb9000 rw-p 00020000 08:02 2101564                    /lib/x86_64-linux-gnu/libselinux.so.1
7f74a1eb9000-7f74a1ebb000 rw-p 00000000 00:00 0 
7f74a1ebb000-7f74a1ebe000 r-xp 00000000 08:02 41164632                   /usr/lib/x86_64-linux-gnu/libgmodule-2.0.so.0.4002.0
7f74a1ebe000-7f74a20bd000 ---p 00003000 08:02 41164632                   /usr/lib/x86_64-linux-gnu/libgmodule-2.0.so.0.4002.0
7f74a20bd000-7f74a20be000 r--p 00002000 08:02 41164632                   /usr/lib/x86_64-linux-gnu/libgmodule-2.0.so.0.4002.0
7f74a20be000-7f74a20bf000 rw-p 00003000 08:02 41164632                   /usr/lib/x86_64-linux-gnu/libgmodule-2.0.so.0.4002.0
7f74a20bf000-7f74a21c5000 r-xp 00000000 08:02 2101465                    /lib/x86_64-linux-gnu/libglib-2.0.so.0.4002.0
7f74a21c5000-7f74a23c4000 ---p 00106000 08:02 2101465                    /lib/x86_64-linux-gnu/libglib-2.0.so.0.4002.0
7f74a23c4000-7f74a23c5000 r--p 00105000 08:02 2101465                    /lib/x86_64-linux-gnu/libglib-2.0.so.0.4002.0
7f74a23c5000-7f74a23c6000 rw-p 00106000 08:02 2101465                    /lib/x86_64-linux-gnu/libglib-2.0.so.0.4002.0
7f74a23c6000-7f74a23c7000 rw-p 00000000 00:00 0 
7f74a23c7000-7f74a2416000 r-xp 00000000 08:02 41164648                   /usr/lib/x86_64-linux-gnu/libgobject-2.0.so.0.4002.0
7f74a2416000-7f74a2616000 ---p 0004f000 08:02 41164648                   /usr/lib/x86_64-linux-gnu/libgobject-2.0.so.0.4002.0
7f74a2616000-7f74a2617000 r--p 0004f000 08:02 41164648                   /usr/lib/x86_64-linux-gnu/libgobject-2.0.so.0.4002.0
7f74a2617000-7f74a2618000 rw-p 00050000 08:02 41164648                   /usr/lib/x86_64-linux-gnu/libgobject-2.0.so.0.4002.0
7f74a2618000-7f74a2784000 r-xp 00000000 08:02 41164620                   /usr/lib/x86_64-linux-gnu/libgio-2.0.so.0.4002.0
7f74a2784000-7f74a2983000 ---p 0016c000 08:02 41164620                   /usr/lib/x86_64-linux-gnu/libgio-2.0.so.0.4002.0
7f74a2983000-7f74a2987000 r--p 0016b000 08:02 41164620                   /usr/lib/x86_64-linux-gnu/libgio-2.0.so.0.4002.0
7f74a2987000-7f74a2989000 rw-p 0016f000 08:02 41164620                   /usr/lib/x86_64-linux-gnu/libgio-2.0.so.0.4002.0
7f74a2989000-7f74a298b000 rw-p 00000000 00:00 0 
7f74a2996000-7f74a2997000 rw-p 00000000 00:00 0 
7f74a2997000-7f74a299b000 r--s 0004f000 08:02 42076842                   /usr/lib/jvm/java-7-openjdk-amd64/jre/lib/jsse.jar
7f74a299b000-7f74a29a5000 r--s 000ae000 08:02 42076826                   /usr/lib/jvm/java-7-openjdk-amd64/jre/lib/resources.jar
7f74a29a5000-7f74a29ac000 r--s 00000000 08:02 41556358                   /usr/lib/x86_64-linux-gnu/gconv/gconv-modules.cache
7f74a29ac000-7f74a29c3000 r-xp 00000000 08:02 42076802                   /usr/lib/jvm/java-7-openjdk-amd64/jre/lib/amd64/libnet.so
7f74a29c3000-7f74a2bc2000 ---p 00017000 08:02 42076802                   /usr/lib/jvm/java-7-openjdk-amd64/jre/lib/amd64/libnet.so
7f74a2bc2000-7f74a2bc3000 r--p 00016000 08:02 42076802                   /usr/lib/jvm/java-7-openjdk-amd64/jre/lib/amd64/libnet.so
7f74a2bc3000-7f74a2bc4000 rw-p 00017000 08:02 42076802                   /usr/lib/jvm/java-7-openjdk-amd64/jre/lib/amd64/libnet.so
7f74a2bc4000-7f74a2bd4000 r-xp 00000000 08:02 42076823                   /usr/lib/jvm/java-7-openjdk-amd64/jre/lib/amd64/libnio.so
7f74a2bd4000-7f74a2dd4000 ---p 00010000 08:02 42076823                   /usr/lib/jvm/java-7-openjdk-amd64/jre/lib/amd64/libnio.so
7f74a2dd4000-7f74a2dd5000 r--p 00010000 08:02 42076823                   /usr/lib/jvm/java-7-openjdk-amd64/jre/lib/amd64/libnio.so
7f74a2dd5000-7f74a2dd6000 rw-p 00011000 08:02 42076823                   /usr/lib/jvm/java-7-openjdk-amd64/jre/lib/amd64/libnio.so
7f74a2dd6000-7f74a2dd9000 r--s 0000e000 08:02 37754783                   /usr/local/spark/jars/jersey-container-servlet-core-2.22.2.jar
7f74a2dd9000-7f74a2ddb000 r--s 00100000 08:02 37754826                   /usr/local/spark/jars/snappy-java-1.1.2.4.jar
7f74a2ddb000-7f74a2ddd000 r--s 0000e000 08:02 37754760                   /usr/local/spark/jars/spark-repl_2.11-2.0.0.jar
7f74a2ddd000-7f74a2df5000 r--s 001b6000 08:02 37754774                   /usr/local/spark/jars/datanucleus-core-3.2.10.jar
7f74a2df5000-7f74a2dfa000 r--s 0004e000 08:02 37754787                   /usr/local/spark/jars/datanucleus-api-jdo-3.2.6.jar
7f74a2dfa000-7f74a2dfb000 r--s 00004000 08:02 37754962                   /usr/local/spark/jars/osgi-resource-locator-1.0.1.jar
7f74a2dfb000-7f74a2dfd000 r--s 00012000 08:02 37754912                   /usr/local/spark/jars/api-util-1.0.0-M20.jar
7f74a2dfd000-7f74a2dff000 r--s 00004000 08:02 37754792                   /usr/local/spark/jars/stax-api-1.0-2.jar
7f74a2dff000-7f74a2e06000 r--s 00046000 08:02 37754951                   /usr/local/spark/jars/libfb303-0.9.2.jar
7f74a2e06000-7f74a2e07000 r--s 00000000 08:02 37754895                   /usr/local/spark/jars/hadoop-client-2.7.2.jar
7f74a2e07000-7f74a2e0e000 r--s 00058000 08:02 37754794                   /usr/local/spark/jars/parquet-format-2.3.0-incubating.jar
7f74a2e0e000-7f74a2e13000 r--s 00032000 08:02 37754960                   /usr/local/spark/jars/chill_2.11-0.8.0.jar
7f74a2e13000-7f74a2e15000 r--s 00009000 08:02 37754868                   /usr/local/spark/jars/spark-unsafe_2.11-2.0.0.jar
7f74a2e15000-7f74a2e17000 r--s 00008000 08:02 37754766                   /usr/local/spark/jars/hadoop-mapreduce-client-jobclient-2.7.2.jar
7f74a2e17000-7f74a2e25000 r--s 0012a000 08:02 37754853                   /usr/local/spark/jars/mesos-0.21.1-shaded-protobuf.jar
7f74a2e25000-7f74a2e26000 r--s 00000000 08:02 37754806                   /usr/local/spark/jars/javax.inject-1.jar
7f74a2e26000-7f74a2e89000 r--s 004de000 08:02 37754847                   /usr/local/spark/jars/hive-metastore-1.2.1.spark2.jar
7f74a2e89000-7f74a2e8a000 r--s 00002000 08:02 37754890                   /usr/local/spark/jars/jpam-1.1.jar
7f74a2e8a000-7f74a2e8b000 r--s 00001000 08:02 37754933                   /usr/local/spark/jars/javax.inject-2.4.0-b34.jar
7f74a2e8b000-7f74a2e98000 r--s 00083000 08:02 37754804                   /usr/local/spark/jars/commons-collections-3.2.2.jar
7f74a2e98000-7f74a2e9a000 r--s 00003000 08:02 37754919                   /usr/local/spark/jars/JavaEWAH-0.3.2.jar
7f74a2e9a000-7f74a2e9b000 r--s 00001000 08:02 37754814                   /usr/local/spark/jars/minlog-1.3.0.jar
7f74a2e9b000-7f74a2e9f000 r--s 0002c000 08:02 37754880                   /usr/local/spark/jars/avro-ipc-1.7.7.jar
7f74a2e9f000-7f74a2eb7000 r--s 00115000 08:02 37754918                   /usr/local/spark/jars/netty-3.8.0.Final.jar
7f74a2eb7000-7f74a2eb8000 r--s 00004000 08:02 37754839                   /usr/local/spark/jars/eigenbase-properties-1.1.5.jar
7f74a2eb8000-7f74a2ed0000 r--s 00115000 08:02 37754763                   /usr/local/spark/jars/xercesImpl-2.9.1.jar
7f74a2ed0000-7f74a2ed3000 r--s 0000f000 08:02 37754761                   /usr/local/spark/jars/hadoop-auth-2.7.2.jar
7f74a2ed3000-7f74a2f0a000 r--s 00325000 08:02 37754911                   /usr/local/spark/jars/calcite-core-1.2.0-incubating.jar
7f74a2f0a000-7f74a2f0e000 r--s 0000c000 08:02 37754821                   /usr/local/spark/jars/validation-api-1.1.0.Final.jar
7f74a2f0e000-7f74a2f37000 r--s 001ee000 08:02 37754958                   /usr/local/spark/jars/guava-14.0.1.jar
7f74a2f37000-7f74a2f3e000 r--s 0005d000 08:02 37754903                   /usr/local/spark/jars/mx4j-3.0.2.jar
7f74a2f3e000-7f74a2f45000 r--s 00052000 08:02 37754927                   /usr/local/spark/jars/hadoop-yarn-server-common-2.7.2.jar
7f74a2f45000-7f74a2f47000 r--s 0000b000 08:02 37754936                   /usr/local/spark/jars/chill-java-0.8.0.jar
7f74a2f47000-7f74a2f49000 r--s 00017000 08:02 37754813                   /usr/local/spark/jars/hive-jdbc-1.2.1.spark2.jar
7f74a2f49000-7f74a2f4c000 r--s 00015000 08:02 37754759                   /usr/local/spark/jars/javax.servlet-api-3.1.0.jar
7f74a2f4c000-7f74a2f62000 r--s 000ca000 08:02 37754908                   /usr/local/spark/jars/parquet-column-1.7.0.jar
7f74a2f62000-7f74a2f67000 r--s 0002a000 08:02 37754784                   /usr/local/spark/jars/commons-beanutils-1.7.0.jar
7f74a2f67000-7f74a2f69000 r--s 00006000 08:02 37754793                   /usr/local/spark/jars/paranamer-2.3.jar
7f74a2f69000-7f74a2f73000 r--s 00095000 08:02 37754856                   /usr/local/spark/jars/scala-xml_2.11-1.0.2.jar
7f74a2f73000-7f74a2fc8000 r--s 0069c000 08:02 37754799                   /usr/local/spark/jars/spire_2.11-0.7.4.jar
7f74a2fc8000-7f74a2fd1000 r--s 00062000 08:02 37754786                   /usr/local/spark/jars/avro-1.7.7.jar
7f74a2fd1000-7f74a2fde000 r--s 000ab000 08:02 37754854                   /usr/local/spark/jars/hadoop-mapreduce-client-common-2.7.2.jar
7f74a2fde000-7f74a2ff2000 r--s 000e9000 08:02 37754940                   /usr/local/spark/jars/spark-hive_2.11-2.0.0.jar
7f74a2ff2000-7f74a2ff6000 r--s 0002a000 08:02 37754879                   /usr/local/spark/jars/commons-io-2.4.jar
7f74a2ff6000-7f74a2ff9000 r--s 0000c000 08:02 37754858                   /usr/local/spark/jars/spark-network-shuffle_2.11-2.0.0.jar
7f74a2ff9000-7f74a3001000 r--s 00066000 08:02 37754864                   /usr/local/spark/jars/apache-log4j-extras-1.2.17.jar
7f74a3001000-7f74a3007000 r--s 00043000 08:02 37754953                   /usr/local/spark/jars/commons-configuration-1.6.jar
7f74a3007000-7f74a3009000 r--s 00010000 08:02 37754884                   /usr/local/spark/jars/jersey-media-jaxb-2.22.2.jar
7f74a3009000-7f74a3055000 r--s 00411000 08:02 37754952                   /usr/local/spark/jars/scala-reflect-2.11.8.jar
7f74a3055000-7f74a305b000 r--s 00063000 08:02 37754944                   /usr/local/spark/jars/jodd-core-3.5.2.jar
7f74a305b000-7f74a3066000 r--s 00062000 08:02 37754859                   /usr/local/spark/jars/calcite-linq4j-1.2.0-incubating.jar
7f74a3066000-7f74a3067000 r--s 00006000 08:02 37754897                   /usr/local/spark/jars/jackson-xc-1.9.13.jar
7f74a3067000-7f74a3069000 r--s 00003000 08:02 37754819                   /usr/local/spark/jars/api-asn1-api-1.0.0-M20.jar
7f74a3069000-7f74a306e000 r--s 00068000 08:02 37754900                   /usr/local/spark/jars/antlr-2.7.7.jar
7f74a306e000-7f74a3117000 r--s 00a4f000 08:02 37754910                   /usr/local/spark/jars/hive-exec-1.2.1.spark2.jar
7f74a3117000-7f74a3119000 r--s 00000000 08:02 37754887                   /usr/local/spark/jars/aopalliance-1.0.jar
7f74a3119000-7f74a311e000 r--s 0002a000 08:02 37754867                   /usr/local/spark/jars/gson-2.2.4.jar
7f74a311e000-7f74a3121000 r--s 00009000 08:02 37754883                   /usr/local/spark/jars/jackson-annotations-2.6.5.jar
7f74a3121000-7f74a318e000 r--s 00522000 08:02 37754802                   /usr/local/spark/jars/spark-mllib_2.11-2.0.0.jar
7f74a318e000-7f74a3192000 r--s 0002f000 08:02 37754906                   /usr/local/spark/jars/commons-beanutils-core-1.8.0.jar
7f74a3192000-7f74a3197000 r--s 00027000 08:02 37754959                   /usr/local/spark/jars/spark-mllib-local_2.11-2.0.0.jar
7f74a3197000-7f74a3199000 r--s 0000e000 08:02 37754916                   /usr/local/spark/jars/guice-servlet-3.0.jar
7f74a3199000-7f74a319f000 r--s 00028000 08:02 37754877                   /usr/local/spark/jars/curator-framework-2.6.0.jar
7f74a319f000-7f74a31ac000 r--s 00071000 08:02 37754925                   /usr/local/spark/jars/jackson-module-scala_2.11-2.6.5.jar
7f74a31ac000-7f74a31b7000 r--s 0005d000 08:02 37754947                   /usr/local/spark/jars/scala-parser-combinators_2.11-1.0.4.jar
7f74a31b7000-7f74a31bc000 r--s 0002f000 08:02 37754929                   /usr/local/spark/jars/parquet-hadoop-1.7.0.jar
7f74a31bc000-7f74a3215000 r--s 00522000 08:02 37754961                   /usr/local/spark/jars/scala-library-2.11.8.jar
7f74a3215000-7f74a3227000 r--s 00097000 08:02 37754913                   /usr/local/spark/jars/apacheds-kerberos-codec-2.0.0-M15.jar
7f74a3227000-7f74a325b000 r--s 00277000 08:02 37754796                   /usr/local/spark/jars/parquet-hadoop-bundle-1.6.0.jar
7f74a325b000-7f74a3262000 r--s 00049000 08:02 37754869                   /usr/local/spark/jars/httpcore-4.4.4.jar
7f74a3262000-7f74a3279000 r--s 0017d000 08:02 37754837                   /usr/local/spark/jars/hadoop-yarn-common-2.7.2.jar
7f74a3279000-7f74a327b000 r--s 0000f000 08:02 37754772                   /usr/local/spark/jars/activation-1.1.1.jar
7f74a327b000-7f74a327c000 r--s 00009000 08:02 37754923                   /usr/local/spark/jars/hive-cli-1.2.1.spark2.jar
7f74a327c000-7f74a3297000 r--s 001d8000 08:02 37754778                   /usr/local/spark/jars/jets3t-0.9.3.jar
7f74a3297000-7f74a329d000 r--s 0002c000 08:02 37754921                   /usr/local/spark/jars/jdo-api-3.0.1.jar
7f74a329d000-7f74a329f000 r--s 00004000 08:02 37754861                   /usr/local/spark/jars/parquet-common-1.7.0.jar
7f74a329f000-7f74a32a3000 r--s 0001a000 08:02 37754785                   /usr/local/spark/jars/hk2-utils-2.4.0-b34.jar
7f74a32a3000-7f74a32a4000 r--s 00002000 08:02 37754791                   /usr/local/spark/jars/java-xmlbuilder-1.0.jar
7f74a32a4000-7f74a32a7000 r--s 0002f000 08:02 37754771                   /usr/local/spark/jars/RoaringBitmap-0.5.11.jar
7f74a32a7000-7f74a32ae000 r--s 00051000 08:02 37754769                   /usr/local/spark/jars/kryo-shaded-3.0.3.jar
7f74a32ae000-7f74a32b0000 r--s 0000e000 08:02 37754905                   /usr/local/spark/jars/commons-logging-1.1.3.jar
7f74a32b0000-7f74a32b4000 r--s 00019000 08:02 37754894                   /usr/local/spark/jars/javax.ws.rs-api-2.0.1.jar
7f74a32b4000-7f74a32be000 r--s 00086000 08:02 37754845                   /usr/local/spark/jars/json4s-core_2.11-3.2.11.jar
7f74a32be000-7f74a32c0000 r--s 00020000 08:02 37754881                   /usr/local/spark/jars/hive-beeline-1.2.1.spark2.jar
7f74a32c0000-7f74a32c2000 r--s 00006000 08:02 37754934                   /usr/local/spark/jars/spark-sketch_2.11-2.0.0.jar
7f74a32c2000-7f74a32c7000 r--s 00027000 08:02 37754955                   /usr/local/spark/jars/hk2-api-2.4.0-b34.jar
7f74a32c7000-7f74a339c000 r--s 00a51000 08:02 37754907                   /usr/local/spark/jars/spark-core_2.11-2.0.0.jar
7f74a339c000-7f74a339e000 r--s 0000a000 08:02 37754788                   /usr/local/spark/jars/json-20090211.jar
7f74a339e000-7f74a33a2000 r--s 00029000 08:02 37754795                   /usr/local/spark/jars/hk2-locator-2.4.0-b34.jar
7f74a33a2000-7f74a33a6000 r--s 00020000 08:02 37754848                   /usr/local/spark/jars/commons-digester-1.8.jar
7f74a33a6000-7f74a33ae000 r--s 0007b000 08:02 37754870                   /usr/local/spark/jars/protobuf-java-2.5.0.jar
7f74a33ae000-7f74a33e4000 r--s 00313000 08:02 37754902                   /usr/local/spark/jars/hadoop-common-2.7.2.jar
7f74a33e4000-7f74a33ed000 r--s 0006f000 08:02 37754852                   /usr/local/spark/jars/log4j-1.2.17.jar
7f74a33ed000-7f74a33f0000 r--s 00021000 08:02 37754800                   /usr/local/spark/jars/xbean-asm5-shaded-4.4.jar
7f74a33f0000-7f74a345a000 r--s 00779000 08:02 37754805                   /usr/local/spark/jars/hadoop-hdfs-2.7.2.jar
7f74a345a000-7f74a3461000 r--s 00039000 08:02 37754855                   /usr/local/spark/jars/calcite-avatica-1.2.0-incubating.jar
7f74a3461000-7f74a3463000 r--s 00014000 08:02 37754844                   /usr/local/spark/jars/spire-macros_2.11-0.7.4.jar
7f74a3463000-7f74a3491000 r--s 001d0000 08:02 37754816                   /usr/local/spark/jars/spark-streaming_2.11-2.0.0.jar
7f74a3491000-7f74a3492000 r--s 00009000 08:02 37754942                   /usr/local/spark/jars/slf4j-api-1.7.16.jar
7f74a3492000-7f74a349d000 r--s 000b0000 08:02 37754863                   /usr/local/spark/jars/jtransforms-2.4.0.jar
7f74a349d000-7f74a34a1000 r--s 00014000 08:02 37754950                   /usr/local/spark/jars/xz-1.0.jar
7f74a34a1000-7f74a34a3000 r--s 00002000 08:02 37754812                   /usr/local/spark/jars/aopalliance-repackaged-2.4.0-b34.jar
7f74a34a3000-7f74a34a5000 r--s 00003000 08:02 37754941                   /usr/local/spark/jars/base64-2.3.8.jar
7f74a34a5000-7f74a34a9000 r--s 00030000 08:02 37754758                   /usr/local/spark/jars/commons-net-2.2.jar
7f74a34a9000-7f74a34ac000 r--s 00025000 08:02 37754822                   /usr/local/spark/jars/commons-dbcp-1.4.jar
7f74a34ac000-7f74a34ad000 r--s 00001000 08:02 37754827                   /usr/local/spark/jars/pmml-schema-1.2.15.jar
7f74a34ad000-7f74a34af000 r--s 00009000 08:02 37754935                   /usr/local/spark/jars/commons-cli-1.2.jar
7f74a34af000-7f74a34bb000 r--s 000b6000 08:02 37754924                   /usr/local/spark/jars/zookeeper-3.4.6.jar
7f74a34bb000-7f74a34bf000 r--s 00028000 08:02 37754779                   /usr/local/spark/jars/jetty-util-6.1.26.jar
7f74a34bf000-7f74a34dc000 r--s 001d0000 08:02 37754882                   /usr/local/spark/jars/hadoop-yarn-api-2.7.2.jar
7f74a34dc000-7f74a34df000 r--s 00019000 08:02 37754757                   /usr/local/spark/jars/bonecp-0.8.0.RELEASE.jar
7f74a34df000-7f74a34e0000 r--s 0000b000 08:02 37754835                   /usr/local/spark/jars/snappy-0.2.jar
7f74a34e0000-7f74a34e4000 r--s 00025000 08:02 37754764                   /usr/local/spark/jars/antlr-runtime-3.4.jar
7f74a34e4000-7f74a34e9000 r--s 00036000 08:02 37754781                   /usr/local/spark/jars/commons-compress-1.4.1.jar
7f74a34e9000-7f74a34ec000 r--s 00014000 08:02 37754888                   /usr/local/spark/jars/super-csv-2.2.0.jar
7f74a34ec000-7f74a34ed000 r--s 00009000 08:02 37754807                   /usr/local/spark/jars/json4s-jackson_2.11-3.2.11.jar
7f74a34ed000-7f74a34fe000 r--s 0010d000 08:02 37754840                   /usr/local/spark/jars/jackson-databind-2.6.5.jar
7f74a34fe000-7f74a3500000 r--s 00038000 08:02 37754898                   /usr/local/spark/jars/lz4-1.3.0.jar
7f74a3500000-7f74a3503000 r--s 000fd000 08:02 37754810                   /usr/local/spark/jars/leveldbjni-all-1.8.jar
7f74a3503000-7f74a3505000 r--s 00000000 08:02 37754931                   /usr/local/spark/jars/jul-to-slf4j-1.7.16.jar
7f74a3505000-7f74a3507000 r--s 00009000 08:02 37754886                   /usr/local/spark/jars/jackson-module-paranamer-2.6.5.jar
7f74a3507000-7f74a350f000 r--s 00078000 08:02 37754914                   /usr/local/spark/jars/mail-1.4.7.jar
7f74a350f000-7f74a3583000 r--s 00564000 08:02 37754782                   /usr/local/spark/jars/spark-sql_2.11-2.0.0.jar
7f74a3583000-7f74a3584000 r--s 00003000 08:02 37754798                   /usr/local/spark/jars/xmlenc-0.52.jar
7f74a3584000-7f74a35ae000 r--s 002cc000 08:02 37754860                   /usr/local/spark/jars/derby-10.11.1.1.jar
7f74a35ae000-7f74a35af000 r--s 00002000 08:02 37754823                   /usr/local/spark/jars/slf4j-log4j12-1.7.16.jar
7f74a35af000-7f74a35b0000 r--s 00004000 08:02 37754838                   /usr/local/spark/jars/jackson-jaxrs-1.9.13.jar
7f74a35b0000-7f74a35be000 r--s 0009d000 08:02 37754818                   /usr/local/spark/jars/jersey-common-2.22.2.jar
7f74a35be000-7f74a35c3000 r--s 00033000 08:02 37754830                   /usr/local/spark/jars/libthrift-0.9.2.jar
7f74a35c3000-7f74a35e8000 rw-p 00000000 00:00 0 
7f74a35e8000-7f74a36f4000 r--s 00dba000 08:02 37754954                   /usr/local/spark/jars/scala-compiler-2.11.8.jar
7f74a36f4000-7f74a370a000 r--s 000d3000 08:02 37754832                   /usr/local/spark/jars/jersey-server-2.22.2.jar
7f74a370a000-7f74a370d000 r--s 00006000 08:02 37754850                   /usr/local/spark/jars/jsr305-1.3.9.jar
7f74a370d000-7f74a3717000 r--s 00075000 08:02 37754803                   /usr/local/spark/jars/hadoop-mapreduce-client-app-2.7.2.jar
7f74a3717000-7f74a3719000 r--s 00003000 08:02 37754901                   /usr/local/spark/jars/hadoop-annotations-2.7.2.jar
7f74a3719000-7f74a371c000 r--s 00018000 08:02 37754842                   /usr/local/spark/jars/py4j-0.10.1.jar
7f74a371c000-7f74a372c000 r--s 00093000 08:02 37754957                   /usr/local/spark/jars/spark-yarn_2.11-2.0.0.jar
7f74a372c000-7f74a3730000 r--s 00035000 08:02 37754801                   /usr/local/spark/jars/jackson-core-asl-1.9.13.jar
7f74a3730000-7f74a3737000 r--s 00036000 08:02 37754831                   /usr/local/spark/jars/curator-recipes-2.6.0.jar
7f74a3737000-7f74a373c000 r--s 00028000 08:02 37754938                   /usr/local/spark/jars/avro-mapred-1.7.7-hadoop2.jar
7f74a373c000-7f74a373f000 r--s 00017000 08:02 37754909                   /usr/local/spark/jars/jaxb-api-2.2.2.jar
7f74a373f000-7f74a3742000 r--s 00020000 08:02 37754872                   /usr/local/spark/jars/hadoop-yarn-client-2.7.2.jar
7f74a3742000-7f74a3756000 r--s 000ec000 08:02 37754917                   /usr/local/spark/jars/parquet-jackson-1.7.0.jar
7f74a3756000-7f74a376e000 r--s 0015e000 08:02 37754956                   /usr/local/spark/jars/hadoop-mapreduce-client-core-2.7.2.jar
7f74a376e000-7f74a377d000 r--s 000aa000 08:02 37754440                   /usr/local/spark/jars/elasticsearch-hadoop-2.3.2.jar
7f74a377d000-7f74a3783000 r--s 00044000 08:02 37754889                   /usr/local/spark/jars/antlr4-runtime-4.5.3.jar
7f74a3783000-7f74a3786000 r--s 00015000 08:02 37754824                   /usr/local/spark/jars/commons-pool-1.5.4.jar
7f74a3786000-7f74a379c000 r--s 001a4000 08:02 37754817                   /usr/local/spark/jars/datanucleus-rdbms-3.2.9.jar
7f74a379c000-7f74a37a5000 r--s 00097000 08:02 37754932                   /usr/local/spark/jars/pmml-model-1.2.15.jar
7f74a37a5000-7f74a37a7000 r--s 0000e000 08:02 37754762                   /usr/local/spark/jars/oro-2.0.8.jar
7f74a37a7000-7f74a37bf000 r--s 000d6000 08:02 37754776                   /usr/local/spark/jars/jersey-guava-2.22.2.jar
7f74a37bf000-7f74a37c6000 r--s 0005e000 08:02 37754790                   /usr/local/spark/jars/commons-lang3-3.3.2.jar
7f74a37c6000-7f74a37ca000 r--s 00031000 08:02 37754926                   /usr/local/spark/jars/jline-2.12.jar
7f74a37ca000-7f74a37db000 r--s 00089000 08:02 37754828                   /usr/local/spark/jars/joda-time-2.9.3.jar
7f74a37db000-7f74a37dd000 r--s 00009000 08:02 37754943                   /usr/local/spark/jars/objenesis-2.1.jar
7f74a37dd000-7f74a37eb000 r--s 000b1000 08:02 37754885                   /usr/local/spark/jars/jackson-mapper-asl-1.9.13.jar
7f74a37eb000-7f74a3819000 r--s 00210000 08:02 37754937                   /usr/local/spark/jars/spark-network-common_2.11-2.0.0.jar
7f74a3819000-7f74a383b000 r--s 001d4000 08:02 37754849                   /usr/local/spark/jars/netty-all-4.0.29.Final.jar
7f74a383b000-7f74a3841000 r--s 00045000 08:02 37754811                   /usr/local/spark/jars/commons-httpclient-3.1.jar
7f74a3841000-7f74a3844000 r--s 00012000 08:02 37754808                   /usr/local/spark/jars/json4s-ast_2.11-3.2.11.jar
7f74a3844000-7f74a3847000 r--s 0000e000 08:02 37754904                   /usr/local/spark/jars/spark-launcher_2.11-2.0.0.jar
7f74a3847000-7f74a3887000 r--s 00277000 08:02 37754892                   /usr/local/spark/jars/bcprov-jdk15on-1.51.jar
7f74a3887000-7f74a3894000 r--s 000a7000 08:02 37754834                   /usr/local/spark/jars/httpclient-4.5.2.jar
7f74a3894000-7f74a3896000 r--s 00004000 08:02 37754767                   /usr/local/spark/jars/parquet-generator-1.7.0.jar
7f74a3896000-7f74a3899000 r--s 00028000 08:02 37754768                   /usr/local/spark/jars/stream-2.7.0.jar
7f74a3899000-7f74a389a000 r--s 00003000 08:02 37754920                   /usr/local/spark/jars/metrics-json-3.1.2.jar
7f74a389a000-7f74a389c000 r--s 00015000 08:02 37754857                   /usr/local/spark/jars/pyrolite-4.9.jar
7f74a389c000-7f74a389e000 r--s 00027000 08:02 37754899                   /usr/local/spark/jars/core-1.1.2.jar
7f74a389e000-7f74a38c0000 rw-p 00000000 00:00 0 
7f74a38c0000-7f74a3995000 r--s 00bff000 08:02 37754777                   /usr/local/spark/jars/breeze_2.11-0.11.2.jar
7f74a3995000-7f74a39b9000 r--s 001cd000 08:02 37754949                   /usr/local/spark/jars/commons-math3-3.4.1.jar
7f74a39b9000-7f74a39bf000 r--s 00041000 08:02 37754939                   /usr/local/spark/jars/univocity-parsers-2.1.1.jar
7f74a39bf000-7f74a39e0000 r--s 0019a000 08:02 37754893                   /usr/local/spark/jars/spark-hive-thriftserver_2.11-2.0.0.jar
7f74a39e0000-7f74a3a5d000 r--s 005f8000 08:02 37754825                   /usr/local/spark/jars/spark-catalyst_2.11-2.0.0.jar
7f74a3a5d000-7f74a3a60000 r--s 00022000 08:02 37754915                   /usr/local/spark/jars/stringtemplate-3.2.1.jar
7f74a3a60000-7f74a3a61000 r--s 00003000 08:02 37754871                   /usr/local/spark/jars/spark-tags_2.11-2.0.0.jar
7f74a3a61000-7f74a3a63000 r--s 00005000 08:02 37754875                   /usr/local/spark/jars/stax-api-1.0.1.jar
7f74a3a63000-7f74a3a66000 r--s 00016000 08:02 37754797                   /usr/local/spark/jars/jsp-api-2.1.jar
7f74a3a66000-7f74a3a75000 r--s 0009f000 08:02 37754866                   /usr/local/spark/jars/guice-3.0.jar
7f74a3a75000-7f74a3a79000 r--s 0003c000 08:02 37754948                   /usr/local/spark/jars/jackson-core-2.6.5.jar
7f74a3a79000-7f74a3a7b000 r--s 00003000 08:02 37754865                   /usr/local/spark/jars/jcl-over-slf4j-1.7.16.jar
7f74a3a7b000-7f74a3a84000 r--s 0008d000 08:02 37754878                   /usr/local/spark/jars/janino-2.7.8.jar
7f74a3a84000-7f74a3a96000 r--s 000b3000 08:02 37754922                   /usr/local/spark/jars/scalap-2.11.8.jar
7f74a3a96000-7f74a3aa4000 r--s 00099000 08:02 37754846                   /usr/local/spark/jars/spark-graphx_2.11-2.0.0.jar
7f74a3aa4000-7f74a3aa6000 r--s 00008000 08:02 37754770                   /usr/local/spark/jars/metrics-jvm-3.1.2.jar
7f74a3aa6000-7f74a3aa8000 r--s 00003000 08:02 37754775                   /usr/local/spark/jars/jersey-container-servlet-2.22.2.jar
7f74a3aa8000-7f74a3aaf000 r--s 0007d000 08:02 37754851                   /usr/local/spark/jars/jetty-6.1.26.jar
7f74a3aaf000-7f74a3ab6000 r--s 0003f000 08:02 37754809                   /usr/local/spark/jars/commons-codec-1.10.jar
7f74a3ab6000-7f74a3ac8000 r--s 00112000 08:02 37754930                   /usr/local/spark/jars/arpack_combined_all-0.1.jar
7f74a3ac8000-7f74a3acc000 r--s 00036000 08:02 37754946                   /usr/local/spark/jars/ST4-4.0.4.jar
7f74a3acc000-7f74a3ae2000 r--s 00124000 08:02 37754928                   /usr/local/spark/jars/ivy-2.4.0.jar
7f74a3ae2000-7f74a3afb000 r--s 00150000 08:02 37754833                   /usr/local/spark/jars/htrace-core-3.1.0-incubating.jar
7f74a3afb000-7f74a3afc000 ---p 00000000 00:00 0 
7f74a3afc000-7f74a3bfc000 rw-p 00000000 00:00 0 
7f74a3bfc000-7f74a3bff000 ---p 00000000 00:00 0 
7f74a3bff000-7f74a3cfd000 rw-p 00000000 00:00 0 
7f74a3cfd000-7f74a3d00000 ---p 00000000 00:00 0 
7f74a3d00000-7f74a3dfe000 rw-p 00000000 00:00 0 
7f74a3dfe000-7f74a3e01000 ---p 00000000 00:00 0 
7f74a3e01000-7f74a3eff000 rw-p 00000000 00:00 0 
7f74a3eff000-7f74a3f02000 ---p 00000000 00:00 0 
7f74a3f02000-7f74a4000000 rw-p 00000000 00:00 0 
7f74a4000000-7f74a405a000 rw-p 00000000 00:00 0 
7f74a405a000-7f74a8000000 ---p 00000000 00:00 0 
7f74a8000000-7f74a8001000 r--s 00003000 08:02 37754773                   /usr/local/spark/jars/jta-1.1.jar
7f74a8001000-7f74a8003000 r--s 00005000 08:02 37754876                   /usr/local/spark/jars/javax.annotation-api-1.2.jar
7f74a8003000-7f74a8007000 r--s 00025000 08:02 37754945                   /usr/local/spark/jars/jersey-client-2.22.2.jar
7f74a8007000-7f74a800f000 r--s 00059000 08:02 37754815                   /usr/local/spark/jars/javolution-5.5.1.jar
7f74a800f000-7f74a8015000 r--s 00040000 08:02 37754780                   /usr/local/spark/jars/parquet-encoding-1.7.0.jar
7f74a8015000-7f74a86f7000 r--p 00000000 08:02 41163280                   /usr/lib/locale/locale-archive
7f74a86f7000-7f74a86fa000 ---p 00000000 00:00 0 
7f74a86fa000-7f74a87f8000 rw-p 00000000 00:00 0 
7f74a87f8000-7f74a87fb000 ---p 00000000 00:00 0 
7f74a87fb000-7f74a88f9000 rw-p 00000000 00:00 0 
7f74a88f9000-7f74a88fa000 ---p 00000000 00:00 0 
7f74a88fa000-7f74a9000000 rw-p 00000000 00:00 0 
7f74a9000000-7f74a9340000 rwxp 00000000 00:00 0 
7f74a9340000-7f74ace00000 rw-p 00000000 00:00 0 
7f74ace00000-7f74b0000000 ---p 00000000 00:00 0 
7f74b0000000-7f74b0002000 r--s 00012000 08:02 37754862                   /usr/local/spark/jars/compress-lzf-1.0.3.jar
7f74b0002000-7f74b0007000 r--s 00041000 08:02 37754874                   /usr/local/spark/jars/commons-lang-2.6.jar
7f74b0007000-7f74b0009000 r--s 00004000 08:02 37754896                   /usr/local/spark/jars/metrics-graphite-3.1.2.jar
7f74b0009000-7f74b000b000 r--s 00007000 08:02 37754873                   /usr/local/spark/jars/hadoop-yarn-server-web-proxy-2.7.2.jar
7f74b000b000-7f74b0a02000 rw-p 00000000 00:00 0 
7f74b0a02000-7f74b0bb4000 r--s 01d32000 08:02 42076836                   /usr/lib/jvm/java-7-openjdk-amd64/jre/lib/rt.jar
7f74b0bb4000-7f74b1582000 rw-p 00000000 00:00 0 
7f74b1582000-7f74b1583000 ---p 00000000 00:00 0 
7f74b1583000-7f74b1683000 rw-p 00000000 00:00 0 
7f74b1683000-7f74b1684000 ---p 00000000 00:00 0 
7f74b1684000-7f74b1784000 rw-p 00000000 00:00 0 
7f74b1784000-7f74b1785000 ---p 00000000 00:00 0 
7f74b1785000-7f74b1885000 rw-p 00000000 00:00 0 
7f74b1885000-7f74b1886000 ---p 00000000 00:00 0 
7f74b1886000-7f74b19b8000 rw-p 00000000 00:00 0 
7f74b19b8000-7f74b19cb000 ---p 00000000 00:00 0 
7f74b19cb000-7f74b1a06000 rw-p 00000000 00:00 0 
7f74b1a06000-7f74b1c8d000 rw-p 00000000 00:00 0 
7f74b1c8d000-7f74b1ce8000 ---p 00000000 00:00 0 
7f74b1ce8000-7f74b1f5c000 rw-p 00000000 00:00 0 
7f74b1f5c000-7f74b1f8e000 rw-p 00000000 00:00 0 
7f74b1f8e000-7f74b1fa1000 ---p 00000000 00:00 0 
7f74b1fa1000-7f74b1fdc000 rw-p 00000000 00:00 0 
7f74b1fdc000-7f74b2263000 rw-p 00000000 00:00 0 
7f74b2263000-7f74b22be000 ---p 00000000 00:00 0 
7f74b22be000-7f74b2531000 rw-p 00000000 00:00 0 
7f74b2531000-7f74b277d000 rw-p 00000000 00:00 0 
7f74b277d000-7f74b2787000 ---p 00000000 00:00 0 
7f74b2787000-7f74b27dc000 rw-p 00000000 00:00 0 
7f74b27dc000-7f74b27dd000 rw-p 00000000 00:00 0 
7f74b27dd000-7f74b27e5000 r-xp 00000000 08:02 42076807                   /usr/lib/jvm/java-7-openjdk-amd64/jre/lib/amd64/libzip.so
7f74b27e5000-7f74b29e4000 ---p 00008000 08:02 42076807                   /usr/lib/jvm/java-7-openjdk-amd64/jre/lib/amd64/libzip.so
7f74b29e4000-7f74b29e5000 r--p 00007000 08:02 42076807                   /usr/lib/jvm/java-7-openjdk-amd64/jre/lib/amd64/libzip.so
7f74b29e5000-7f74b29e6000 rw-p 00008000 08:02 42076807                   /usr/lib/jvm/java-7-openjdk-amd64/jre/lib/amd64/libzip.so
7f74b29e6000-7f74b29f0000 r-xp 00000000 08:02 2098311                    /lib/x86_64-linux-gnu/libnss_files-2.19.so
7f74b29f0000-7f74b2bef000 ---p 0000a000 08:02 2098311                    /lib/x86_64-linux-gnu/libnss_files-2.19.so
7f74b2bef000-7f74b2bf0000 r--p 00009000 08:02 2098311                    /lib/x86_64-linux-gnu/libnss_files-2.19.so
7f74b2bf0000-7f74b2bf1000 rw-p 0000a000 08:02 2098311                    /lib/x86_64-linux-gnu/libnss_files-2.19.so
7f74b2bf1000-7f74b2bfc000 r-xp 00000000 08:02 2098303                    /lib/x86_64-linux-gnu/libnss_nis-2.19.so
7f74b2bfc000-7f74b2dfb000 ---p 0000b000 08:02 2098303                    /lib/x86_64-linux-gnu/libnss_nis-2.19.so
7f74b2dfb000-7f74b2dfc000 r--p 0000a000 08:02 2098303                    /lib/x86_64-linux-gnu/libnss_nis-2.19.so
7f74b2dfc000-7f74b2dfd000 rw-p 0000b000 08:02 2098303                    /lib/x86_64-linux-gnu/libnss_nis-2.19.so
7f74b2dfd000-7f74b2e14000 r-xp 00000000 08:02 2098299                    /lib/x86_64-linux-gnu/libnsl-2.19.so
7f74b2e14000-7f74b3013000 ---p 00017000 08:02 2098299                    /lib/x86_64-linux-gnu/libnsl-2.19.so
7f74b3013000-7f74b3014000 r--p 00016000 08:02 2098299                    /lib/x86_64-linux-gnu/libnsl-2.19.so
7f74b3014000-7f74b3015000 rw-p 00017000 08:02 2098299                    /lib/x86_64-linux-gnu/libnsl-2.19.so
7f74b3015000-7f74b3017000 rw-p 00000000 00:00 0 
7f74b3017000-7f74b3020000 r-xp 00000000 08:02 2098298                    /lib/x86_64-linux-gnu/libnss_compat-2.19.so
7f74b3020000-7f74b321f000 ---p 00009000 08:02 2098298                    /lib/x86_64-linux-gnu/libnss_compat-2.19.so
7f74b321f000-7f74b3220000 r--p 00008000 08:02 2098298                    /lib/x86_64-linux-gnu/libnss_compat-2.19.so
7f74b3220000-7f74b3221000 rw-p 00009000 08:02 2098298                    /lib/x86_64-linux-gnu/libnss_compat-2.19.so
7f74b3221000-7f74b324c000 r-xp 00000000 08:02 42076793                   /usr/lib/jvm/java-7-openjdk-amd64/jre/lib/amd64/libjava.so
7f74b324c000-7f74b344c000 ---p 0002b000 08:02 42076793                   /usr/lib/jvm/java-7-openjdk-amd64/jre/lib/amd64/libjava.so
7f74b344c000-7f74b344d000 r--p 0002b000 08:02 42076793                   /usr/lib/jvm/java-7-openjdk-amd64/jre/lib/amd64/libjava.so
7f74b344d000-7f74b344f000 rw-p 0002c000 08:02 42076793                   /usr/lib/jvm/java-7-openjdk-amd64/jre/lib/amd64/libjava.so
7f74b344f000-7f74b345f000 r-xp 00000000 08:02 42076794                   /usr/lib/jvm/java-7-openjdk-amd64/jre/lib/amd64/libverify.so
7f74b345f000-7f74b365e000 ---p 00010000 08:02 42076794                   /usr/lib/jvm/java-7-openjdk-amd64/jre/lib/amd64/libverify.so
7f74b365e000-7f74b3660000 r--p 0000f000 08:02 42076794                   /usr/lib/jvm/java-7-openjdk-amd64/jre/lib/amd64/libverify.so
7f74b3660000-7f74b3661000 rw-p 00011000 08:02 42076794                   /usr/lib/jvm/java-7-openjdk-amd64/jre/lib/amd64/libverify.so
7f74b3661000-7f74b3668000 r-xp 00000000 08:02 2098307                    /lib/x86_64-linux-gnu/librt-2.19.so
7f74b3668000-7f74b3867000 ---p 00007000 08:02 2098307                    /lib/x86_64-linux-gnu/librt-2.19.so
7f74b3867000-7f74b3868000 r--p 00006000 08:02 2098307                    /lib/x86_64-linux-gnu/librt-2.19.so
7f74b3868000-7f74b3869000 rw-p 00007000 08:02 2098307                    /lib/x86_64-linux-gnu/librt-2.19.so
7f74b3869000-7f74b387f000 r-xp 00000000 08:02 2101461                    /lib/x86_64-linux-gnu/libgcc_s.so.1
7f74b387f000-7f74b3a7e000 ---p 00016000 08:02 2101461                    /lib/x86_64-linux-gnu/libgcc_s.so.1
7f74b3a7e000-7f74b3a7f000 rw-p 00015000 08:02 2101461                    /lib/x86_64-linux-gnu/libgcc_s.so.1
7f74b3a7f000-7f74b3b84000 r-xp 00000000 08:02 2098293                    /lib/x86_64-linux-gnu/libm-2.19.so
7f74b3b84000-7f74b3d83000 ---p 00105000 08:02 2098293                    /lib/x86_64-linux-gnu/libm-2.19.so
7f74b3d83000-7f74b3d84000 r--p 00104000 08:02 2098293                    /lib/x86_64-linux-gnu/libm-2.19.so
7f74b3d84000-7f74b3d85000 rw-p 00105000 08:02 2098293                    /lib/x86_64-linux-gnu/libm-2.19.so
7f74b3d85000-7f74b3e6b000 r-xp 00000000 08:02 41158788                   /usr/lib/x86_64-linux-gnu/libstdc++.so.6.0.19
7f74b3e6b000-7f74b406a000 ---p 000e6000 08:02 41158788                   /usr/lib/x86_64-linux-gnu/libstdc++.so.6.0.19
7f74b406a000-7f74b4072000 r--p 000e5000 08:02 41158788                   /usr/lib/x86_64-linux-gnu/libstdc++.so.6.0.19
7f74b4072000-7f74b4074000 rw-p 000ed000 08:02 41158788                   /usr/lib/x86_64-linux-gnu/libstdc++.so.6.0.19
7f74b4074000-7f74b4089000 rw-p 00000000 00:00 0 
7f74b4089000-7f74b4bae000 r-xp 00000000 08:02 42076805                   /usr/lib/jvm/java-7-openjdk-amd64/jre/lib/amd64/server/libjvm.so
7f74b4bae000-7f74b4dae000 ---p 00b25000 08:02 42076805                   /usr/lib/jvm/java-7-openjdk-amd64/jre/lib/amd64/server/libjvm.so
7f74b4dae000-7f74b4e48000 r--p 00b25000 08:02 42076805                   /usr/lib/jvm/java-7-openjdk-amd64/jre/lib/amd64/server/libjvm.so
7f74b4e48000-7f74b4e6b000 rw-p 00bbf000 08:02 42076805                   /usr/lib/jvm/java-7-openjdk-amd64/jre/lib/amd64/server/libjvm.so
7f74b4e6b000-7f74b4e9a000 rw-p 00000000 00:00 0 
7f74b4e9a000-7f74b4eb2000 r-xp 00000000 08:02 2101597                    /lib/x86_64-linux-gnu/libz.so.1.2.8
7f74b4eb2000-7f74b50b1000 ---p 00018000 08:02 2101597                    /lib/x86_64-linux-gnu/libz.so.1.2.8
7f74b50b1000-7f74b50b2000 r--p 00017000 08:02 2101597                    /lib/x86_64-linux-gnu/libz.so.1.2.8
7f74b50b2000-7f74b50b3000 rw-p 00018000 08:02 2101597                    /lib/x86_64-linux-gnu/libz.so.1.2.8
7f74b50b3000-7f74b50cc000 r-xp 00000000 08:02 2098300                    /lib/x86_64-linux-gnu/libpthread-2.19.so
7f74b50cc000-7f74b52cb000 ---p 00019000 08:02 2098300                    /lib/x86_64-linux-gnu/libpthread-2.19.so
7f74b52cb000-7f74b52cc000 r--p 00018000 08:02 2098300                    /lib/x86_64-linux-gnu/libpthread-2.19.so
7f74b52cc000-7f74b52cd000 rw-p 00019000 08:02 2098300                    /lib/x86_64-linux-gnu/libpthread-2.19.so
7f74b52cd000-7f74b52d1000 rw-p 00000000 00:00 0 
7f74b52d1000-7f74b52d4000 r-xp 00000000 08:02 2098295                    /lib/x86_64-linux-gnu/libdl-2.19.so
7f74b52d4000-7f74b54d3000 ---p 00003000 08:02 2098295                    /lib/x86_64-linux-gnu/libdl-2.19.so
7f74b54d3000-7f74b54d4000 r--p 00002000 08:02 2098295                    /lib/x86_64-linux-gnu/libdl-2.19.so
7f74b54d4000-7f74b54d5000 rw-p 00003000 08:02 2098295                    /lib/x86_64-linux-gnu/libdl-2.19.so
7f74b54d5000-7f74b568f000 r-xp 00000000 08:02 2098308                    /lib/x86_64-linux-gnu/libc-2.19.so
7f74b568f000-7f74b588f000 ---p 001ba000 08:02 2098308                    /lib/x86_64-linux-gnu/libc-2.19.so
7f74b588f000-7f74b5893000 r--p 001ba000 08:02 2098308                    /lib/x86_64-linux-gnu/libc-2.19.so
7f74b5893000-7f74b5895000 rw-p 001be000 08:02 2098308                    /lib/x86_64-linux-gnu/libc-2.19.so
7f74b5895000-7f74b589a000 rw-p 00000000 00:00 0 
7f74b589a000-7f74b58a7000 r-xp 00000000 08:02 42076820                   /usr/lib/jvm/java-7-openjdk-amd64/jre/lib/amd64/jli/libjli.so
7f74b58a7000-7f74b5aa6000 ---p 0000d000 08:02 42076820                   /usr/lib/jvm/java-7-openjdk-amd64/jre/lib/amd64/jli/libjli.so
7f74b5aa6000-7f74b5aa7000 r--p 0000c000 08:02 42076820                   /usr/lib/jvm/java-7-openjdk-amd64/jre/lib/amd64/jli/libjli.so
7f74b5aa7000-7f74b5aa8000 rw-p 0000d000 08:02 42076820                   /usr/lib/jvm/java-7-openjdk-amd64/jre/lib/amd64/jli/libjli.so
7f74b5aa8000-7f74b5acb000 r-xp 00000000 08:02 2098301                    /lib/x86_64-linux-gnu/ld-2.19.so
7f74b5acb000-7f74b5acd000 r--s 0000f000 08:02 37754841                   /usr/local/spark/jars/curator-client-2.6.0.jar
7f74b5acd000-7f74b5acf000 r--s 00006000 08:02 37754836                   /usr/local/spark/jars/commons-compiler-2.7.6.jar
7f74b5acf000-7f74b5ad9000 r--s 000a5000 08:02 37754891                   /usr/local/spark/jars/javassist-3.18.1-GA.jar
7f74b5ad9000-7f74b5add000 r--s 0001e000 08:02 37754765                   /usr/local/spark/jars/breeze-macros_2.11-0.11.2.jar
7f74b5add000-7f74b5ae1000 r--s 00018000 08:02 37754789                   /usr/local/spark/jars/metrics-core-3.1.2.jar
7f74b5ae1000-7f74b5aee000 rw-p 00000000 00:00 0 
7f74b5aee000-7f74b5ba1000 rw-p 00000000 00:00 0 
7f74b5ba1000-7f74b5ba4000 ---p 00000000 00:00 0 
7f74b5ba4000-7f74b5ca7000 rw-p 00000000 00:00 0 
7f74b5ca7000-7f74b5ca8000 r--s 0000a000 08:02 37754820                   /usr/local/spark/jars/apacheds-i18n-2.0.0-M15.jar
7f74b5ca8000-7f74b5ca9000 r--s 00004000 08:02 37754843                   /usr/local/spark/jars/opencsv-2.3.jar
7f74b5ca9000-7f74b5caa000 r--s 0000b000 08:02 37754829                   /usr/local/spark/jars/hadoop-mapreduce-client-shuffle-2.7.2.jar
7f74b5caa000-7f74b5cac000 r--s 00012000 08:02 42210395                   /usr/lib/jvm/java-7-openjdk-amd64/jre/lib/ext/zipfs.jar
7f74b5cac000-7f74b5cb0000 r--s 00085000 08:02 42210400                   /usr/lib/jvm/java-7-openjdk-amd64/jre/lib/ext/localedata.jar
7f74b5cb0000-7f74b5cb1000 r--s 00002000 08:02 42210393                   /usr/lib/jvm/java-7-openjdk-amd64/jre/lib/ext/dnsns.jar
7f74b5cb1000-7f74b5cb5000 r--s 0003c000 08:02 42210401                   /usr/lib/jvm/java-7-openjdk-amd64/jre/lib/ext/sunpkcs11.jar
7f74b5cb5000-7f74b5cb8000 r--s 0000f000 08:02 42210399                   /usr/lib/jvm/java-7-openjdk-amd64/jre/lib/ext/icedtea-sound.jar
7f74b5cb8000-7f74b5cba000 r--s 00006000 08:02 41555068                   /usr/share/java/java-atk-wrapper.jar
7f74b5cba000-7f74b5cbe000 r--s 00034000 08:02 42210398                   /usr/lib/jvm/java-7-openjdk-amd64/jre/lib/ext/sunjce_provider.jar
7f74b5cbe000-7f74b5cc6000 rw-s 00000000 08:02 43256964                   /tmp/hsperfdata_master/26834
7f74b5cc6000-7f74b5cc7000 rw-p 00000000 00:00 0 
7f74b5cc7000-7f74b5cc8000 ---p 00000000 00:00 0 
7f74b5cc8000-7f74b5cca000 rw-p 00000000 00:00 0 
7f74b5cca000-7f74b5ccb000 r--p 00022000 08:02 2098301                    /lib/x86_64-linux-gnu/ld-2.19.so
7f74b5ccb000-7f74b5ccc000 rw-p 00023000 08:02 2098301                    /lib/x86_64-linux-gnu/ld-2.19.so
7f74b5ccc000-7f74b5ccd000 rw-p 00000000 00:00 0 
7ffd8db99000-7ffd8dbbb000 rw-p 00000000 00:00 0                          [stack]
7ffd8dbca000-7ffd8dbcc000 r--p 00000000 00:00 0                          [vvar]
7ffd8dbcc000-7ffd8dbce000 r-xp 00000000 00:00 0                          [vdso]
ffffffffff600000-ffffffffff601000 r-xp 00000000 00:00 0                  [vsyscall]

VM Arguments:
jvm_args: -Xmx4g -XX:MaxPermSize=256m 
java_command: org.apache.spark.deploy.SparkSubmit pyspark-shell
Launcher Type: SUN_STANDARD

Environment Variables:
JAVA_HOME=/usr/lib/jvm/java-7-openjdk-amd64
CLASSPATH=:/usr/local/hive/lib/*:.:/usr/local/derby/lib/derby.jar:/usr/local/derby/lib/derbytools.jar:/home/master/Descargas/tika-app-1.12.jar
PATH=/home/master/.linuxbrew/bin:/usr/local/sbin:/usr/local/bin:/usr/sbin:/usr/bin:/sbin:/bin:/usr/games:/usr/local/games:/usr/local/hadoop/bin:/usr/local/hadoop/sbin:/usr/local/hive/bin:/usr/local/derby/bin
SHELL=/bin/bash
DISPLAY=:0

Signal Handlers:
SIGSEGV: [libjvm.so+0x9561e0], sa_mask[0]=0x7ffbfeff, sa_flags=0x10000004
SIGBUS: [libjvm.so+0x9561e0], sa_mask[0]=0x7ffbfeff, sa_flags=0x10000004
SIGFPE: [libjvm.so+0x7cc4d0], sa_mask[0]=0x7ffbfeff, sa_flags=0x10000004
SIGPIPE: [libjvm.so+0x7cc4d0], sa_mask[0]=0x7ffbfeff, sa_flags=0x10000004
SIGXFSZ: [libjvm.so+0x7cc4d0], sa_mask[0]=0x7ffbfeff, sa_flags=0x10000004
SIGILL: [libjvm.so+0x7cc4d0], sa_mask[0]=0x7ffbfeff, sa_flags=0x10000004
SIGUSR1: SIG_DFL, sa_mask[0]=0x00000000, sa_flags=0x00000000
SIGUSR2: [libjvm.so+0x7cc370], sa_mask[0]=0x00000000, sa_flags=0x10000004
SIGHUP: [libjvm.so+0x7cc550], sa_mask[0]=0x7ffbfeff, sa_flags=0x10000004
SIGINT: SIG_IGN, sa_mask[0]=0x00000000, sa_flags=0x00000000
SIGTERM: [libjvm.so+0x7cc550], sa_mask[0]=0x7ffbfeff, sa_flags=0x10000004
SIGQUIT: [libjvm.so+0x7cc550], sa_mask[0]=0x7ffbfeff, sa_flags=0x10000004
SIGTRAP: SIG_DFL, sa_mask[0]=0x00000000, sa_flags=0x00000000


---------------  S Y S T E M  ---------------

OS:Ubuntu 14.04 (trusty)
uname:Linux 4.2.0-36-generic #42~14.04.1-Ubuntu SMP Fri May 13 17:27:22 UTC 2016 x86_64
libc:glibc 2.19 NPTL 2.19 
rlimit: STACK 8192k, CORE 0k, NPROC 31435, NOFILE 4096, AS infinity
load average:9,17 5,25 2,96

/proc/meminfo:
MemTotal:        8069560 kB
MemFree:           59816 kB
MemAvailable:     105628 kB
Buffers:            1136 kB
Cached:           158732 kB
SwapCached:       134416 kB
Active:          5644264 kB
Inactive:        2150984 kB
Active(anon):    5613788 kB
Inactive(anon):  2131712 kB
Active(file):      30476 kB
Inactive(file):    19272 kB
Unevictable:          68 kB
Mlocked:              68 kB
SwapTotal:       2000892 kB
SwapFree:            336 kB
Dirty:               156 kB
Writeback:             0 kB
AnonPages:       7501928 kB
Mapped:            83208 kB
Shmem:            110116 kB
Slab:              76868 kB
SReclaimable:      38352 kB
SUnreclaim:        38516 kB
KernelStack:       17120 kB
PageTables:        55524 kB
NFS_Unstable:          0 kB
Bounce:                0 kB
WritebackTmp:          0 kB
CommitLimit:     6035672 kB
Committed_AS:   15334300 kB
VmallocTotal:   34359738367 kB
VmallocUsed:      552516 kB
VmallocChunk:   34358423548 kB
HardwareCorrupted:     0 kB
AnonHugePages:   2912256 kB
CmaTotal:              0 kB
CmaFree:               0 kB
HugePages_Total:       0
HugePages_Free:        0
HugePages_Rsvd:        0
HugePages_Surp:        0
Hugepagesize:       2048 kB
DirectMap4k:      113408 kB
DirectMap2M:     2926592 kB
DirectMap1G:     6291456 kB


CPU:total 4 (2 cores per cpu, 2 threads per core) family 6 model 69 stepping 1, cmov, cx8, fxsr, mmx, sse, sse2, sse3, ssse3, sse4.1, sse4.2, popcnt, avx, avx2, aes, erms, ht, tsc, tscinvbit

/proc/cpuinfo:
processor	: 0
vendor_id	: GenuineIntel
cpu family	: 6
model		: 69
model name	: Intel(R) Core(TM) i5-4210U CPU @ 1.70GHz
stepping	: 1
microcode	: 0x17
cpu MHz		: 2632.593
cache size	: 3072 KB
physical id	: 0
siblings	: 4
core id		: 0
cpu cores	: 2
apicid		: 0
initial apicid	: 0
fpu		: yes
fpu_exception	: yes
cpuid level	: 13
wp		: yes
flags		: fpu vme de pse tsc msr pae mce cx8 apic sep mtrr pge mca cmov pat pse36 clflush dts acpi mmx fxsr sse sse2 ss ht tm pbe syscall nx pdpe1gb rdtscp lm constant_tsc arch_perfmon pebs bts rep_good nopl xtopology nonstop_tsc aperfmperf eagerfpu pni pclmulqdq dtes64 monitor ds_cpl vmx est tm2 ssse3 fma cx16 xtpr pdcm pcid sse4_1 sse4_2 movbe popcnt tsc_deadline_timer aes xsave avx f16c rdrand lahf_lm abm ida arat epb pln pts dtherm tpr_shadow vnmi flexpriority ept vpid fsgsbase tsc_adjust bmi1 avx2 smep bmi2 erms invpcid xsaveopt
bugs		:
bogomips	: 4789.04
clflush size	: 64
cache_alignment	: 64
address sizes	: 39 bits physical, 48 bits virtual
power management:

processor	: 1
vendor_id	: GenuineIntel
cpu family	: 6
model		: 69
model name	: Intel(R) Core(TM) i5-4210U CPU @ 1.70GHz
stepping	: 1
microcode	: 0x17
cpu MHz		: 2652.281
cache size	: 3072 KB
physical id	: 0
siblings	: 4
core id		: 0
cpu cores	: 2
apicid		: 1
initial apicid	: 1
fpu		: yes
fpu_exception	: yes
cpuid level	: 13
wp		: yes
flags		: fpu vme de pse tsc msr pae mce cx8 apic sep mtrr pge mca cmov pat pse36 clflush dts acpi mmx fxsr sse sse2 ss ht tm pbe syscall nx pdpe1gb rdtscp lm constant_tsc arch_perfmon pebs bts rep_good nopl xtopology nonstop_tsc aperfmperf eagerfpu pni pclmulqdq dtes64 monitor ds_cpl vmx est tm2 ssse3 fma cx16 xtpr pdcm pcid sse4_1 sse4_2 movbe popcnt tsc_deadline_timer aes xsave avx f16c rdrand lahf_lm abm ida arat epb pln pts dtherm tpr_shadow vnmi flexpriority ept vpid fsgsbase tsc_adjust bmi1 avx2 smep bmi2 erms invpcid xsaveopt
bugs		:
bogomips	: 4789.04
clflush size	: 64
cache_alignment	: 64
address sizes	: 39 bits physical, 48 bits virtual
power management:

processor	: 2
vendor_id	: GenuineIntel
cpu family	: 6
model		: 69
model name	: Intel(R) Core(TM) i5-4210U CPU @ 1.70GHz
stepping	: 1
microcode	: 0x17
cpu MHz		: 1139.812
cache size	: 3072 KB
physical id	: 0
siblings	: 4
core id		: 1
cpu cores	: 2
apicid		: 2
initial apicid	: 2
fpu		: yes
fpu_exception	: yes
cpuid level	: 13
wp		: yes
flags		: fpu vme de pse tsc msr pae mce cx8 apic sep mtrr pge mca cmov pat pse36 clflush dts acpi mmx fxsr sse sse2 ss ht tm pbe syscall nx pdpe1gb rdtscp lm constant_tsc arch_perfmon pebs bts rep_good nopl xtopology nonstop_tsc aperfmperf eagerfpu pni pclmulqdq dtes64 monitor ds_cpl vmx est tm2 ssse3 fma cx16 xtpr pdcm pcid sse4_1 sse4_2 movbe popcnt tsc_deadline_timer aes xsave avx f16c rdrand lahf_lm abm ida arat epb pln pts dtherm tpr_shadow vnmi flexpriority ept vpid fsgsbase tsc_adjust bmi1 avx2 smep bmi2 erms invpcid xsaveopt
bugs		:
bogomips	: 4789.04
clflush size	: 64
cache_alignment	: 64
address sizes	: 39 bits physical, 48 bits virtual
power management:

processor	: 3
vendor_id	: GenuineIntel
cpu family	: 6
model		: 69
model name	: Intel(R) Core(TM) i5-4210U CPU @ 1.70GHz
stepping	: 1
microcode	: 0x17
cpu MHz		: 2533.031
cache size	: 3072 KB
physical id	: 0
siblings	: 4
core id		: 1
cpu cores	: 2
apicid		: 3
initial apicid	: 3
fpu		: yes
fpu_exception	: yes
cpuid level	: 13
wp		: yes
flags		: fpu vme de pse tsc msr pae mce cx8 apic sep mtrr pge mca cmov pat pse36 clflush dts acpi mmx fxsr sse sse2 ss ht tm pbe syscall nx pdpe1gb rdtscp lm constant_tsc arch_perfmon pebs bts rep_good nopl xtopology nonstop_tsc aperfmperf eagerfpu pni pclmulqdq dtes64 monitor ds_cpl vmx est tm2 ssse3 fma cx16 xtpr pdcm pcid sse4_1 sse4_2 movbe popcnt tsc_deadline_timer aes xsave avx f16c rdrand lahf_lm abm ida arat epb pln pts dtherm tpr_shadow vnmi flexpriority ept vpid fsgsbase tsc_adjust bmi1 avx2 smep bmi2 erms invpcid xsaveopt
bugs		:
bogomips	: 4789.04
clflush size	: 64
cache_alignment	: 64
address sizes	: 39 bits physical, 48 bits virtual
power management:



Memory: 4k page, physical 8069560k(59816k free), swap 2000892k(336k free)

vm_info: OpenJDK 64-Bit Server VM (24.95-b01) for linux-amd64 JRE (1.7.0_101-b00), built on Apr 24 2016 20:39:29 by "buildd" with gcc 4.8.2

time: Sun Oct 16 02:43:22 2016
elapsed time: 232 seconds

