#
# There is insufficient memory for the Java Runtime Environment to continue.
# Native memory allocation (malloc) failed to allocate 353370112 bytes for committing reserved memory.
# Possible reasons:
#   The system is out of physical RAM or swap space
#   In 32 bit mode, the process size limit was hit
# Possible solutions:
#   Reduce memory load on the system
#   Increase physical memory or swap space
#   Check if swap backing store is full
#   Use 64 bit Java on a 64 bit OS
#   Decrease Java heap size (-Xmx/-Xms)
#   Decrease number of Java threads
#   Decrease Java thread stack sizes (-Xss)
#   Set larger code cache with -XX:ReservedCodeCacheSize=
# This output file may be truncated or incomplete.
#
#  Out of Memory Error (os_linux.cpp:2827), pid=4972, tid=140270987540224
#
# JRE version: OpenJDK Runtime Environment (7.0_101) (build 1.7.0_101-b00)
# Java VM: OpenJDK 64-Bit Server VM (24.95-b01 mixed mode linux-amd64 compressed oops)
# Derivative: IcedTea 2.6.6
# Distribution: Ubuntu 14.04 LTS, package 7u101-2.6.6-0ubuntu0.14.04.1
# Failed to write core dump. Core dumps have been disabled. To enable core dumping, try "ulimit -c unlimited" before starting Java again
#

---------------  T H R E A D  ---------------

Current thread (0x00007f937407a000):  VMThread [stack: 0x00007f9362527000,0x00007f9362628000] [id=4993]

Stack: [0x00007f9362527000,0x00007f9362628000],  sp=0x00007f9362626490,  free space=1021k
Native frames: (J=compiled Java code, j=interpreted, Vv=VM code, C=native code)
V  [libjvm.so+0x955705]
V  [libjvm.so+0x490c44]
V  [libjvm.so+0x7d0c9b]
V  [libjvm.so+0x7cb75f]
V  [libjvm.so+0x83ee5b]
V  [libjvm.so+0x83fcc0]
V  [libjvm.so+0x8403ab]
V  [libjvm.so+0x83c5e8]
V  [libjvm.so+0x83ce58]
V  [libjvm.so+0x7f34a3]
V  [libjvm.so+0x957104]
V  [libjvm.so+0x95b207]
V  [libjvm.so+0x959cc8]
V  [libjvm.so+0x95a129]
V  [libjvm.so+0x95a572]
V  [libjvm.so+0x7cdb62]

VM_Operation (0x00007f935a6e8e60): ParallelGCFailedAllocation, mode: safepoint, requested by thread 0x00007f93283a5800


---------------  P R O C E S S  ---------------

Java Threads: ( => current thread )
  0x00007f9330007000 JavaThread "shuffle-server-3" daemon [_thread_blocked, id=5374, stack(0x00007f92e8efc000,0x00007f92e8ffd000)]
  0x00007f9330006000 JavaThread "shuffle-server-2" daemon [_thread_blocked, id=5272, stack(0x00007f92e8cfa000,0x00007f92e8dfb000)]
  0x00007f931000d800 JavaThread "shuffle-server-3" daemon [_thread_blocked, id=5250, stack(0x00007f92e8bf9000,0x00007f92e8cfa000)]
  0x00007f9314030000 JavaThread "kill-executor-thread" daemon [_thread_blocked, id=5209, stack(0x00007f92e8dfb000,0x00007f92e8efc000)]
  0x00007f932000b000 JavaThread "task-result-getter-3" daemon [_thread_blocked, id=5175, stack(0x00007f9358cd1000,0x00007f9358dd2000)]
  0x00007f931402a800 JavaThread "shuffle-client-0" daemon [_thread_blocked, id=5141, stack(0x00007f92e88f6000,0x00007f92e89f7000)]
  0x00007f9318006800 JavaThread "task-result-getter-2" daemon [_thread_blocked, id=5140, stack(0x00007f9358ed3000,0x00007f9358fd4000)]
  0x00007f931404d800 JavaThread "task-result-getter-1" daemon [_thread_blocked, id=5124, stack(0x00007f92e89f7000,0x00007f92e8af8000)]
  0x00007f9320007000 JavaThread "task-result-getter-0" daemon [_thread_blocked, id=5097, stack(0x00007f93580ba000,0x00007f93581bb000)]
  0x00007f9330003800 JavaThread "shuffle-server-1" daemon [_thread_blocked, id=5095, stack(0x00007f93581bb000,0x00007f93582bc000)]
  0x00007f931000a800 JavaThread "shuffle-server-2" daemon [_thread_blocked, id=5088, stack(0x00007f93582bc000,0x00007f93583bd000)]
  0x00007f9310008800 JavaThread "shuffle-server-1" daemon [_thread_blocked, id=5076, stack(0x00007f93583bd000,0x00007f93584be000)]
  0x00007f9328969800 JavaThread "SparkListenerBus" daemon [_thread_blocked, id=5063, stack(0x00007f93586cb000,0x00007f93587cc000)]
  0x00007f9328965800 JavaThread "context-cleaner-periodic-gc" daemon [_thread_blocked, id=5062, stack(0x00007f93587cc000,0x00007f93588cd000)]
  0x00007f9328964800 JavaThread "Spark Context Cleaner" daemon [_thread_blocked, id=5061, stack(0x00007f93588cd000,0x00007f93589ce000)]
  0x00007f9328890000 JavaThread "shuffle-server-0" daemon [_thread_blocked, id=5042, stack(0x00007f93589ce000,0x00007f9358acf000)]
  0x00007f9328818000 JavaThread "threadDeathWatcher-2-1" daemon [_thread_blocked, id=5041, stack(0x00007f9358acf000,0x00007f9358bd0000)]
  0x00007f931c006000 JavaThread "shuffle-client-0" daemon [_thread_blocked, id=5040, stack(0x00007f9358bd0000,0x00007f9358cd1000)]
  0x00007f9318009000 JavaThread "appclient-registration-retry-thread" daemon [_thread_blocked, id=5038, stack(0x00007f9358dd2000,0x00007f9358ed3000)]
  0x00007f9320003000 JavaThread "driver-revive-thread" daemon [_thread_blocked, id=5036, stack(0x00007f9358fd4000,0x00007f93590d5000)]
  0x00007f93287fd000 JavaThread "dag-scheduler-event-loop" daemon [_thread_blocked, id=5035, stack(0x00007f93590d5000,0x00007f93591d6000)]
  0x00007f9308006000 JavaThread "netty-rpc-env-timeout" daemon [_thread_blocked, id=5034, stack(0x00007f93591d6000,0x00007f93592d7000)]
  0x00007f93287cb800 JavaThread "Timer-0" daemon [_thread_blocked, id=5033, stack(0x00007f93592d7000,0x00007f93593d8000)]
  0x00007f9314001800 JavaThread "heartbeat-receiver-event-loop-thread" daemon [_thread_blocked, id=5032, stack(0x00007f93593d8000,0x00007f93594d9000)]
  0x00007f932878d800 JavaThread "SparkUI-46" daemon [_thread_blocked, id=5031, stack(0x00007f93594d9000,0x00007f93595da000)]
  0x00007f932878b800 JavaThread "SparkUI-45" daemon [_thread_blocked, id=5030, stack(0x00007f93595da000,0x00007f93596db000)]
  0x00007f932878a000 JavaThread "SparkUI-44" daemon [_thread_blocked, id=5029, stack(0x00007f93596db000,0x00007f93597dc000)]
  0x00007f9328788000 JavaThread "SparkUI-43" daemon [_thread_blocked, id=5028, stack(0x00007f93597dc000,0x00007f93598dd000)]
  0x00007f9328786800 JavaThread "SparkUI-42" daemon [_thread_blocked, id=5027, stack(0x00007f93598dd000,0x00007f93599de000)]
  0x00007f9328784800 JavaThread "SparkUI-41-selector-ServerConnectorManager@7ec98afc/1" daemon [_thread_in_native, id=5026, stack(0x00007f93599de000,0x00007f9359adf000)]
  0x00007f932877d000 JavaThread "SparkUI-40-acceptor-0@5817a729-ServerConnector@78dfa1ed{HTTP/1.1}{0.0.0.0:4040}" daemon [_thread_in_native, id=5025, stack(0x00007f9359adf000,0x00007f9359be0000)]
  0x00007f932877c000 JavaThread "SparkUI-39-selector-ServerConnectorManager@7ec98afc/0" daemon [_thread_in_native, id=5024, stack(0x00007f9359be0000,0x00007f9359ce1000)]
  0x00007f932849d000 JavaThread "refresh progress" daemon [_thread_blocked, id=5022, stack(0x00007f9359ce1000,0x00007f9359de2000)]
  0x00007f93283d4800 JavaThread "map-output-dispatcher-7" daemon [_thread_blocked, id=5021, stack(0x00007f9359de2000,0x00007f9359ee3000)]
  0x00007f93283d2800 JavaThread "map-output-dispatcher-6" daemon [_thread_blocked, id=5020, stack(0x00007f9359ee3000,0x00007f9359fe4000)]
  0x00007f93283d0800 JavaThread "map-output-dispatcher-5" daemon [_thread_blocked, id=5019, stack(0x00007f9359fe4000,0x00007f935a0e5000)]
  0x00007f93283ce800 JavaThread "map-output-dispatcher-4" daemon [_thread_blocked, id=5018, stack(0x00007f935a0e5000,0x00007f935a1e6000)]
  0x00007f93283cd000 JavaThread "map-output-dispatcher-3" daemon [_thread_blocked, id=5017, stack(0x00007f935a1e6000,0x00007f935a2e7000)]
  0x00007f93283cb000 JavaThread "map-output-dispatcher-2" daemon [_thread_blocked, id=5016, stack(0x00007f935a2e7000,0x00007f935a3e8000)]
  0x00007f93283c9800 JavaThread "map-output-dispatcher-1" daemon [_thread_blocked, id=5015, stack(0x00007f935a3e8000,0x00007f935a4e9000)]
  0x00007f93283c8800 JavaThread "map-output-dispatcher-0" daemon [_thread_blocked, id=5014, stack(0x00007f935a4e9000,0x00007f935a5ea000)]
  0x00007f93283a5800 JavaThread "shuffle-server-0" daemon [_thread_blocked, id=5013, stack(0x00007f935a5ea000,0x00007f935a6eb000)]
  0x00007f9328265800 JavaThread "dispatcher-event-loop-3" daemon [_thread_blocked, id=5011, stack(0x00007f935a6eb000,0x00007f935a7ec000)]
  0x00007f9328264000 JavaThread "dispatcher-event-loop-2" daemon [_thread_blocked, id=5010, stack(0x00007f935a7ec000,0x00007f935a8ed000)]
  0x00007f932826c800 JavaThread "dispatcher-event-loop-1" daemon [_thread_blocked, id=5009, stack(0x00007f935a8ed000,0x00007f935a9ee000)]
  0x00007f932826b800 JavaThread "dispatcher-event-loop-0" daemon [_thread_blocked, id=5008, stack(0x00007f935ac16000,0x00007f935ad17000)]
  0x00007f9324008000 JavaThread "Thread-2" [_thread_blocked, id=5004, stack(0x00007f935af20000,0x00007f935b021000)]
  0x00007f9374d9c800 JavaThread "Thread-1" [_thread_in_native, id=5003, stack(0x00007f935b021000,0x00007f935b122000)]
  0x00007f9374d8b800 JavaThread "pool-1-thread-1" [_thread_blocked, id=5002, stack(0x00007f935b122000,0x00007f935b223000)]
  0x00007f93740b2800 JavaThread "Service Thread" daemon [_thread_blocked, id=4999, stack(0x00007f936183f000,0x00007f9361940000)]
  0x00007f93740b0800 JavaThread "C2 CompilerThread1" daemon [_thread_blocked, id=4998, stack(0x00007f9361940000,0x00007f9361a41000)]
  0x00007f93740ad800 JavaThread "C2 CompilerThread0" daemon [_thread_blocked, id=4997, stack(0x00007f9361a41000,0x00007f9361b42000)]
  0x00007f93740ab800 JavaThread "Signal Dispatcher" daemon [_thread_blocked, id=4996, stack(0x00007f9361b42000,0x00007f9361c43000)]
  0x00007f9374080800 JavaThread "Finalizer" daemon [_thread_blocked, id=4995, stack(0x00007f9362325000,0x00007f9362426000)]
  0x00007f937407e800 JavaThread "Reference Handler" daemon [_thread_blocked, id=4994, stack(0x00007f9362426000,0x00007f9362527000)]
  0x00007f937400e800 JavaThread "main" [_thread_in_native, id=4988, stack(0x00007f937bfd5000,0x00007f937c0d6000)]

Other Threads:
=>0x00007f937407a000 VMThread [stack: 0x00007f9362527000,0x00007f9362628000] [id=4993]
  0x00007f93740c5800 WatcherThread [stack: 0x00007f936173e000,0x00007f936183f000] [id=5000]

VM state:at safepoint (normal execution)

VM Mutex/Monitor currently owned by a thread:  ([mutex/lock_event])
[0x00007f937400af70] Threads_lock - owner thread: 0x00007f937407a000
[0x00007f937400b470] Heap_lock - owner thread: 0x00007f93283a5800

Heap
 PSYoungGen      total 700928K, used 67296K [0x00000007aaa80000, 0x00000007da300000, 0x0000000800000000)
  eden space 623104K, 0% used [0x00000007aaa80000,0x00000007aaa80000,0x00000007d0b00000)
  from space 77824K, 86% used [0x00000007d0b00000,0x00000007d4cb8040,0x00000007d5700000)
  to   space 63488K, 0% used [0x00000007d6500000,0x00000007d6500000,0x00000007da300000)
 ParOldGen       total 306688K, used 198658K [0x0000000700000000, 0x0000000712b80000, 0x00000007aaa80000)
  object space 306688K, 64% used [0x0000000700000000,0x000000070c200b88,0x0000000712b80000)
 PSPermGen       total 123904K, used 69249K [0x00000006f0000000, 0x00000006f7900000, 0x0000000700000000)
  object space 123904K, 55% used [0x00000006f0000000,0x00000006f43a04c0,0x00000006f7900000)

Card table byte_map: [0x00007f9378390000,0x00007f9378c11000] byte_map_base: 0x00007f9374c10000

Polling page: 0x00007f937c0fb000

Code Cache  [0x00007f9371000000, 0x00007f9371310000, 0x00007f9374000000)
 total_blobs=1861 nmethods=1361 adapters=451 free_code_cache=46122Kb largest_free_block=47179584

Compilation events (10 events):
Event: 809,050 Thread 0x00007f93740ad800 1457             scala.collection.mutable.LinkedHashMap::seedvalue (5 bytes)
Event: 809,050 Thread 0x00007f93740ad800 nmethod 1457 0x00007f937129ef90 code [0x00007f937129f0c0, 0x00007f937129f118]
Event: 809,050 Thread 0x00007f93740ad800 1458             scala.collection.mutable.LinkedHashMap::improve (7 bytes)
Event: 809,064 Thread 0x00007f93740ad800 nmethod 1458 0x00007f93712f7a90 code [0x00007f93712f7bc0, 0x00007f93712f7c38]
Event: 814,053 Thread 0x00007f93740b0800 1459             sun.nio.ch.EPollSelectorImpl::updateSelectedKeys (150 bytes)
Event: 814,170 Thread 0x00007f93740b0800 nmethod 1459 0x00007f93712fb850 code [0x00007f93712fba20, 0x00007f93712fbff8]
Event: 827,322 Thread 0x00007f93740ad800 1460             io.netty.channel.nio.NioEventLoop::processSelectedKeysOptimized (103 bytes)
Event: 827,363 Thread 0x00007f93740ad800 nmethod 1460 0x00007f93712fec50 code [0x00007f93712fee20, 0x00007f93712ff448]
Event: 832,717 Thread 0x00007f93740b0800 1461             scala.collection.mutable.ArrayOps$ofRef::foreach (6 bytes)
Event: 833,050 Thread 0x00007f93740b0800 nmethod 1461 0x00007f93712ffcd0 code [0x00007f93712ffe20, 0x00007f93712fff38]

GC Heap History (10 events):
Event: 118,436 GC heap after
Heap after GC invocations=13 (full 2):
 PSYoungGen      total 346112K, used 41467K [0x00000007aaa80000, 0x00000007ce800000, 0x0000000800000000)
  eden space 304640K, 0% used [0x00000007aaa80000,0x00000007aaa80000,0x00000007bd400000)
  from space 41472K, 99% used [0x00000007bd400000,0x00000007bfc7ed38,0x00000007bfc80000)
  to   space 71680K, 0% used [0x00000007ca200000,0x00000007ca200000,0x00000007ce800000)
 ParOldGen       total 245248K, used 196999K [0x0000000700000000, 0x000000070ef80000, 0x00000007aaa80000)
  object space 245248K, 80% used [0x0000000700000000,0x000000070c061ee0,0x000000070ef80000)
 PSPermGen       total 116736K, used 68826K [0x00000006f0000000, 0x00000006f7200000, 0x0000000700000000)
  object space 116736K, 58% used [0x00000006f0000000,0x00000006f43368c0,0x00000006f7200000)
}
Event: 118,436 GC heap before
{Heap before GC invocations=14 (full 3):
 PSYoungGen      total 346112K, used 41467K [0x00000007aaa80000, 0x00000007ce800000, 0x0000000800000000)
  eden space 304640K, 0% used [0x00000007aaa80000,0x00000007aaa80000,0x00000007bd400000)
  from space 41472K, 99% used [0x00000007bd400000,0x00000007bfc7ed38,0x00000007bfc80000)
  to   space 71680K, 0% used [0x00000007ca200000,0x00000007ca200000,0x00000007ce800000)
 ParOldGen       total 245248K, used 196999K [0x0000000700000000, 0x000000070ef80000, 0x00000007aaa80000)
  object space 245248K, 80% used [0x0000000700000000,0x000000070c061ee0,0x000000070ef80000)
 PSPermGen       total 116736K, used 68826K [0x00000006f0000000, 0x00000006f7200000, 0x0000000700000000)
  object space 116736K, 58% used [0x00000006f0000000,0x00000006f43368c0,0x00000006f7200000)
Event: 118,661 GC heap after
Heap after GC invocations=14 (full 3):
 PSYoungGen      total 346112K, used 0K [0x00000007aaa80000, 0x00000007ce800000, 0x0000000800000000)
  eden space 304640K, 0% used [0x00000007aaa80000,0x00000007aaa80000,0x00000007bd400000)
  from space 41472K, 0% used [0x00000007bd400000,0x00000007bd400000,0x00000007bfc80000)
  to   space 71680K, 0% used [0x00000007ca200000,0x00000007ca200000,0x00000007ce800000)
 ParOldGen       total 306688K, used 171329K [0x0000000700000000, 0x0000000712b80000, 0x00000007aaa80000)
  object space 306688K, 55% used [0x0000000700000000,0x000000070a750408,0x0000000712b80000)
 PSPermGen       total 123904K, used 68825K [0x00000006f0000000, 0x00000006f7900000, 0x0000000700000000)
  object space 123904K, 55% used [0x00000006f0000000,0x00000006f4336598,0x00000006f7900000)
}
Event: 276,415 GC heap before
{Heap before GC invocations=15 (full 3):
 PSYoungGen      total 346112K, used 304621K [0x00000007aaa80000, 0x00000007ce800000, 0x0000000800000000)
  eden space 304640K, 99% used [0x00000007aaa80000,0x00000007bd3fb7c8,0x00000007bd400000)
  from space 41472K, 0% used [0x00000007bd400000,0x00000007bd400000,0x00000007bfc80000)
  to   space 71680K, 0% used [0x00000007ca200000,0x00000007ca200000,0x00000007ce800000)
 ParOldGen       total 306688K, used 171329K [0x0000000700000000, 0x0000000712b80000, 0x00000007aaa80000)
  object space 306688K, 55% used [0x0000000700000000,0x000000070a750408,0x0000000712b80000)
 PSPermGen       total 123904K, used 69093K [0x00000006f0000000, 0x00000006f7900000, 0x0000000700000000)
  object space 123904K, 55% used [0x00000006f0000000,0x00000006f43795a8,0x00000006f7900000)
Event: 283,719 GC heap after
Heap after GC invocations=15 (full 3):
 PSYoungGen      total 507904K, used 57733K [0x00000007aaa80000, 0x00000007cff80000, 0x0000000800000000)
  eden space 436224K, 0% used [0x00000007aaa80000,0x00000007aaa80000,0x00000007c5480000)
  from space 71680K, 80% used [0x00000007ca200000,0x00000007cda61698,0x00000007ce800000)
  to   space 79360K, 0% used [0x00000007c5480000,0x00000007c5480000,0x00000007ca200000)
 ParOldGen       total 306688K, used 171329K [0x0000000700000000, 0x0000000712b80000, 0x00000007aaa80000)
  object space 306688K, 55% used [0x0000000700000000,0x000000070a750408,0x0000000712b80000)
 PSPermGen       total 123904K, used 69093K [0x00000006f0000000, 0x00000006f7900000, 0x0000000700000000)
  object space 123904K, 55% used [0x00000006f0000000,0x00000006f43795a8,0x00000006f7900000)
}
Event: 294,664 GC heap before
{Heap before GC invocations=16 (full 3):
 PSYoungGen      total 507904K, used 484555K [0x00000007aaa80000, 0x00000007cff80000, 0x0000000800000000)
  eden space 436224K, 97% used [0x00000007aaa80000,0x00000007c4b51680,0x00000007c5480000)
  from space 71680K, 80% used [0x00000007ca200000,0x00000007cda61698,0x00000007ce800000)
  to   space 79360K, 0% used [0x00000007c5480000,0x00000007c5480000,0x00000007ca200000)
 ParOldGen       total 306688K, used 171329K [0x0000000700000000, 0x0000000712b80000, 0x00000007aaa80000)
  object space 306688K, 55% used [0x0000000700000000,0x000000070a750408,0x0000000712b80000)
 PSPermGen       total 123904K, used 69118K [0x00000006f0000000, 0x00000006f7900000, 0x0000000700000000)
  object space 123904K, 55% used [0x00000006f0000000,0x00000006f437f8e8,0x00000006f7900000)
Event: 294,682 GC heap after
Heap after GC invocations=16 (full 3):
 PSYoungGen      total 515584K, used 192K [0x00000007aaa80000, 0x00000007db200000, 0x0000000800000000)
  eden space 436224K, 0% used [0x00000007aaa80000,0x00000007aaa80000,0x00000007c5480000)
  from space 79360K, 0% used [0x00000007c5480000,0x00000007c54b0000,0x00000007ca200000)
  to   space 78848K, 0% used [0x00000007d6500000,0x00000007d6500000,0x00000007db200000)
 ParOldGen       total 306688K, used 182234K [0x0000000700000000, 0x0000000712b80000, 0x00000007aaa80000)
  object space 306688K, 59% used [0x0000000700000000,0x000000070b1f6b78,0x0000000712b80000)
 PSPermGen       total 123904K, used 69118K [0x00000006f0000000, 0x00000006f7900000, 0x0000000700000000)
  object space 123904K, 55% used [0x00000006f0000000,0x00000006f437f8e8,0x00000006f7900000)
}
Event: 300,307 GC heap before
{Heap before GC invocations=17 (full 3):
 PSYoungGen      total 515584K, used 420468K [0x00000007aaa80000, 0x00000007db200000, 0x0000000800000000)
  eden space 436224K, 96% used [0x00000007aaa80000,0x00000007c44ed188,0x00000007c5480000)
  from space 79360K, 0% used [0x00000007c5480000,0x00000007c54b0000,0x00000007ca200000)
  to   space 78848K, 0% used [0x00000007d6500000,0x00000007d6500000,0x00000007db200000)
 ParOldGen       total 306688K, used 182234K [0x0000000700000000, 0x0000000712b80000, 0x00000007aaa80000)
  object space 306688K, 59% used [0x0000000700000000,0x000000070b1f6b78,0x0000000712b80000)
 PSPermGen       total 123904K, used 69132K [0x00000006f0000000, 0x00000006f7900000, 0x0000000700000000)
  object space 123904K, 55% used [0x00000006f0000000,0x00000006f43831e0,0x00000006f7900000)
Event: 300,322 GC heap after
Heap after GC invocations=17 (full 3):
 PSYoungGen      total 686592K, used 160K [0x00000007aaa80000, 0x00000007da300000, 0x0000000800000000)
  eden space 623104K, 0% used [0x00000007aaa80000,0x00000007aaa80000,0x00000007d0b00000)
  from space 63488K, 0% used [0x00000007d6500000,0x00000007d6528000,0x00000007da300000)
  to   space 77824K, 0% used [0x00000007d0b00000,0x00000007d0b00000,0x00000007d5700000)
 ParOldGen       total 306688K, used 182250K [0x0000000700000000, 0x0000000712b80000, 0x00000007aaa80000)
  object space 306688K, 59% used [0x0000000700000000,0x000000070b1fab78,0x0000000712b80000)
 PSPermGen       total 123904K, used 69132K [0x00000006f0000000, 0x00000006f7900000, 0x0000000700000000)
  object space 123904K, 55% used [0x00000006f0000000,0x00000006f43831e0,0x00000006f7900000)
}
Event: 836,273 GC heap before
{Heap before GC invocations=18 (full 3):
 PSYoungGen      total 686592K, used 619270K [0x00000007aaa80000, 0x00000007da300000, 0x0000000800000000)
  eden space 623104K, 99% used [0x00000007aaa80000,0x00000007d0719ba8,0x00000007d0b00000)
  from space 63488K, 0% used [0x00000007d6500000,0x00000007d6528000,0x00000007da300000)
  to   space 77824K, 0% used [0x00000007d0b00000,0x00000007d0b00000,0x00000007d5700000)
 ParOldGen       total 306688K, used 182250K [0x0000000700000000, 0x0000000712b80000, 0x00000007aaa80000)
  object space 306688K, 59% used [0x0000000700000000,0x000000070b1fab78,0x0000000712b80000)
 PSPermGen       total 123904K, used 69249K [0x00000006f0000000, 0x00000006f7900000, 0x0000000700000000)
  object space 123904K, 55% used [0x00000006f0000000,0x00000006f43a04c0,0x00000006f7900000)

Deoptimization events (10 events):
Event: 554,668 Thread 0x00007f931c006000 Uncommon trap: reason=unstable_if action=reinterpret pc=0x00007f93712bc064 method=io.netty.buffer.PoolChunk.free(J)V @ 12
Event: 560,727 Thread 0x00007f931c006000 Uncommon trap: reason=unstable_if action=reinterpret pc=0x00007f93712b7e20 method=io.netty.buffer.PoolChunk.free(J)V @ 12
Event: 592,502 Thread 0x00007f9330007000 Uncommon trap: reason=bimorphic action=maybe_recompile pc=0x00007f93712abd74 method=io.netty.buffer.AbstractDerivedByteBuf.refCnt()I @ 1
Event: 596,285 Thread 0x00007f9330007000 Uncommon trap: reason=bimorphic action=maybe_recompile pc=0x00007f93712abd74 method=io.netty.buffer.AbstractDerivedByteBuf.refCnt()I @ 1
Event: 721,768 Thread 0x00007f931000a800 Uncommon trap: reason=unstable_if action=reinterpret pc=0x00007f937105e730 method=sun.nio.cs.UTF_8$Decoder.decode([BII[C)I @ 30
Event: 721,907 Thread 0x00007f931000a800 Uncommon trap: reason=unstable_if action=reinterpret pc=0x00007f937115a73c method=java.lang.StringCoding.safeTrim([CILjava/nio/charset/Charset;Z)[C @ 3
Event: 735,570 Thread 0x00007f931000a800 Uncommon trap: reason=unstable_if action=reinterpret pc=0x00007f93711343f0 method=sun.nio.cs.UTF_8$Encoder.encodeArrayLoop(Ljava/nio/CharBuffer;Ljava/nio/ByteBuffer;)Ljava/nio/charset/CoderResult; @ 87
Event: 770,457 Thread 0x00007f93283a5800 Uncommon trap: reason=bimorphic action=maybe_recompile pc=0x00007f93712a2198 method=org.apache.spark.network.util.TransportFrameDecoder.decodeNext()Lio/netty/buffer/ByteBuf; @ 168
Event: 770,677 Thread 0x00007f93283a5800 Uncommon trap: reason=unstable_if action=reinterpret pc=0x00007f93712d9ba0 method=io.netty.buffer.AbstractDerivedByteBuf.release()Z @ 7
Event: 818,228 Thread 0x00007f93283a5800 Uncommon trap: reason=unstable_if action=reinterpret pc=0x00007f937128694c method=io.netty.buffer.PoolChunk.usage()I @ 6

Internal exceptions (10 events):
Event: 561,041 Thread 0x00007f932826b800 Threw 0x00000007bcdc3018 at /build/openjdk-7-9duhBW/openjdk-7-7u101-2.6.6/build/openjdk/hotspot/src/share/vm/prims/jvm.cpp:1322
Event: 562,216 Thread 0x00007f932826b800 Threw 0x00000007bcde2478 at /build/openjdk-7-9duhBW/openjdk-7-7u101-2.6.6/build/openjdk/hotspot/src/share/vm/prims/jvm.cpp:1322
Event: 562,885 Thread 0x00007f932826b800 Threw 0x00000007bcdf7cd0 at /build/openjdk-7-9duhBW/openjdk-7-7u101-2.6.6/build/openjdk/hotspot/src/share/vm/prims/jvm.cpp:1322
Event: 722,465 Thread 0x00007f931000a800 Threw 0x00000007cb1829b0 at /build/openjdk-7-9duhBW/openjdk-7-7u101-2.6.6/build/openjdk/hotspot/src/share/vm/prims/jni.cpp:721
Event: 723,158 Thread 0x00007f9328265800 Threw 0x00000007be310748 at /build/openjdk-7-9duhBW/openjdk-7-7u101-2.6.6/build/openjdk/hotspot/src/share/vm/prims/jvm.cpp:1322
Event: 723,423 Thread 0x00007f931000a800 Threw 0x00000007cb1855e0 at /build/openjdk-7-9duhBW/openjdk-7-7u101-2.6.6/build/openjdk/hotspot/src/share/vm/prims/jvm.cpp:1322
Event: 729,467 Thread 0x00007f931000a800 Threw 0x00000007cb192e70 at /build/openjdk-7-9duhBW/openjdk-7-7u101-2.6.6/build/openjdk/hotspot/src/share/vm/prims/jvm.cpp:1322
Event: 732,436 Thread 0x00007f931000a800 Threw 0x00000007cb1a0138 at /build/openjdk-7-9duhBW/openjdk-7-7u101-2.6.6/build/openjdk/hotspot/src/share/vm/prims/jvm.cpp:1322
Event: 735,696 Thread 0x00007f931000a800 Threw 0x00000007cb1c3128 at /build/openjdk-7-9duhBW/openjdk-7-7u101-2.6.6/build/openjdk/hotspot/src/share/vm/prims/jvm.cpp:1322
Event: 737,236 Thread 0x00007f931000a800 Threw 0x00000007cb1ca5c8 at /build/openjdk-7-9duhBW/openjdk-7-7u101-2.6.6/build/openjdk/hotspot/src/share/vm/prims/jvm.cpp:1322

Events (10 events):
Event: 770,457 Thread 0x00007f93283a5800 Uncommon trap: trap_request=0xffffffc6 fr.pc=0x00007f93712a2198
Event: 770,457 Thread 0x00007f93283a5800 DEOPT PACKING pc=0x00007f93712a2198 sp=0x00007f935a6e94c0
Event: 770,457 Thread 0x00007f93283a5800 DEOPT UNPACKING pc=0x00007f9371039445 sp=0x00007f935a6e94a8 mode 2
Event: 770,677 Thread 0x00007f93283a5800 Uncommon trap: trap_request=0xffffff75 fr.pc=0x00007f93712d9ba0
Event: 770,677 Thread 0x00007f93283a5800 DEOPT PACKING pc=0x00007f93712d9ba0 sp=0x00007f935a6e8ec0
Event: 770,677 Thread 0x00007f93283a5800 DEOPT UNPACKING pc=0x00007f9371039445 sp=0x00007f935a6e8e30 mode 2
Event: 818,228 Thread 0x00007f93283a5800 Uncommon trap: trap_request=0xffffff75 fr.pc=0x00007f937128694c
Event: 818,228 Thread 0x00007f93283a5800 DEOPT PACKING pc=0x00007f937128694c sp=0x00007f935a6e9370
Event: 818,228 Thread 0x00007f93283a5800 DEOPT UNPACKING pc=0x00007f9371039445 sp=0x00007f935a6e9328 mode 2
Event: 834,876 Executing VM operation: ParallelGCFailedAllocation


Dynamic libraries:
00400000-00401000 r-xp 00000000 08:02 42076779                           /usr/lib/jvm/java-7-openjdk-amd64/jre/bin/java
00600000-00601000 r--p 00000000 08:02 42076779                           /usr/lib/jvm/java-7-openjdk-amd64/jre/bin/java
00601000-00602000 rw-p 00001000 08:02 42076779                           /usr/lib/jvm/java-7-openjdk-amd64/jre/bin/java
0205b000-04085000 rw-p 00000000 00:00 0                                  [heap]
6f0000000-6f7900000 rw-p 00000000 00:00 0 
6f7900000-700000000 rw-p 00000000 00:00 0 
700000000-712b80000 rw-p 00000000 00:00 0 
712b80000-7aaa80000 rw-p 00000000 00:00 0 
7aaa80000-7da300000 rw-p 00000000 00:00 0 
7ef400000-800000000 rw-p 00000000 00:00 0 
7f92e2fff000-7f92e4000000 rw-p 00000000 00:00 0 
7f92e4000000-7f92e4021000 rw-p 00000000 00:00 0 
7f92e4021000-7f92e8000000 ---p 00000000 00:00 0 
7f92e88f6000-7f92e88f9000 ---p 00000000 00:00 0 
7f92e88f9000-7f92e89f7000 rw-p 00000000 00:00 0 
7f92e89f7000-7f92e89fa000 ---p 00000000 00:00 0 
7f92e89fa000-7f92e8af8000 rw-p 00000000 00:00 0 
7f92e8af8000-7f92e8afb000 ---p 00000000 00:00 0 
7f92e8afb000-7f92e8bf9000 rw-p 00000000 00:00 0 
7f92e8bf9000-7f92e8bfc000 ---p 00000000 00:00 0 
7f92e8bfc000-7f92e8cfa000 rw-p 00000000 00:00 0 
7f92e8cfa000-7f92e8cfd000 ---p 00000000 00:00 0 
7f92e8cfd000-7f92e8dfb000 rw-p 00000000 00:00 0 
7f92e8dfb000-7f92e8dfe000 ---p 00000000 00:00 0 
7f92e8dfe000-7f92e8efc000 rw-p 00000000 00:00 0 
7f92e8efc000-7f92e8eff000 ---p 00000000 00:00 0 
7f92e8eff000-7f92ec000000 rw-p 00000000 00:00 0 
7f92ec000000-7f92ec021000 rw-p 00000000 00:00 0 
7f92ec021000-7f92f0000000 ---p 00000000 00:00 0 
7f92f0000000-7f92f0021000 rw-p 00000000 00:00 0 
7f92f0021000-7f92f4000000 ---p 00000000 00:00 0 
7f92f4000000-7f92f4021000 rw-p 00000000 00:00 0 
7f92f4021000-7f92f8000000 ---p 00000000 00:00 0 
7f92f8000000-7f92f8021000 rw-p 00000000 00:00 0 
7f92f8021000-7f92fc000000 ---p 00000000 00:00 0 
7f92fc000000-7f92fc021000 rw-p 00000000 00:00 0 
7f92fc021000-7f9300000000 ---p 00000000 00:00 0 
7f9300000000-7f9300021000 rw-p 00000000 00:00 0 
7f9300021000-7f9304000000 ---p 00000000 00:00 0 
7f9304000000-7f9304021000 rw-p 00000000 00:00 0 
7f9304021000-7f9308000000 ---p 00000000 00:00 0 
7f9308000000-7f9308021000 rw-p 00000000 00:00 0 
7f9308021000-7f930c000000 ---p 00000000 00:00 0 
7f930c000000-7f930c04f000 rw-p 00000000 00:00 0 
7f930c04f000-7f9310000000 ---p 00000000 00:00 0 
7f9310000000-7f931201a000 rw-p 00000000 00:00 0 
7f931201a000-7f9314000000 ---p 00000000 00:00 0 
7f9314000000-7f9314060000 rw-p 00000000 00:00 0 
7f9314060000-7f9318000000 ---p 00000000 00:00 0 
7f9318000000-7f9318029000 rw-p 00000000 00:00 0 
7f9318029000-7f931c000000 ---p 00000000 00:00 0 
7f931c000000-7f931c021000 rw-p 00000000 00:00 0 
7f931c021000-7f9320000000 ---p 00000000 00:00 0 
7f9320000000-7f9320021000 rw-p 00000000 00:00 0 
7f9320021000-7f9324000000 ---p 00000000 00:00 0 
7f9324000000-7f9324021000 rw-p 00000000 00:00 0 
7f9324021000-7f9328000000 ---p 00000000 00:00 0 
7f9328000000-7f932907d000 rw-p 00000000 00:00 0 
7f932907d000-7f932c000000 ---p 00000000 00:00 0 
7f932c000000-7f932c021000 rw-p 00000000 00:00 0 
7f932c021000-7f9330000000 ---p 00000000 00:00 0 
7f9330000000-7f933100e000 rw-p 00000000 00:00 0 
7f933100e000-7f9334000000 ---p 00000000 00:00 0 
7f9334000000-7f9334e69000 rw-p 00000000 00:00 0 
7f9334e69000-7f9338000000 ---p 00000000 00:00 0 
7f9338000000-7f9338021000 rw-p 00000000 00:00 0 
7f9338021000-7f933c000000 ---p 00000000 00:00 0 
7f933c000000-7f933d01e000 rw-p 00000000 00:00 0 
7f933d01e000-7f9340000000 ---p 00000000 00:00 0 
7f9340000000-7f9340d5a000 rw-p 00000000 00:00 0 
7f9340d5a000-7f9344000000 ---p 00000000 00:00 0 
7f9344000000-7f9344021000 rw-p 00000000 00:00 0 
7f9344021000-7f9348000000 ---p 00000000 00:00 0 
7f9348000000-7f9348021000 rw-p 00000000 00:00 0 
7f9348021000-7f934c000000 ---p 00000000 00:00 0 
7f934c000000-7f934c03e000 rw-p 00000000 00:00 0 
7f934c03e000-7f9350000000 ---p 00000000 00:00 0 
7f9350000000-7f935105c000 rw-p 00000000 00:00 0 
7f935105c000-7f9354000000 ---p 00000000 00:00 0 
7f9354000000-7f9354047000 rw-p 00000000 00:00 0 
7f9354047000-7f9358000000 ---p 00000000 00:00 0 
7f93580ba000-7f93580bd000 ---p 00000000 00:00 0 
7f93580bd000-7f93581bb000 rw-p 00000000 00:00 0 
7f93581bb000-7f93581be000 ---p 00000000 00:00 0 
7f93581be000-7f93582bc000 rw-p 00000000 00:00 0 
7f93582bc000-7f93582bf000 ---p 00000000 00:00 0 
7f93582bf000-7f93583bd000 rw-p 00000000 00:00 0 
7f93583bd000-7f93583c0000 ---p 00000000 00:00 0 
7f93583c0000-7f93584be000 rw-p 00000000 00:00 0 
7f93584be000-7f93584cb000 r-xp 00000000 08:02 43255843                   /tmp/liblz4-java1373458742071450280.so
7f93584cb000-7f93586ca000 ---p 0000d000 08:02 43255843                   /tmp/liblz4-java1373458742071450280.so
7f93586ca000-7f93586cb000 rw-p 0000c000 08:02 43255843                   /tmp/liblz4-java1373458742071450280.so
7f93586cb000-7f93586ce000 ---p 00000000 00:00 0 
7f93586ce000-7f93587cc000 rw-p 00000000 00:00 0 
7f93587cc000-7f93587cf000 ---p 00000000 00:00 0 
7f93587cf000-7f93588cd000 rw-p 00000000 00:00 0 
7f93588cd000-7f93588d0000 ---p 00000000 00:00 0 
7f93588d0000-7f93589ce000 rw-p 00000000 00:00 0 
7f93589ce000-7f93589d1000 ---p 00000000 00:00 0 
7f93589d1000-7f9358acf000 rw-p 00000000 00:00 0 
7f9358acf000-7f9358ad2000 ---p 00000000 00:00 0 
7f9358ad2000-7f9358bd0000 rw-p 00000000 00:00 0 
7f9358bd0000-7f9358bd3000 ---p 00000000 00:00 0 
7f9358bd3000-7f9358cd1000 rw-p 00000000 00:00 0 
7f9358cd1000-7f9358cd4000 ---p 00000000 00:00 0 
7f9358cd4000-7f9358dd2000 rw-p 00000000 00:00 0 
7f9358dd2000-7f9358dd5000 ---p 00000000 00:00 0 
7f9358dd5000-7f9358ed3000 rw-p 00000000 00:00 0 
7f9358ed3000-7f9358ed6000 ---p 00000000 00:00 0 
7f9358ed6000-7f9358fd4000 rw-p 00000000 00:00 0 
7f9358fd4000-7f9358fd7000 ---p 00000000 00:00 0 
7f9358fd7000-7f93590d5000 rw-p 00000000 00:00 0 
7f93590d5000-7f93590d8000 ---p 00000000 00:00 0 
7f93590d8000-7f93591d6000 rw-p 00000000 00:00 0 
7f93591d6000-7f93591d9000 ---p 00000000 00:00 0 
7f93591d9000-7f93592d7000 rw-p 00000000 00:00 0 
7f93592d7000-7f93592da000 ---p 00000000 00:00 0 
7f93592da000-7f93593d8000 rw-p 00000000 00:00 0 
7f93593d8000-7f93593db000 ---p 00000000 00:00 0 
7f93593db000-7f93594d9000 rw-p 00000000 00:00 0 
7f93594d9000-7f93594dc000 ---p 00000000 00:00 0 
7f93594dc000-7f93595da000 rw-p 00000000 00:00 0 
7f93595da000-7f93595dd000 ---p 00000000 00:00 0 
7f93595dd000-7f93596db000 rw-p 00000000 00:00 0 
7f93596db000-7f93596de000 ---p 00000000 00:00 0 
7f93596de000-7f93597dc000 rw-p 00000000 00:00 0 
7f93597dc000-7f93597df000 ---p 00000000 00:00 0 
7f93597df000-7f93598dd000 rw-p 00000000 00:00 0 
7f93598dd000-7f93598e0000 ---p 00000000 00:00 0 
7f93598e0000-7f93599de000 rw-p 00000000 00:00 0 
7f93599de000-7f93599e1000 ---p 00000000 00:00 0 
7f93599e1000-7f9359adf000 rw-p 00000000 00:00 0 
7f9359adf000-7f9359ae2000 ---p 00000000 00:00 0 
7f9359ae2000-7f9359be0000 rw-p 00000000 00:00 0 
7f9359be0000-7f9359be3000 ---p 00000000 00:00 0 
7f9359be3000-7f9359ce1000 rw-p 00000000 00:00 0 
7f9359ce1000-7f9359ce4000 ---p 00000000 00:00 0 
7f9359ce4000-7f9359de2000 rw-p 00000000 00:00 0 
7f9359de2000-7f9359de5000 ---p 00000000 00:00 0 
7f9359de5000-7f9359ee3000 rw-p 00000000 00:00 0 
7f9359ee3000-7f9359ee6000 ---p 00000000 00:00 0 
7f9359ee6000-7f9359fe4000 rw-p 00000000 00:00 0 
7f9359fe4000-7f9359fe7000 ---p 00000000 00:00 0 
7f9359fe7000-7f935a0e5000 rw-p 00000000 00:00 0 
7f935a0e5000-7f935a0e8000 ---p 00000000 00:00 0 
7f935a0e8000-7f935a1e6000 rw-p 00000000 00:00 0 
7f935a1e6000-7f935a1e9000 ---p 00000000 00:00 0 
7f935a1e9000-7f935a2e7000 rw-p 00000000 00:00 0 
7f935a2e7000-7f935a2ea000 ---p 00000000 00:00 0 
7f935a2ea000-7f935a3e8000 rw-p 00000000 00:00 0 
7f935a3e8000-7f935a3eb000 ---p 00000000 00:00 0 
7f935a3eb000-7f935a4e9000 rw-p 00000000 00:00 0 
7f935a4e9000-7f935a4ec000 ---p 00000000 00:00 0 
7f935a4ec000-7f935a5ea000 rw-p 00000000 00:00 0 
7f935a5ea000-7f935a5ed000 ---p 00000000 00:00 0 
7f935a5ed000-7f935a6eb000 rw-p 00000000 00:00 0 
7f935a6eb000-7f935a6ee000 ---p 00000000 00:00 0 
7f935a6ee000-7f935a7ec000 rw-p 00000000 00:00 0 
7f935a7ec000-7f935a7ef000 ---p 00000000 00:00 0 
7f935a7ef000-7f935a8ed000 rw-p 00000000 00:00 0 
7f935a8ed000-7f935a8f0000 ---p 00000000 00:00 0 
7f935a8f0000-7f935a9ee000 rw-p 00000000 00:00 0 
7f935a9ee000-7f935a9ef000 r-xp 00000000 08:02 42076798                   /usr/lib/jvm/java-7-openjdk-amd64/jre/lib/amd64/libjaas_unix.so
7f935a9ef000-7f935abee000 ---p 00001000 08:02 42076798                   /usr/lib/jvm/java-7-openjdk-amd64/jre/lib/amd64/libjaas_unix.so
7f935abee000-7f935abef000 r--p 00000000 08:02 42076798                   /usr/lib/jvm/java-7-openjdk-amd64/jre/lib/amd64/libjaas_unix.so
7f935abef000-7f935abf0000 rw-p 00001000 08:02 42076798                   /usr/lib/jvm/java-7-openjdk-amd64/jre/lib/amd64/libjaas_unix.so
7f935abf0000-7f935ac16000 r--p 00000000 08:02 42993552                   /usr/share/locale-langpack/es/LC_MESSAGES/libc.mo
7f935ac16000-7f935ac19000 ---p 00000000 00:00 0 
7f935ac19000-7f935ad17000 rw-p 00000000 00:00 0 
7f935ad17000-7f935ad1f000 r-xp 00000000 08:02 42076815                   /usr/lib/jvm/java-7-openjdk-amd64/jre/lib/amd64/libmanagement.so
7f935ad1f000-7f935af1e000 ---p 00008000 08:02 42076815                   /usr/lib/jvm/java-7-openjdk-amd64/jre/lib/amd64/libmanagement.so
7f935af1e000-7f935af1f000 r--p 00007000 08:02 42076815                   /usr/lib/jvm/java-7-openjdk-amd64/jre/lib/amd64/libmanagement.so
7f935af1f000-7f935af20000 rw-p 00008000 08:02 42076815                   /usr/lib/jvm/java-7-openjdk-amd64/jre/lib/amd64/libmanagement.so
7f935af20000-7f935af23000 ---p 00000000 00:00 0 
7f935af23000-7f935b021000 rw-p 00000000 00:00 0 
7f935b021000-7f935b024000 ---p 00000000 00:00 0 
7f935b024000-7f935b122000 rw-p 00000000 00:00 0 
7f935b122000-7f935b125000 ---p 00000000 00:00 0 
7f935b125000-7f935b223000 rw-p 00000000 00:00 0 
7f935b223000-7f935b260000 r-xp 00000000 08:02 2098358                    /lib/x86_64-linux-gnu/libpcre.so.3.13.1
7f935b260000-7f935b45f000 ---p 0003d000 08:02 2098358                    /lib/x86_64-linux-gnu/libpcre.so.3.13.1
7f935b45f000-7f935b460000 r--p 0003c000 08:02 2098358                    /lib/x86_64-linux-gnu/libpcre.so.3.13.1
7f935b460000-7f935b461000 rw-p 0003d000 08:02 2098358                    /lib/x86_64-linux-gnu/libpcre.so.3.13.1
7f935b461000-7f935b468000 r-xp 00000000 08:02 41164519                   /usr/lib/x86_64-linux-gnu/libffi.so.6.0.1
7f935b468000-7f935b667000 ---p 00007000 08:02 41164519                   /usr/lib/x86_64-linux-gnu/libffi.so.6.0.1
7f935b667000-7f935b668000 r--p 00006000 08:02 41164519                   /usr/lib/x86_64-linux-gnu/libffi.so.6.0.1
7f935b668000-7f935b669000 rw-p 00007000 08:02 41164519                   /usr/lib/x86_64-linux-gnu/libffi.so.6.0.1
7f935b669000-7f935b680000 r-xp 00000000 08:02 2097243                    /lib/x86_64-linux-gnu/libresolv-2.19.so
7f935b680000-7f935b880000 ---p 00017000 08:02 2097243                    /lib/x86_64-linux-gnu/libresolv-2.19.so
7f935b880000-7f935b881000 r--p 00017000 08:02 2097243                    /lib/x86_64-linux-gnu/libresolv-2.19.so
7f935b881000-7f935b882000 rw-p 00018000 08:02 2097243                    /lib/x86_64-linux-gnu/libresolv-2.19.so
7f935b882000-7f935b884000 rw-p 00000000 00:00 0 
7f935b884000-7f935b8a4000 r-xp 00000000 08:02 2101564                    /lib/x86_64-linux-gnu/libselinux.so.1
7f935b8a4000-7f935baa3000 ---p 00020000 08:02 2101564                    /lib/x86_64-linux-gnu/libselinux.so.1
7f935baa3000-7f935baa4000 r--p 0001f000 08:02 2101564                    /lib/x86_64-linux-gnu/libselinux.so.1
7f935baa4000-7f935baa5000 rw-p 00020000 08:02 2101564                    /lib/x86_64-linux-gnu/libselinux.so.1
7f935baa5000-7f935baa7000 rw-p 00000000 00:00 0 
7f935baa7000-7f935bbad000 r-xp 00000000 08:02 2101465                    /lib/x86_64-linux-gnu/libglib-2.0.so.0.4002.0
7f935bbad000-7f935bdac000 ---p 00106000 08:02 2101465                    /lib/x86_64-linux-gnu/libglib-2.0.so.0.4002.0
7f935bdac000-7f935bdad000 r--p 00105000 08:02 2101465                    /lib/x86_64-linux-gnu/libglib-2.0.so.0.4002.0
7f935bdad000-7f935bdae000 rw-p 00106000 08:02 2101465                    /lib/x86_64-linux-gnu/libglib-2.0.so.0.4002.0
7f935bdae000-7f935bdaf000 rw-p 00000000 00:00 0 
7f935bdaf000-7f935bdfe000 r-xp 00000000 08:02 41164648                   /usr/lib/x86_64-linux-gnu/libgobject-2.0.so.0.4002.0
7f935bdfe000-7f935bffe000 ---p 0004f000 08:02 41164648                   /usr/lib/x86_64-linux-gnu/libgobject-2.0.so.0.4002.0
7f935bffe000-7f935bfff000 r--p 0004f000 08:02 41164648                   /usr/lib/x86_64-linux-gnu/libgobject-2.0.so.0.4002.0
7f935bfff000-7f935c000000 rw-p 00050000 08:02 41164648                   /usr/lib/x86_64-linux-gnu/libgobject-2.0.so.0.4002.0
7f935c000000-7f935d035000 rw-p 00000000 00:00 0 
7f935d035000-7f9360000000 ---p 00000000 00:00 0 
7f936000f000-7f9360012000 ---p 00000000 00:00 0 
7f9360012000-7f9360048000 rw-p 00000000 00:00 0 
7f9360048000-7f936004b000 r-xp 00000000 08:02 41164632                   /usr/lib/x86_64-linux-gnu/libgmodule-2.0.so.0.4002.0
7f936004b000-7f936024a000 ---p 00003000 08:02 41164632                   /usr/lib/x86_64-linux-gnu/libgmodule-2.0.so.0.4002.0
7f936024a000-7f936024b000 r--p 00002000 08:02 41164632                   /usr/lib/x86_64-linux-gnu/libgmodule-2.0.so.0.4002.0
7f936024b000-7f936024c000 rw-p 00003000 08:02 41164632                   /usr/lib/x86_64-linux-gnu/libgmodule-2.0.so.0.4002.0
7f936024c000-7f93603b8000 r-xp 00000000 08:02 41164620                   /usr/lib/x86_64-linux-gnu/libgio-2.0.so.0.4002.0
7f93603b8000-7f93605b7000 ---p 0016c000 08:02 41164620                   /usr/lib/x86_64-linux-gnu/libgio-2.0.so.0.4002.0
7f93605b7000-7f93605bb000 r--p 0016b000 08:02 41164620                   /usr/lib/x86_64-linux-gnu/libgio-2.0.so.0.4002.0
7f93605bb000-7f93605bd000 rw-p 0016f000 08:02 41164620                   /usr/lib/x86_64-linux-gnu/libgio-2.0.so.0.4002.0
7f93605bd000-7f93605bf000 rw-p 00000000 00:00 0 
7f93605ca000-7f93605cb000 rw-p 00000000 00:00 0 
7f93605cb000-7f93605cf000 r--s 0004f000 08:02 42076842                   /usr/lib/jvm/java-7-openjdk-amd64/jre/lib/jsse.jar
7f93605cf000-7f93605d9000 r--s 000ae000 08:02 42076826                   /usr/lib/jvm/java-7-openjdk-amd64/jre/lib/resources.jar
7f93605d9000-7f93605e0000 r--s 00000000 08:02 41556358                   /usr/lib/x86_64-linux-gnu/gconv/gconv-modules.cache
7f93605e0000-7f93605f7000 r-xp 00000000 08:02 42076802                   /usr/lib/jvm/java-7-openjdk-amd64/jre/lib/amd64/libnet.so
7f93605f7000-7f93607f6000 ---p 00017000 08:02 42076802                   /usr/lib/jvm/java-7-openjdk-amd64/jre/lib/amd64/libnet.so
7f93607f6000-7f93607f7000 r--p 00016000 08:02 42076802                   /usr/lib/jvm/java-7-openjdk-amd64/jre/lib/amd64/libnet.so
7f93607f7000-7f93607f8000 rw-p 00017000 08:02 42076802                   /usr/lib/jvm/java-7-openjdk-amd64/jre/lib/amd64/libnet.so
7f93607f8000-7f9360808000 r-xp 00000000 08:02 42076823                   /usr/lib/jvm/java-7-openjdk-amd64/jre/lib/amd64/libnio.so
7f9360808000-7f9360a08000 ---p 00010000 08:02 42076823                   /usr/lib/jvm/java-7-openjdk-amd64/jre/lib/amd64/libnio.so
7f9360a08000-7f9360a09000 r--p 00010000 08:02 42076823                   /usr/lib/jvm/java-7-openjdk-amd64/jre/lib/amd64/libnio.so
7f9360a09000-7f9360a0a000 rw-p 00011000 08:02 42076823                   /usr/lib/jvm/java-7-openjdk-amd64/jre/lib/amd64/libnio.so
7f9360a0a000-7f9360a0d000 r--s 0000e000 08:02 43783028                   /usr/local/spark/jars/jersey-container-servlet-core-2.22.2.jar
7f9360a0d000-7f9360a0f000 r--s 00100000 08:02 43782985                   /usr/local/spark/jars/snappy-java-1.1.2.4.jar
7f9360a0f000-7f9360a11000 r--s 0000e000 08:02 43783051                   /usr/local/spark/jars/spark-repl_2.11-2.0.0.jar
7f9360a11000-7f9360a29000 r--s 001b6000 08:02 43783037                   /usr/local/spark/jars/datanucleus-core-3.2.10.jar
7f9360a29000-7f9360a2e000 r--s 0004e000 08:02 43783024                   /usr/local/spark/jars/datanucleus-api-jdo-3.2.6.jar
7f9360a2e000-7f9360a2f000 r--s 00004000 08:02 43783057                   /usr/local/spark/jars/osgi-resource-locator-1.0.1.jar
7f9360a2f000-7f9360a31000 r--s 00012000 08:02 43783271                   /usr/local/spark/jars/api-util-1.0.0-M20.jar
7f9360a31000-7f9360a33000 r--s 00004000 08:02 43783019                   /usr/local/spark/jars/stax-api-1.0-2.jar
7f9360a33000-7f9360a3a000 r--s 00046000 08:02 43783068                   /usr/local/spark/jars/libfb303-0.9.2.jar
7f9360a3a000-7f9360a3b000 r--s 00000000 08:02 43783288                   /usr/local/spark/jars/hadoop-client-2.7.2.jar
7f9360a3b000-7f9360a42000 r--s 00058000 08:02 43783017                   /usr/local/spark/jars/parquet-format-2.3.0-incubating.jar
7f9360a42000-7f9360a47000 r--s 00032000 08:02 43783059                   /usr/local/spark/jars/chill_2.11-0.8.0.jar
7f9360a47000-7f9360a49000 r--s 00009000 08:02 43782125                   /usr/local/spark/jars/spark-unsafe_2.11-2.0.0.jar
7f9360a49000-7f9360a4b000 r--s 00008000 08:02 43783045                   /usr/local/spark/jars/hadoop-mapreduce-client-jobclient-2.7.2.jar
7f9360a4b000-7f9360a59000 r--s 0012a000 08:02 43782681                   /usr/local/spark/jars/mesos-0.21.1-shaded-protobuf.jar
7f9360a59000-7f9360a5a000 r--s 00000000 08:02 43783005                   /usr/local/spark/jars/javax.inject-1.jar
7f9360a5a000-7f9360abd000 r--s 004de000 08:02 43782709                   /usr/local/spark/jars/hive-metastore-1.2.1.spark2.jar
7f9360abd000-7f9360abe000 r--s 00002000 08:02 43783293                   /usr/local/spark/jars/jpam-1.1.jar
7f9360abe000-7f9360abf000 r--s 00001000 08:02 43783089                   /usr/local/spark/jars/javax.inject-2.4.0-b34.jar
7f9360abf000-7f9360acc000 r--s 00083000 08:02 43783007                   /usr/local/spark/jars/commons-collections-3.2.2.jar
7f9360acc000-7f9360ace000 r--s 00003000 08:02 43783264                   /usr/local/spark/jars/JavaEWAH-0.3.2.jar
7f9360ace000-7f9360acf000 r--s 00001000 08:02 43782997                   /usr/local/spark/jars/minlog-1.3.0.jar
7f9360acf000-7f9360ad3000 r--s 0002c000 08:02 43782113                   /usr/local/spark/jars/avro-ipc-1.7.7.jar
7f9360ad3000-7f9360aeb000 r--s 00115000 08:02 43783265                   /usr/local/spark/jars/netty-3.8.0.Final.jar
7f9360aeb000-7f9360aec000 r--s 00004000 08:02 43782764                   /usr/local/spark/jars/eigenbase-properties-1.1.5.jar
7f9360aec000-7f9360b04000 r--s 00115000 08:02 43783048                   /usr/local/spark/jars/xercesImpl-2.9.1.jar
7f9360b04000-7f9360b07000 r--s 0000f000 08:02 43783050                   /usr/local/spark/jars/hadoop-auth-2.7.2.jar
7f9360b07000-7f9360b3e000 r--s 00325000 08:02 43783272                   /usr/local/spark/jars/calcite-core-1.2.0-incubating.jar
7f9360b3e000-7f9360b42000 r--s 0000c000 08:02 43782990                   /usr/local/spark/jars/validation-api-1.1.0.Final.jar
7f9360b42000-7f9360b6b000 r--s 001ee000 08:02 43783061                   /usr/local/spark/jars/guava-14.0.1.jar
7f9360b6b000-7f9360b72000 r--s 0005d000 08:02 43783280                   /usr/local/spark/jars/mx4j-3.0.2.jar
7f9360b72000-7f9360b79000 r--s 00052000 08:02 43783095                   /usr/local/spark/jars/hadoop-yarn-server-common-2.7.2.jar
7f9360b79000-7f9360b7b000 r--s 0000b000 08:02 43783083                   /usr/local/spark/jars/chill-java-0.8.0.jar
7f9360b7b000-7f9360b7d000 r--s 00017000 08:02 43782998                   /usr/local/spark/jars/hive-jdbc-1.2.1.spark2.jar
7f9360b7d000-7f9360b80000 r--s 00015000 08:02 43783052                   /usr/local/spark/jars/javax.servlet-api-3.1.0.jar
7f9360b80000-7f9360b96000 r--s 000ca000 08:02 43783275                   /usr/local/spark/jars/parquet-column-1.7.0.jar
7f9360b96000-7f9360b9b000 r--s 0002a000 08:02 43783027                   /usr/local/spark/jars/commons-beanutils-1.7.0.jar
7f9360b9b000-7f9360b9d000 r--s 00006000 08:02 43783018                   /usr/local/spark/jars/paranamer-2.3.jar
7f9360b9d000-7f9360ba7000 r--s 00095000 08:02 43782654                   /usr/local/spark/jars/scala-xml_2.11-1.0.2.jar
7f9360ba7000-7f9360bfc000 r--s 0069c000 08:02 43783012                   /usr/local/spark/jars/spire_2.11-0.7.4.jar
7f9360bfc000-7f9360c05000 r--s 00062000 08:02 43783025                   /usr/local/spark/jars/avro-1.7.7.jar
7f9360c05000-7f9360c12000 r--s 000ab000 08:02 43782670                   /usr/local/spark/jars/hadoop-mapreduce-client-common-2.7.2.jar
7f9360c12000-7f9360c26000 r--s 000e9000 08:02 43783079                   /usr/local/spark/jars/spark-hive_2.11-2.0.0.jar
7f9360c26000-7f9360c2a000 r--s 0002a000 08:02 43782114                   /usr/local/spark/jars/commons-io-2.4.jar
7f9360c2a000-7f9360c2d000 r--s 0000c000 08:02 43782640                   /usr/local/spark/jars/spark-network-shuffle_2.11-2.0.0.jar
7f9360c2d000-7f9360c35000 r--s 00066000 08:02 43782606                   /usr/local/spark/jars/apache-log4j-extras-1.2.17.jar
7f9360c35000-7f9360c3b000 r--s 00043000 08:02 43783066                   /usr/local/spark/jars/commons-configuration-1.6.jar
7f9360c3b000-7f9360c3d000 r--s 00010000 08:02 43783299                   /usr/local/spark/jars/jersey-media-jaxb-2.22.2.jar
7f9360c3d000-7f9360c89000 r--s 00411000 08:02 43783067                   /usr/local/spark/jars/scala-reflect-2.11.8.jar
7f9360c89000-7f9360c8f000 r--s 00063000 08:02 43783075                   /usr/local/spark/jars/jodd-core-3.5.2.jar
7f9360c8f000-7f9360c9a000 r--s 00062000 08:02 43782636                   /usr/local/spark/jars/calcite-linq4j-1.2.0-incubating.jar
7f9360c9a000-7f9360c9b000 r--s 00006000 08:02 43783286                   /usr/local/spark/jars/jackson-xc-1.9.13.jar
7f9360c9b000-7f9360c9d000 r--s 00003000 08:02 43782992                   /usr/local/spark/jars/api-asn1-api-1.0.0-M20.jar
7f9360c9d000-7f9360ca2000 r--s 00068000 08:02 43783283                   /usr/local/spark/jars/antlr-2.7.7.jar
7f9360ca2000-7f9360d4b000 r--s 00a4f000 08:02 43783273                   /usr/local/spark/jars/hive-exec-1.2.1.spark2.jar
7f9360d4b000-7f9360d4d000 r--s 00000000 08:02 43783296                   /usr/local/spark/jars/aopalliance-1.0.jar
7f9360d4d000-7f9360d52000 r--s 0002a000 08:02 43782126                   /usr/local/spark/jars/gson-2.2.4.jar
7f9360d52000-7f9360d55000 r--s 00009000 08:02 43783300                   /usr/local/spark/jars/jackson-annotations-2.6.5.jar
7f9360d55000-7f9360dc2000 r--s 00522000 08:02 43783009                   /usr/local/spark/jars/spark-mllib_2.11-2.0.0.jar
7f9360dc2000-7f9360dc6000 r--s 0002f000 08:02 43783277                   /usr/local/spark/jars/commons-beanutils-core-1.8.0.jar
7f9360dc6000-7f9360dcb000 r--s 00027000 08:02 43783060                   /usr/local/spark/jars/spark-mllib-local_2.11-2.0.0.jar
7f9360dcb000-7f9360dcd000 r--s 0000e000 08:02 43783267                   /usr/local/spark/jars/guice-servlet-3.0.jar
7f9360dcd000-7f9360dd3000 r--s 00028000 08:02 43782116                   /usr/local/spark/jars/curator-framework-2.6.0.jar
7f9360dd3000-7f9360de0000 r--s 00071000 08:02 43783258                   /usr/local/spark/jars/jackson-module-scala_2.11-2.6.5.jar
7f9360de0000-7f9360deb000 r--s 0005d000 08:02 43783072                   /usr/local/spark/jars/scala-parser-combinators_2.11-1.0.4.jar
7f9360deb000-7f9360df0000 r--s 0002f000 08:02 43783093                   /usr/local/spark/jars/parquet-hadoop-1.7.0.jar
7f9360df0000-7f9360e49000 r--s 00522000 08:02 43783058                   /usr/local/spark/jars/scala-library-2.11.8.jar
7f9360e49000-7f9360e5b000 r--s 00097000 08:02 43783270                   /usr/local/spark/jars/apacheds-kerberos-codec-2.0.0-M15.jar
7f9360e5b000-7f9360e8f000 r--s 00277000 08:02 43783015                   /usr/local/spark/jars/parquet-hadoop-bundle-1.6.0.jar
7f9360e8f000-7f9360e96000 r--s 00049000 08:02 43782124                   /usr/local/spark/jars/httpcore-4.4.4.jar
7f9360e96000-7f9360ead000 r--s 0017d000 08:02 43782772                   /usr/local/spark/jars/hadoop-yarn-common-2.7.2.jar
7f9360ead000-7f9360eaf000 r--s 0000f000 08:02 43783039                   /usr/local/spark/jars/activation-1.1.1.jar
7f9360eaf000-7f9360eb0000 r--s 00009000 08:02 43783260                   /usr/local/spark/jars/hive-cli-1.2.1.spark2.jar
7f9360eb0000-7f9360ecb000 r--s 001d8000 08:02 43783033                   /usr/local/spark/jars/jets3t-0.9.3.jar
7f9360ecb000-7f9360ed1000 r--s 0002c000 08:02 43783262                   /usr/local/spark/jars/jdo-api-3.0.1.jar
7f9360ed1000-7f9360ed3000 r--s 00004000 08:02 43782630                   /usr/local/spark/jars/parquet-common-1.7.0.jar
7f9360ed3000-7f9360ed7000 r--s 0001a000 08:02 43783026                   /usr/local/spark/jars/hk2-utils-2.4.0-b34.jar
7f9360ed7000-7f9360ed8000 r--s 00002000 08:02 43783020                   /usr/local/spark/jars/java-xmlbuilder-1.0.jar
7f9360ed8000-7f9360edb000 r--s 0002f000 08:02 43783040                   /usr/local/spark/jars/RoaringBitmap-0.5.11.jar
7f9360edb000-7f9360ee2000 r--s 00051000 08:02 43783042                   /usr/local/spark/jars/kryo-shaded-3.0.3.jar
7f9360ee2000-7f9360ee4000 r--s 0000e000 08:02 43783278                   /usr/local/spark/jars/commons-logging-1.1.3.jar
7f9360ee4000-7f9360ee8000 r--s 00019000 08:02 43783289                   /usr/local/spark/jars/javax.ws.rs-api-2.0.1.jar
7f9360ee8000-7f9360ef2000 r--s 00086000 08:02 43782723                   /usr/local/spark/jars/json4s-core_2.11-3.2.11.jar
7f9360ef2000-7f9360ef4000 r--s 00020000 08:02 43782112                   /usr/local/spark/jars/hive-beeline-1.2.1.spark2.jar
7f9360ef4000-7f9360ef6000 r--s 00006000 08:02 43783085                   /usr/local/spark/jars/spark-sketch_2.11-2.0.0.jar
7f9360ef6000-7f9360efb000 r--s 00027000 08:02 43783064                   /usr/local/spark/jars/hk2-api-2.4.0-b34.jar
7f9360efb000-7f9360fd0000 r--s 00a51000 08:02 43783276                   /usr/local/spark/jars/spark-core_2.11-2.0.0.jar
7f9360fd0000-7f9360fd2000 r--s 0000a000 08:02 43783023                   /usr/local/spark/jars/json-20090211.jar
7f9360fd2000-7f9360fd6000 r--s 00029000 08:02 43783016                   /usr/local/spark/jars/hk2-locator-2.4.0-b34.jar
7f9360fd6000-7f9360fda000 r--s 00020000 08:02 43782701                   /usr/local/spark/jars/commons-digester-1.8.jar
7f9360fda000-7f9360fe2000 r--s 0007b000 08:02 43782123                   /usr/local/spark/jars/protobuf-java-2.5.0.jar
7f9360fe2000-7f9361018000 r--s 00313000 08:02 43783281                   /usr/local/spark/jars/hadoop-common-2.7.2.jar
7f9361018000-7f9361021000 r--s 0006f000 08:02 43782685                   /usr/local/spark/jars/log4j-1.2.17.jar
7f9361021000-7f9361024000 r--s 00021000 08:02 43783011                   /usr/local/spark/jars/xbean-asm5-shaded-4.4.jar
7f9361024000-7f936108e000 r--s 00779000 08:02 43783006                   /usr/local/spark/jars/hadoop-hdfs-2.7.2.jar
7f936108e000-7f9361095000 r--s 00039000 08:02 43782659                   /usr/local/spark/jars/calcite-avatica-1.2.0-incubating.jar
7f9361095000-7f9361097000 r--s 00014000 08:02 43782728                   /usr/local/spark/jars/spire-macros_2.11-0.7.4.jar
7f9361097000-7f93610c5000 r--s 001d0000 08:02 43782995                   /usr/local/spark/jars/spark-streaming_2.11-2.0.0.jar
7f93610c5000-7f93610c6000 r--s 00009000 08:02 43783077                   /usr/local/spark/jars/slf4j-api-1.7.16.jar
7f93610c6000-7f93610d1000 r--s 000b0000 08:02 43782613                   /usr/local/spark/jars/jtransforms-2.4.0.jar
7f93610d1000-7f93610d5000 r--s 00014000 08:02 43783069                   /usr/local/spark/jars/xz-1.0.jar
7f93610d5000-7f93610d7000 r--s 00002000 08:02 43782999                   /usr/local/spark/jars/aopalliance-repackaged-2.4.0-b34.jar
7f93610d7000-7f93610d9000 r--s 00003000 08:02 43783078                   /usr/local/spark/jars/base64-2.3.8.jar
7f93610d9000-7f93610dd000 r--s 00030000 08:02 43783053                   /usr/local/spark/jars/commons-net-2.2.jar
7f93610dd000-7f93610e0000 r--s 00025000 08:02 43782989                   /usr/local/spark/jars/commons-dbcp-1.4.jar
7f93610e0000-7f93610e1000 r--s 00001000 08:02 43782984                   /usr/local/spark/jars/pmml-schema-1.2.15.jar
7f93610e1000-7f93610e3000 r--s 00009000 08:02 43783084                   /usr/local/spark/jars/commons-cli-1.2.jar
7f93610e3000-7f93610ef000 r--s 000b6000 08:02 43783259                   /usr/local/spark/jars/zookeeper-3.4.6.jar
7f93610ef000-7f93610f3000 r--s 00028000 08:02 43783032                   /usr/local/spark/jars/jetty-util-6.1.26.jar
7f93610f3000-7f9361110000 r--s 001d0000 08:02 43782111                   /usr/local/spark/jars/hadoop-yarn-api-2.7.2.jar
7f9361110000-7f9361113000 r--s 00019000 08:02 43783054                   /usr/local/spark/jars/bonecp-0.8.0.RELEASE.jar
7f9361113000-7f9361114000 r--s 0000b000 08:02 43782976                   /usr/local/spark/jars/snappy-0.2.jar
7f9361114000-7f9361118000 r--s 00025000 08:02 43783047                   /usr/local/spark/jars/antlr-runtime-3.4.jar
7f9361118000-7f936111d000 r--s 00036000 08:02 43783030                   /usr/local/spark/jars/commons-compress-1.4.1.jar
7f936111d000-7f9361120000 r--s 00014000 08:02 43783295                   /usr/local/spark/jars/super-csv-2.2.0.jar
7f9361120000-7f9361121000 r--s 00009000 08:02 43783004                   /usr/local/spark/jars/json4s-jackson_2.11-3.2.11.jar
7f9361121000-7f9361132000 r--s 0010d000 08:02 43782751                   /usr/local/spark/jars/jackson-databind-2.6.5.jar
7f9361132000-7f9361134000 r--s 00038000 08:02 43783285                   /usr/local/spark/jars/lz4-1.3.0.jar
7f9361134000-7f9361137000 r--s 000fd000 08:02 43783001                   /usr/local/spark/jars/leveldbjni-all-1.8.jar
7f9361137000-7f9361139000 r--s 00000000 08:02 43783091                   /usr/local/spark/jars/jul-to-slf4j-1.7.16.jar
7f9361139000-7f936113b000 r--s 00009000 08:02 43783297                   /usr/local/spark/jars/jackson-module-paranamer-2.6.5.jar
7f936113b000-7f9361143000 r--s 00078000 08:02 43783269                   /usr/local/spark/jars/mail-1.4.7.jar
7f9361143000-7f93611b7000 r--s 00564000 08:02 43783029                   /usr/local/spark/jars/spark-sql_2.11-2.0.0.jar
7f93611b7000-7f93611b8000 r--s 00003000 08:02 43783013                   /usr/local/spark/jars/xmlenc-0.52.jar
7f93611b8000-7f93611e2000 r--s 002cc000 08:02 43782633                   /usr/local/spark/jars/derby-10.11.1.1.jar
7f93611e2000-7f93611e3000 r--s 00002000 08:02 43782988                   /usr/local/spark/jars/slf4j-log4j12-1.7.16.jar
7f93611e3000-7f93611e4000 r--s 00004000 08:02 43782768                   /usr/local/spark/jars/jackson-jaxrs-1.9.13.jar
7f93611e4000-7f93611f2000 r--s 0009d000 08:02 43782993                   /usr/local/spark/jars/jersey-common-2.22.2.jar
7f93611f2000-7f93611f7000 r--s 00033000 08:02 43782981                   /usr/local/spark/jars/libthrift-0.9.2.jar
7f93611f7000-7f936121c000 rw-p 00000000 00:00 0 
7f936121c000-7f9361328000 r--s 00dba000 08:02 43783065                   /usr/local/spark/jars/scala-compiler-2.11.8.jar
7f9361328000-7f936133e000 r--s 000d3000 08:02 43782979                   /usr/local/spark/jars/jersey-server-2.22.2.jar
7f936133e000-7f9361341000 r--s 00006000 08:02 43782693                   /usr/local/spark/jars/jsr305-1.3.9.jar
7f9361341000-7f936134b000 r--s 00075000 08:02 43783008                   /usr/local/spark/jars/hadoop-mapreduce-client-app-2.7.2.jar
7f936134b000-7f936134d000 r--s 00003000 08:02 43783282                   /usr/local/spark/jars/hadoop-annotations-2.7.2.jar
7f936134d000-7f9361350000 r--s 00018000 08:02 43782742                   /usr/local/spark/jars/py4j-0.10.1.jar
7f9361350000-7f9361360000 r--s 00093000 08:02 43783062                   /usr/local/spark/jars/spark-yarn_2.11-2.0.0.jar
7f9361360000-7f9361364000 r--s 00035000 08:02 43783010                   /usr/local/spark/jars/jackson-core-asl-1.9.13.jar
7f9361364000-7f936136b000 r--s 00036000 08:02 43782980                   /usr/local/spark/jars/curator-recipes-2.6.0.jar
7f936136b000-7f9361370000 r--s 00028000 08:02 43783081                   /usr/local/spark/jars/avro-mapred-1.7.7-hadoop2.jar
7f9361370000-7f9361373000 r--s 00017000 08:02 43783274                   /usr/local/spark/jars/jaxb-api-2.2.2.jar
7f9361373000-7f9361376000 r--s 00020000 08:02 43782121                   /usr/local/spark/jars/hadoop-yarn-client-2.7.2.jar
7f9361376000-7f936138a000 r--s 000ec000 08:02 43783266                   /usr/local/spark/jars/parquet-jackson-1.7.0.jar
7f936138a000-7f93613a2000 r--s 0015e000 08:02 43783063                   /usr/local/spark/jars/hadoop-mapreduce-client-core-2.7.2.jar
7f93613a2000-7f93613b1000 r--s 000aa000 08:02 43783055                   /usr/local/spark/jars/elasticsearch-hadoop-2.3.2.jar
7f93613b1000-7f93613b7000 r--s 00044000 08:02 43783294                   /usr/local/spark/jars/antlr4-runtime-4.5.3.jar
7f93613b7000-7f93613ba000 r--s 00015000 08:02 43782987                   /usr/local/spark/jars/commons-pool-1.5.4.jar
7f93613ba000-7f93613d0000 r--s 001a4000 08:02 43782994                   /usr/local/spark/jars/datanucleus-rdbms-3.2.9.jar
7f93613d0000-7f93613d9000 r--s 00097000 08:02 43783090                   /usr/local/spark/jars/pmml-model-1.2.15.jar
7f93613d9000-7f93613db000 r--s 0000e000 08:02 43783049                   /usr/local/spark/jars/oro-2.0.8.jar
7f93613db000-7f93613f3000 r--s 000d6000 08:02 43783035                   /usr/local/spark/jars/jersey-guava-2.22.2.jar
7f93613f3000-7f93613fa000 r--s 0005e000 08:02 43783021                   /usr/local/spark/jars/commons-lang3-3.3.2.jar
7f93613fa000-7f93613fe000 r--s 00031000 08:02 43783096                   /usr/local/spark/jars/jline-2.12.jar
7f93613fe000-7f936140f000 r--s 00089000 08:02 43782983                   /usr/local/spark/jars/joda-time-2.9.3.jar
7f936140f000-7f9361411000 r--s 00009000 08:02 43783076                   /usr/local/spark/jars/objenesis-2.1.jar
7f9361411000-7f936141f000 r--s 000b1000 08:02 43783298                   /usr/local/spark/jars/jackson-mapper-asl-1.9.13.jar
7f936141f000-7f936144d000 r--s 00210000 08:02 43783082                   /usr/local/spark/jars/spark-network-common_2.11-2.0.0.jar
7f936144d000-7f936146f000 r--s 001d4000 08:02 43782697                   /usr/local/spark/jars/netty-all-4.0.29.Final.jar
7f936146f000-7f9361475000 r--s 00045000 08:02 43783000                   /usr/local/spark/jars/commons-httpclient-3.1.jar
7f9361475000-7f9361478000 r--s 00012000 08:02 43783003                   /usr/local/spark/jars/json4s-ast_2.11-3.2.11.jar
7f9361478000-7f936147b000 r--s 0000e000 08:02 43783279                   /usr/local/spark/jars/spark-launcher_2.11-2.0.0.jar
7f936147b000-7f93614bb000 r--s 00277000 08:02 43783291                   /usr/local/spark/jars/bcprov-jdk15on-1.51.jar
7f93614bb000-7f93614c8000 r--s 000a7000 08:02 43782977                   /usr/local/spark/jars/httpclient-4.5.2.jar
7f93614c8000-7f93614ca000 r--s 00004000 08:02 43783044                   /usr/local/spark/jars/parquet-generator-1.7.0.jar
7f93614ca000-7f93614cd000 r--s 00028000 08:02 43783043                   /usr/local/spark/jars/stream-2.7.0.jar
7f93614cd000-7f93614ce000 r--s 00003000 08:02 43783263                   /usr/local/spark/jars/metrics-json-3.1.2.jar
7f93614ce000-7f93614d0000 r--s 00015000 08:02 43782647                   /usr/local/spark/jars/pyrolite-4.9.jar
7f93614d0000-7f93614d2000 r--s 00027000 08:02 43783284                   /usr/local/spark/jars/core-1.1.2.jar
7f93614d2000-7f93614f4000 rw-p 00000000 00:00 0 
7f93614f4000-7f93615c9000 r--s 00bff000 08:02 43783034                   /usr/local/spark/jars/breeze_2.11-0.11.2.jar
7f93615c9000-7f93615ed000 r--s 001cd000 08:02 43783070                   /usr/local/spark/jars/commons-math3-3.4.1.jar
7f93615ed000-7f93615f3000 r--s 00041000 08:02 43783080                   /usr/local/spark/jars/univocity-parsers-2.1.1.jar
7f93615f3000-7f9361614000 r--s 0019a000 08:02 43783290                   /usr/local/spark/jars/spark-hive-thriftserver_2.11-2.0.0.jar
7f9361614000-7f9361691000 r--s 005f8000 08:02 43782986                   /usr/local/spark/jars/spark-catalyst_2.11-2.0.0.jar
7f9361691000-7f9361694000 r--s 00022000 08:02 43783268                   /usr/local/spark/jars/stringtemplate-3.2.1.jar
7f9361694000-7f9361695000 r--s 00003000 08:02 43782122                   /usr/local/spark/jars/spark-tags_2.11-2.0.0.jar
7f9361695000-7f9361697000 r--s 00005000 08:02 43782118                   /usr/local/spark/jars/stax-api-1.0.1.jar
7f9361697000-7f9361698000 r--s 00003000 08:02 43783038                   /usr/local/spark/jars/jta-1.1.jar
7f9361698000-7f936169b000 r--s 00016000 08:02 43783014                   /usr/local/spark/jars/jsp-api-2.1.jar
7f936169b000-7f93616aa000 r--s 0009f000 08:02 43782565                   /usr/local/spark/jars/guice-3.0.jar
7f93616aa000-7f93616ae000 r--s 0003c000 08:02 43783071                   /usr/local/spark/jars/jackson-core-2.6.5.jar
7f93616ae000-7f93616b0000 r--s 00003000 08:02 43782595                   /usr/local/spark/jars/jcl-over-slf4j-1.7.16.jar
7f93616b0000-7f93616b9000 r--s 0008d000 08:02 43782115                   /usr/local/spark/jars/janino-2.7.8.jar
7f93616b9000-7f93616cb000 r--s 000b3000 08:02 43783261                   /usr/local/spark/jars/scalap-2.11.8.jar
7f93616cb000-7f93616d9000 r--s 00099000 08:02 43782715                   /usr/local/spark/jars/spark-graphx_2.11-2.0.0.jar
7f93616d9000-7f93616db000 r--s 00008000 08:02 43783041                   /usr/local/spark/jars/metrics-jvm-3.1.2.jar
7f93616db000-7f93616dd000 r--s 00003000 08:02 43783036                   /usr/local/spark/jars/jersey-container-servlet-2.22.2.jar
7f93616dd000-7f93616e4000 r--s 0007d000 08:02 43782689                   /usr/local/spark/jars/jetty-6.1.26.jar
7f93616e4000-7f93616eb000 r--s 0003f000 08:02 43783002                   /usr/local/spark/jars/commons-codec-1.10.jar
7f93616eb000-7f93616fd000 r--s 00112000 08:02 43783092                   /usr/local/spark/jars/arpack_combined_all-0.1.jar
7f93616fd000-7f9361701000 r--s 00036000 08:02 43783073                   /usr/local/spark/jars/ST4-4.0.4.jar
7f9361701000-7f9361709000 r--s 00059000 08:02 43782996                   /usr/local/spark/jars/javolution-5.5.1.jar
7f9361709000-7f936171f000 r--s 00124000 08:02 43783094                   /usr/local/spark/jars/ivy-2.4.0.jar
7f936171f000-7f9361725000 r--s 00040000 08:02 43783031                   /usr/local/spark/jars/parquet-encoding-1.7.0.jar
7f9361725000-7f936173e000 r--s 00150000 08:02 43782978                   /usr/local/spark/jars/htrace-core-3.1.0-incubating.jar
7f936173e000-7f936173f000 ---p 00000000 00:00 0 
7f936173f000-7f936183f000 rw-p 00000000 00:00 0 
7f936183f000-7f9361842000 ---p 00000000 00:00 0 
7f9361842000-7f9361940000 rw-p 00000000 00:00 0 
7f9361940000-7f9361943000 ---p 00000000 00:00 0 
7f9361943000-7f9361a41000 rw-p 00000000 00:00 0 
7f9361a41000-7f9361a44000 ---p 00000000 00:00 0 
7f9361a44000-7f9361b42000 rw-p 00000000 00:00 0 
7f9361b42000-7f9361b45000 ---p 00000000 00:00 0 
7f9361b45000-7f9361c43000 rw-p 00000000 00:00 0 
7f9361c43000-7f9362325000 r--p 00000000 08:02 41163280                   /usr/lib/locale/locale-archive
7f9362325000-7f9362328000 ---p 00000000 00:00 0 
7f9362328000-7f9362426000 rw-p 00000000 00:00 0 
7f9362426000-7f9362429000 ---p 00000000 00:00 0 
7f9362429000-7f9362527000 rw-p 00000000 00:00 0 
7f9362527000-7f9362528000 ---p 00000000 00:00 0 
7f9362528000-7f9363579000 rw-p 00000000 00:00 0 
7f9363579000-7f936372b000 r--s 01d32000 08:02 42076836                   /usr/lib/jvm/java-7-openjdk-amd64/jre/lib/rt.jar
7f936372b000-7f9364000000 rw-p 00000000 00:00 0 
7f9364000000-7f9365028000 rw-p 00000000 00:00 0 
7f9365028000-7f9368000000 ---p 00000000 00:00 0 
7f9368000000-7f9368002000 r--s 00005000 08:02 43782117                   /usr/local/spark/jars/javax.annotation-api-1.2.jar
7f9368002000-7f9368004000 r--s 00012000 08:02 43782624                   /usr/local/spark/jars/compress-lzf-1.0.3.jar
7f9368004000-7f93709a9000 rw-p 00000000 00:00 0 
7f93709a9000-7f93709aa000 ---p 00000000 00:00 0 
7f93709aa000-7f9370b40000 rw-p 00000000 00:00 0 
7f9370b40000-7f9371000000 rw-p 00000000 00:00 0 
7f9371000000-7f9371310000 rwxp 00000000 00:00 0 
7f9371310000-7f9374da8000 rw-p 00000000 00:00 0 
7f9374da8000-7f9378000000 ---p 00000000 00:00 0 
7f9378000000-7f9378004000 r--s 00025000 08:02 43783074                   /usr/local/spark/jars/jersey-client-2.22.2.jar
7f9378004000-7f9378009000 r--s 00041000 08:02 43782119                   /usr/local/spark/jars/commons-lang-2.6.jar
7f9378009000-7f937800b000 r--s 00004000 08:02 43783287                   /usr/local/spark/jars/metrics-graphite-3.1.2.jar
7f937800b000-7f937800d000 r--s 00007000 08:02 43782120                   /usr/local/spark/jars/hadoop-yarn-server-web-proxy-2.7.2.jar
7f937800d000-7f937800e000 ---p 00000000 00:00 0 
7f937800e000-7f937810e000 rw-p 00000000 00:00 0 
7f937810e000-7f937810f000 ---p 00000000 00:00 0 
7f937810f000-7f937820f000 rw-p 00000000 00:00 0 
7f937820f000-7f9378210000 ---p 00000000 00:00 0 
7f9378210000-7f937834d000 rw-p 00000000 00:00 0 
7f937834d000-7f9378390000 rw-p 00000000 00:00 0 
7f9378390000-7f93783cd000 rw-p 00000000 00:00 0 
7f93783cd000-7f9378410000 rw-p 00000000 00:00 0 
7f9378410000-7f93784a6000 rw-p 00000000 00:00 0 
7f93784a6000-7f9378965000 rw-p 00000000 00:00 0 
7f9378965000-7f9378ae2000 rw-p 00000000 00:00 0 
7f9378ae2000-7f9378ae9000 ---p 00000000 00:00 0 
7f9378ae9000-7f9378c10000 rw-p 00000000 00:00 0 
7f9378c10000-7f9378c11000 rw-p 00000000 00:00 0 
7f9378c11000-7f9378c19000 r-xp 00000000 08:02 42076807                   /usr/lib/jvm/java-7-openjdk-amd64/jre/lib/amd64/libzip.so
7f9378c19000-7f9378e18000 ---p 00008000 08:02 42076807                   /usr/lib/jvm/java-7-openjdk-amd64/jre/lib/amd64/libzip.so
7f9378e18000-7f9378e19000 r--p 00007000 08:02 42076807                   /usr/lib/jvm/java-7-openjdk-amd64/jre/lib/amd64/libzip.so
7f9378e19000-7f9378e1a000 rw-p 00008000 08:02 42076807                   /usr/lib/jvm/java-7-openjdk-amd64/jre/lib/amd64/libzip.so
7f9378e1a000-7f9378e24000 r-xp 00000000 08:02 2098311                    /lib/x86_64-linux-gnu/libnss_files-2.19.so
7f9378e24000-7f9379023000 ---p 0000a000 08:02 2098311                    /lib/x86_64-linux-gnu/libnss_files-2.19.so
7f9379023000-7f9379024000 r--p 00009000 08:02 2098311                    /lib/x86_64-linux-gnu/libnss_files-2.19.so
7f9379024000-7f9379025000 rw-p 0000a000 08:02 2098311                    /lib/x86_64-linux-gnu/libnss_files-2.19.so
7f9379025000-7f9379030000 r-xp 00000000 08:02 2098303                    /lib/x86_64-linux-gnu/libnss_nis-2.19.so
7f9379030000-7f937922f000 ---p 0000b000 08:02 2098303                    /lib/x86_64-linux-gnu/libnss_nis-2.19.so
7f937922f000-7f9379230000 r--p 0000a000 08:02 2098303                    /lib/x86_64-linux-gnu/libnss_nis-2.19.so
7f9379230000-7f9379231000 rw-p 0000b000 08:02 2098303                    /lib/x86_64-linux-gnu/libnss_nis-2.19.so
7f9379231000-7f9379248000 r-xp 00000000 08:02 2098299                    /lib/x86_64-linux-gnu/libnsl-2.19.so
7f9379248000-7f9379447000 ---p 00017000 08:02 2098299                    /lib/x86_64-linux-gnu/libnsl-2.19.so
7f9379447000-7f9379448000 r--p 00016000 08:02 2098299                    /lib/x86_64-linux-gnu/libnsl-2.19.so
7f9379448000-7f9379449000 rw-p 00017000 08:02 2098299                    /lib/x86_64-linux-gnu/libnsl-2.19.so
7f9379449000-7f937944b000 rw-p 00000000 00:00 0 
7f937944b000-7f9379454000 r-xp 00000000 08:02 2098298                    /lib/x86_64-linux-gnu/libnss_compat-2.19.so
7f9379454000-7f9379653000 ---p 00009000 08:02 2098298                    /lib/x86_64-linux-gnu/libnss_compat-2.19.so
7f9379653000-7f9379654000 r--p 00008000 08:02 2098298                    /lib/x86_64-linux-gnu/libnss_compat-2.19.so
7f9379654000-7f9379655000 rw-p 00009000 08:02 2098298                    /lib/x86_64-linux-gnu/libnss_compat-2.19.so
7f9379655000-7f9379680000 r-xp 00000000 08:02 42076793                   /usr/lib/jvm/java-7-openjdk-amd64/jre/lib/amd64/libjava.so
7f9379680000-7f9379880000 ---p 0002b000 08:02 42076793                   /usr/lib/jvm/java-7-openjdk-amd64/jre/lib/amd64/libjava.so
7f9379880000-7f9379881000 r--p 0002b000 08:02 42076793                   /usr/lib/jvm/java-7-openjdk-amd64/jre/lib/amd64/libjava.so
7f9379881000-7f9379883000 rw-p 0002c000 08:02 42076793                   /usr/lib/jvm/java-7-openjdk-amd64/jre/lib/amd64/libjava.so
7f9379883000-7f9379893000 r-xp 00000000 08:02 42076794                   /usr/lib/jvm/java-7-openjdk-amd64/jre/lib/amd64/libverify.so
7f9379893000-7f9379a92000 ---p 00010000 08:02 42076794                   /usr/lib/jvm/java-7-openjdk-amd64/jre/lib/amd64/libverify.so
7f9379a92000-7f9379a94000 r--p 0000f000 08:02 42076794                   /usr/lib/jvm/java-7-openjdk-amd64/jre/lib/amd64/libverify.so
7f9379a94000-7f9379a95000 rw-p 00011000 08:02 42076794                   /usr/lib/jvm/java-7-openjdk-amd64/jre/lib/amd64/libverify.so
7f9379a95000-7f9379a9c000 r-xp 00000000 08:02 2098307                    /lib/x86_64-linux-gnu/librt-2.19.so
7f9379a9c000-7f9379c9b000 ---p 00007000 08:02 2098307                    /lib/x86_64-linux-gnu/librt-2.19.so
7f9379c9b000-7f9379c9c000 r--p 00006000 08:02 2098307                    /lib/x86_64-linux-gnu/librt-2.19.so
7f9379c9c000-7f9379c9d000 rw-p 00007000 08:02 2098307                    /lib/x86_64-linux-gnu/librt-2.19.so
7f9379c9d000-7f9379cb3000 r-xp 00000000 08:02 2101461                    /lib/x86_64-linux-gnu/libgcc_s.so.1
7f9379cb3000-7f9379eb2000 ---p 00016000 08:02 2101461                    /lib/x86_64-linux-gnu/libgcc_s.so.1
7f9379eb2000-7f9379eb3000 rw-p 00015000 08:02 2101461                    /lib/x86_64-linux-gnu/libgcc_s.so.1
7f9379eb3000-7f9379fb8000 r-xp 00000000 08:02 2098293                    /lib/x86_64-linux-gnu/libm-2.19.so
7f9379fb8000-7f937a1b7000 ---p 00105000 08:02 2098293                    /lib/x86_64-linux-gnu/libm-2.19.so
7f937a1b7000-7f937a1b8000 r--p 00104000 08:02 2098293                    /lib/x86_64-linux-gnu/libm-2.19.so
7f937a1b8000-7f937a1b9000 rw-p 00105000 08:02 2098293                    /lib/x86_64-linux-gnu/libm-2.19.so
7f937a1b9000-7f937a29f000 r-xp 00000000 08:02 41158788                   /usr/lib/x86_64-linux-gnu/libstdc++.so.6.0.19
7f937a29f000-7f937a49e000 ---p 000e6000 08:02 41158788                   /usr/lib/x86_64-linux-gnu/libstdc++.so.6.0.19
7f937a49e000-7f937a4a6000 r--p 000e5000 08:02 41158788                   /usr/lib/x86_64-linux-gnu/libstdc++.so.6.0.19
7f937a4a6000-7f937a4a8000 rw-p 000ed000 08:02 41158788                   /usr/lib/x86_64-linux-gnu/libstdc++.so.6.0.19
7f937a4a8000-7f937a4bd000 rw-p 00000000 00:00 0 
7f937a4bd000-7f937afe2000 r-xp 00000000 08:02 42076805                   /usr/lib/jvm/java-7-openjdk-amd64/jre/lib/amd64/server/libjvm.so
7f937afe2000-7f937b1e2000 ---p 00b25000 08:02 42076805                   /usr/lib/jvm/java-7-openjdk-amd64/jre/lib/amd64/server/libjvm.so
7f937b1e2000-7f937b27c000 r--p 00b25000 08:02 42076805                   /usr/lib/jvm/java-7-openjdk-amd64/jre/lib/amd64/server/libjvm.so
7f937b27c000-7f937b29f000 rw-p 00bbf000 08:02 42076805                   /usr/lib/jvm/java-7-openjdk-amd64/jre/lib/amd64/server/libjvm.so
7f937b29f000-7f937b2ce000 rw-p 00000000 00:00 0 
7f937b2ce000-7f937b2e6000 r-xp 00000000 08:02 2101597                    /lib/x86_64-linux-gnu/libz.so.1.2.8
7f937b2e6000-7f937b4e5000 ---p 00018000 08:02 2101597                    /lib/x86_64-linux-gnu/libz.so.1.2.8
7f937b4e5000-7f937b4e6000 r--p 00017000 08:02 2101597                    /lib/x86_64-linux-gnu/libz.so.1.2.8
7f937b4e6000-7f937b4e7000 rw-p 00018000 08:02 2101597                    /lib/x86_64-linux-gnu/libz.so.1.2.8
7f937b4e7000-7f937b500000 r-xp 00000000 08:02 2098300                    /lib/x86_64-linux-gnu/libpthread-2.19.so
7f937b500000-7f937b6ff000 ---p 00019000 08:02 2098300                    /lib/x86_64-linux-gnu/libpthread-2.19.so
7f937b6ff000-7f937b700000 r--p 00018000 08:02 2098300                    /lib/x86_64-linux-gnu/libpthread-2.19.so
7f937b700000-7f937b701000 rw-p 00019000 08:02 2098300                    /lib/x86_64-linux-gnu/libpthread-2.19.so
7f937b701000-7f937b705000 rw-p 00000000 00:00 0 
7f937b705000-7f937b708000 r-xp 00000000 08:02 2098295                    /lib/x86_64-linux-gnu/libdl-2.19.so
7f937b708000-7f937b907000 ---p 00003000 08:02 2098295                    /lib/x86_64-linux-gnu/libdl-2.19.so
7f937b907000-7f937b908000 r--p 00002000 08:02 2098295                    /lib/x86_64-linux-gnu/libdl-2.19.so
7f937b908000-7f937b909000 rw-p 00003000 08:02 2098295                    /lib/x86_64-linux-gnu/libdl-2.19.so
7f937b909000-7f937bac3000 r-xp 00000000 08:02 2098308                    /lib/x86_64-linux-gnu/libc-2.19.so
7f937bac3000-7f937bcc3000 ---p 001ba000 08:02 2098308                    /lib/x86_64-linux-gnu/libc-2.19.so
7f937bcc3000-7f937bcc7000 r--p 001ba000 08:02 2098308                    /lib/x86_64-linux-gnu/libc-2.19.so
7f937bcc7000-7f937bcc9000 rw-p 001be000 08:02 2098308                    /lib/x86_64-linux-gnu/libc-2.19.so
7f937bcc9000-7f937bcce000 rw-p 00000000 00:00 0 
7f937bcce000-7f937bcdb000 r-xp 00000000 08:02 42076820                   /usr/lib/jvm/java-7-openjdk-amd64/jre/lib/amd64/jli/libjli.so
7f937bcdb000-7f937beda000 ---p 0000d000 08:02 42076820                   /usr/lib/jvm/java-7-openjdk-amd64/jre/lib/amd64/jli/libjli.so
7f937beda000-7f937bedb000 r--p 0000c000 08:02 42076820                   /usr/lib/jvm/java-7-openjdk-amd64/jre/lib/amd64/jli/libjli.so
7f937bedb000-7f937bedc000 rw-p 0000d000 08:02 42076820                   /usr/lib/jvm/java-7-openjdk-amd64/jre/lib/amd64/jli/libjli.so
7f937bedc000-7f937beff000 r-xp 00000000 08:02 2098301                    /lib/x86_64-linux-gnu/ld-2.19.so
7f937beff000-7f937bf01000 r--s 0000f000 08:02 43782744                   /usr/local/spark/jars/curator-client-2.6.0.jar
7f937bf01000-7f937bf03000 r--s 00006000 08:02 43782778                   /usr/local/spark/jars/commons-compiler-2.7.6.jar
7f937bf03000-7f937bf0d000 r--s 000a5000 08:02 43783292                   /usr/local/spark/jars/javassist-3.18.1-GA.jar
7f937bf0d000-7f937bf11000 r--s 0001e000 08:02 43783046                   /usr/local/spark/jars/breeze-macros_2.11-0.11.2.jar
7f937bf11000-7f937bf15000 r--s 00018000 08:02 43783022                   /usr/local/spark/jars/metrics-core-3.1.2.jar
7f937bf15000-7f937bf22000 rw-p 00000000 00:00 0 
7f937bf22000-7f937bfd5000 rw-p 00000000 00:00 0 
7f937bfd5000-7f937bfd8000 ---p 00000000 00:00 0 
7f937bfd8000-7f937c0db000 rw-p 00000000 00:00 0 
7f937c0db000-7f937c0dc000 r--s 0000a000 08:02 43782991                   /usr/local/spark/jars/apacheds-i18n-2.0.0-M15.jar
7f937c0dc000-7f937c0dd000 r--s 00004000 08:02 43782732                   /usr/local/spark/jars/opencsv-2.3.jar
7f937c0dd000-7f937c0de000 r--s 0000b000 08:02 43782982                   /usr/local/spark/jars/hadoop-mapreduce-client-shuffle-2.7.2.jar
7f937c0de000-7f937c0e0000 r--s 00012000 08:02 42210395                   /usr/lib/jvm/java-7-openjdk-amd64/jre/lib/ext/zipfs.jar
7f937c0e0000-7f937c0e4000 r--s 00085000 08:02 42210400                   /usr/lib/jvm/java-7-openjdk-amd64/jre/lib/ext/localedata.jar
7f937c0e4000-7f937c0e5000 r--s 00002000 08:02 42210393                   /usr/lib/jvm/java-7-openjdk-amd64/jre/lib/ext/dnsns.jar
7f937c0e5000-7f937c0e9000 r--s 0003c000 08:02 42210401                   /usr/lib/jvm/java-7-openjdk-amd64/jre/lib/ext/sunpkcs11.jar
7f937c0e9000-7f937c0ec000 r--s 0000f000 08:02 42210399                   /usr/lib/jvm/java-7-openjdk-amd64/jre/lib/ext/icedtea-sound.jar
7f937c0ec000-7f937c0ee000 r--s 00006000 08:02 41555068                   /usr/share/java/java-atk-wrapper.jar
7f937c0ee000-7f937c0f2000 r--s 00034000 08:02 42210398                   /usr/lib/jvm/java-7-openjdk-amd64/jre/lib/ext/sunjce_provider.jar
7f937c0f2000-7f937c0fa000 rw-s 00000000 08:02 48498154                   /tmp/hsperfdata_master/4972
7f937c0fa000-7f937c0fb000 rw-p 00000000 00:00 0 
7f937c0fb000-7f937c0fc000 ---p 00000000 00:00 0 
7f937c0fc000-7f937c0fe000 rw-p 00000000 00:00 0 
7f937c0fe000-7f937c0ff000 r--p 00022000 08:02 2098301                    /lib/x86_64-linux-gnu/ld-2.19.so
7f937c0ff000-7f937c100000 rw-p 00023000 08:02 2098301                    /lib/x86_64-linux-gnu/ld-2.19.so
7f937c100000-7f937c101000 rw-p 00000000 00:00 0 
7ffdd808f000-7ffdd80b1000 rw-p 00000000 00:00 0                          [stack]
7ffdd8186000-7ffdd8188000 r--p 00000000 00:00 0                          [vvar]
7ffdd8188000-7ffdd818a000 r-xp 00000000 00:00 0                          [vdso]
ffffffffff600000-ffffffffff601000 r-xp 00000000 00:00 0                  [vsyscall]

VM Arguments:
jvm_args: -Xmx4g -XX:MaxPermSize=256m 
java_command: org.apache.spark.deploy.SparkSubmit pyspark-shell
Launcher Type: SUN_STANDARD

Environment Variables:
JAVA_HOME=/usr/lib/jvm/java-7-openjdk-amd64
CLASSPATH=:/usr/local/hive/lib/*:.:/usr/local/derby/lib/derby.jar:/usr/local/derby/lib/derbytools.jar:/home/master/Descargas/tika-app-1.12.jar
PATH=/home/master/.linuxbrew/bin:/usr/local/sbin:/usr/local/bin:/usr/sbin:/usr/bin:/sbin:/bin:/usr/games:/usr/local/games:/usr/local/hadoop/bin:/usr/local/hadoop/sbin:/usr/local/hive/bin:/usr/local/derby/bin
SHELL=/bin/bash
DISPLAY=:0

Signal Handlers:
SIGSEGV: [libjvm.so+0x9561e0], sa_mask[0]=0x7ffbfeff, sa_flags=0x10000004
SIGBUS: [libjvm.so+0x9561e0], sa_mask[0]=0x7ffbfeff, sa_flags=0x10000004
SIGFPE: [libjvm.so+0x7cc4d0], sa_mask[0]=0x7ffbfeff, sa_flags=0x10000004
SIGPIPE: [libjvm.so+0x7cc4d0], sa_mask[0]=0x7ffbfeff, sa_flags=0x10000004
SIGXFSZ: [libjvm.so+0x7cc4d0], sa_mask[0]=0x7ffbfeff, sa_flags=0x10000004
SIGILL: [libjvm.so+0x7cc4d0], sa_mask[0]=0x7ffbfeff, sa_flags=0x10000004
SIGUSR1: SIG_DFL, sa_mask[0]=0x00000000, sa_flags=0x00000000
SIGUSR2: [libjvm.so+0x7cc370], sa_mask[0]=0x00000000, sa_flags=0x10000004
SIGHUP: [libjvm.so+0x7cc550], sa_mask[0]=0x7ffbfeff, sa_flags=0x10000004
SIGINT: SIG_IGN, sa_mask[0]=0x00000000, sa_flags=0x00000000
SIGTERM: [libjvm.so+0x7cc550], sa_mask[0]=0x7ffbfeff, sa_flags=0x10000004
SIGQUIT: [libjvm.so+0x7cc550], sa_mask[0]=0x7ffbfeff, sa_flags=0x10000004
SIGTRAP: SIG_DFL, sa_mask[0]=0x00000000, sa_flags=0x00000000


---------------  S Y S T E M  ---------------

OS:Ubuntu 14.04 (trusty)
uname:Linux 4.2.0-36-generic #42~14.04.1-Ubuntu SMP Fri May 13 17:27:22 UTC 2016 x86_64
libc:glibc 2.19 NPTL 2.19 
rlimit: STACK 8192k, CORE 0k, NPROC 31435, NOFILE 4096, AS infinity
load average:20,93 12,86 7,85

/proc/meminfo:
MemTotal:        8069560 kB
MemFree:           52352 kB
MemAvailable:      66052 kB
Buffers:            1056 kB
Cached:            65256 kB
SwapCached:        15276 kB
Active:          6067324 kB
Inactive:        1701368 kB
Active(anon):    6059660 kB
Inactive(anon):  1692076 kB
Active(file):       7664 kB
Inactive(file):     9292 kB
Unevictable:          68 kB
Mlocked:              68 kB
SwapTotal:       2000892 kB
SwapFree:            112 kB
Dirty:               120 kB
Writeback:             0 kB
AnonPages:       7687676 kB
Mapped:            16100 kB
Shmem:             49288 kB
Slab:              70300 kB
SReclaimable:      33412 kB
SUnreclaim:        36888 kB
KernelStack:       12992 kB
PageTables:        55168 kB
NFS_Unstable:          0 kB
Bounce:                0 kB
WritebackTmp:          0 kB
CommitLimit:     6035672 kB
Committed_AS:   14327256 kB
VmallocTotal:   34359738367 kB
VmallocUsed:      552540 kB
VmallocChunk:   34358423548 kB
HardwareCorrupted:     0 kB
AnonHugePages:   3657728 kB
CmaTotal:              0 kB
CmaFree:               0 kB
HugePages_Total:       0
HugePages_Free:        0
HugePages_Rsvd:        0
HugePages_Surp:        0
Hugepagesize:       2048 kB
DirectMap4k:      117504 kB
DirectMap2M:     2922496 kB
DirectMap1G:     6291456 kB


CPU:total 4 (2 cores per cpu, 2 threads per core) family 6 model 69 stepping 1, cmov, cx8, fxsr, mmx, sse, sse2, sse3, ssse3, sse4.1, sse4.2, popcnt, avx, avx2, aes, erms, ht, tsc, tscinvbit

/proc/cpuinfo:
processor	: 0
vendor_id	: GenuineIntel
cpu family	: 6
model		: 69
model name	: Intel(R) Core(TM) i5-4210U CPU @ 1.70GHz
stepping	: 1
microcode	: 0x17
cpu MHz		: 799.968
cache size	: 3072 KB
physical id	: 0
siblings	: 4
core id		: 0
cpu cores	: 2
apicid		: 0
initial apicid	: 0
fpu		: yes
fpu_exception	: yes
cpuid level	: 13
wp		: yes
flags		: fpu vme de pse tsc msr pae mce cx8 apic sep mtrr pge mca cmov pat pse36 clflush dts acpi mmx fxsr sse sse2 ss ht tm pbe syscall nx pdpe1gb rdtscp lm constant_tsc arch_perfmon pebs bts rep_good nopl xtopology nonstop_tsc aperfmperf eagerfpu pni pclmulqdq dtes64 monitor ds_cpl vmx est tm2 ssse3 fma cx16 xtpr pdcm pcid sse4_1 sse4_2 movbe popcnt tsc_deadline_timer aes xsave avx f16c rdrand lahf_lm abm ida arat epb pln pts dtherm tpr_shadow vnmi flexpriority ept vpid fsgsbase tsc_adjust bmi1 avx2 smep bmi2 erms invpcid xsaveopt
bugs		:
bogomips	: 4788.62
clflush size	: 64
cache_alignment	: 64
address sizes	: 39 bits physical, 48 bits virtual
power management:

processor	: 1
vendor_id	: GenuineIntel
cpu family	: 6
model		: 69
model name	: Intel(R) Core(TM) i5-4210U CPU @ 1.70GHz
stepping	: 1
microcode	: 0x17
cpu MHz		: 799.968
cache size	: 3072 KB
physical id	: 0
siblings	: 4
core id		: 0
cpu cores	: 2
apicid		: 1
initial apicid	: 1
fpu		: yes
fpu_exception	: yes
cpuid level	: 13
wp		: yes
flags		: fpu vme de pse tsc msr pae mce cx8 apic sep mtrr pge mca cmov pat pse36 clflush dts acpi mmx fxsr sse sse2 ss ht tm pbe syscall nx pdpe1gb rdtscp lm constant_tsc arch_perfmon pebs bts rep_good nopl xtopology nonstop_tsc aperfmperf eagerfpu pni pclmulqdq dtes64 monitor ds_cpl vmx est tm2 ssse3 fma cx16 xtpr pdcm pcid sse4_1 sse4_2 movbe popcnt tsc_deadline_timer aes xsave avx f16c rdrand lahf_lm abm ida arat epb pln pts dtherm tpr_shadow vnmi flexpriority ept vpid fsgsbase tsc_adjust bmi1 avx2 smep bmi2 erms invpcid xsaveopt
bugs		:
bogomips	: 4788.62
clflush size	: 64
cache_alignment	: 64
address sizes	: 39 bits physical, 48 bits virtual
power management:

processor	: 2
vendor_id	: GenuineIntel
cpu family	: 6
model		: 69
model name	: Intel(R) Core(TM) i5-4210U CPU @ 1.70GHz
stepping	: 1
microcode	: 0x17
cpu MHz		: 799.968
cache size	: 3072 KB
physical id	: 0
siblings	: 4
core id		: 1
cpu cores	: 2
apicid		: 2
initial apicid	: 2
fpu		: yes
fpu_exception	: yes
cpuid level	: 13
wp		: yes
flags		: fpu vme de pse tsc msr pae mce cx8 apic sep mtrr pge mca cmov pat pse36 clflush dts acpi mmx fxsr sse sse2 ss ht tm pbe syscall nx pdpe1gb rdtscp lm constant_tsc arch_perfmon pebs bts rep_good nopl xtopology nonstop_tsc aperfmperf eagerfpu pni pclmulqdq dtes64 monitor ds_cpl vmx est tm2 ssse3 fma cx16 xtpr pdcm pcid sse4_1 sse4_2 movbe popcnt tsc_deadline_timer aes xsave avx f16c rdrand lahf_lm abm ida arat epb pln pts dtherm tpr_shadow vnmi flexpriority ept vpid fsgsbase tsc_adjust bmi1 avx2 smep bmi2 erms invpcid xsaveopt
bugs		:
bogomips	: 4788.62
clflush size	: 64
cache_alignment	: 64
address sizes	: 39 bits physical, 48 bits virtual
power management:

processor	: 3
vendor_id	: GenuineIntel
cpu family	: 6
model		: 69
model name	: Intel(R) Core(TM) i5-4210U CPU @ 1.70GHz
stepping	: 1
microcode	: 0x17
cpu MHz		: 800.062
cache size	: 3072 KB
physical id	: 0
siblings	: 4
core id		: 1
cpu cores	: 2
apicid		: 3
initial apicid	: 3
fpu		: yes
fpu_exception	: yes
cpuid level	: 13
wp		: yes
flags		: fpu vme de pse tsc msr pae mce cx8 apic sep mtrr pge mca cmov pat pse36 clflush dts acpi mmx fxsr sse sse2 ss ht tm pbe syscall nx pdpe1gb rdtscp lm constant_tsc arch_perfmon pebs bts rep_good nopl xtopology nonstop_tsc aperfmperf eagerfpu pni pclmulqdq dtes64 monitor ds_cpl vmx est tm2 ssse3 fma cx16 xtpr pdcm pcid sse4_1 sse4_2 movbe popcnt tsc_deadline_timer aes xsave avx f16c rdrand lahf_lm abm ida arat epb pln pts dtherm tpr_shadow vnmi flexpriority ept vpid fsgsbase tsc_adjust bmi1 avx2 smep bmi2 erms invpcid xsaveopt
bugs		:
bogomips	: 4788.62
clflush size	: 64
cache_alignment	: 64
address sizes	: 39 bits physical, 48 bits virtual
power management:



Memory: 4k page, physical 8069560k(52848k free), swap 2000892k(4k free)

vm_info: OpenJDK 64-Bit Server VM (24.95-b01) for linux-amd64 JRE (1.7.0_101-b00), built on Apr 24 2016 20:39:29 by "buildd" with gcc 4.8.2

time: Tue Nov 15 21:30:37 2016
elapsed time: 964 seconds

